2023-11-05T03:39:40+00:00 CRITICAL Uncaught Error: Call to undefined method App\Classes\Router::group() in /var/www/html/wp-content/themes/my-theme/routes.php:14
Stack trace:
#0 /var/www/html/wp-includes/class-wp-hook.php(308): {closure}(Object(WP_REST_Server))
#1 /var/www/html/wp-includes/class-wp-hook.php(332): WP_Hook->apply_filters(NULL, Array)
#2 /var/www/html/wp-includes/plugin.php(517): WP_Hook->do_action(Array)
#3 /var/www/html/wp-includes/rest-api.php(577): do_action('rest_api_init', Object(WP_REST_Server))
#4 /var/www/html/wp-includes/rest-api.php(403): rest_get_server()
#5 /var/www/html/wp-includes/class-wp-hook.php(308): rest_api_loaded(Object(WP))
#6 /var/www/html/wp-includes/class-wp-hook.php(332): WP_Hook->apply_filters(NULL, Array)
#7 /var/www/html/wp-includes/plugin.php(565): WP_Hook->do_action(Array)
#8 /var/www/html/wp-includes/class-wp.php(399): do_action_ref_array('parse_request', Array)
#9 /var/www/html/wp-includes/class-wp.php(780): WP->parse_request('')
#10 /var/www/html/wp-includes/functions.php(1334): WP->main('')
#11 /var/www/html/wp-blog-header.php(16): wp()
#12 /var/www/html/index.php(17): require('/var/www/html/w...')
#13 {main}
  thrown in /var/www/html/wp-content/themes/my-theme/routes.php on line 14

2023-11-05T03:39:41+00:00 CRITICAL Uncaught Error: Call to undefined method App\Classes\Router::group() in /var/www/html/wp-content/themes/my-theme/routes.php:14
Stack trace:
#0 /var/www/html/wp-includes/class-wp-hook.php(308): {closure}(Object(WP_REST_Server))
#1 /var/www/html/wp-includes/class-wp-hook.php(332): WP_Hook->apply_filters(NULL, Array)
#2 /var/www/html/wp-includes/plugin.php(517): WP_Hook->do_action(Array)
#3 /var/www/html/wp-includes/rest-api.php(577): do_action('rest_api_init', Object(WP_REST_Server))
#4 /var/www/html/wp-includes/rest-api.php(403): rest_get_server()
#5 /var/www/html/wp-includes/class-wp-hook.php(308): rest_api_loaded(Object(WP))
#6 /var/www/html/wp-includes/class-wp-hook.php(332): WP_Hook->apply_filters(NULL, Array)
#7 /var/www/html/wp-includes/plugin.php(565): WP_Hook->do_action(Array)
#8 /var/www/html/wp-includes/class-wp.php(399): do_action_ref_array('parse_request', Array)
#9 /var/www/html/wp-includes/class-wp.php(780): WP->parse_request('')
#10 /var/www/html/wp-includes/functions.php(1334): WP->main('')
#11 /var/www/html/wp-blog-header.php(16): wp()
#12 /var/www/html/index.php(17): require('/var/www/html/w...')
#13 {main}
  thrown in /var/www/html/wp-content/themes/my-theme/routes.php on line 14

2023-11-05T03:39:54+00:00 CRITICAL Uncaught ArgumentCountError: Too few arguments to function App\Classes\Router::post(), 2 passed in /var/www/html/wp-content/themes/my-theme/routes.php on line 13 and at least 3 expected in /var/www/html/wp-content/themes/my-theme/Classes/Router.php:15
Stack trace:
#0 /var/www/html/wp-content/themes/my-theme/routes.php(13): App\Classes\Router::post('/payments', 'PaymentControll...')
#1 /var/www/html/wp-includes/class-wp-hook.php(308): {closure}(Object(WP_REST_Server))
#2 /var/www/html/wp-includes/class-wp-hook.php(332): WP_Hook->apply_filters(NULL, Array)
#3 /var/www/html/wp-includes/plugin.php(517): WP_Hook->do_action(Array)
#4 /var/www/html/wp-includes/rest-api.php(577): do_action('rest_api_init', Object(WP_REST_Server))
#5 /var/www/html/wp-includes/rest-api.php(403): rest_get_server()
#6 /var/www/html/wp-includes/class-wp-hook.php(308): rest_api_loaded(Object(WP))
#7 /var/www/html/wp-includes/class-wp-hook.php(332): WP_Hook->apply_filters(NULL, Array)
#8 /var/www/html/wp-includes/plugin.php(565): WP_Hook->do_action(Array)
#9 /var/www/html/wp-includes/class-wp.php(399): do_action_ref_array('parse_request', Array)
#10 /var/www/html/wp-includes/class-wp.php(780): WP->parse_request('')
#11 /var/www/html/wp-includes/functions.php(1334): WP->main('')
#12 /var/www/html/wp-blog-header.php(16): wp()
#13 /var/www/html/index.php(17): require('/var/www/html/w...')
#14 {main}
  thrown in /var/www/html/wp-content/themes/my-theme/Classes/Router.php on line 15

2023-11-05T03:39:55+00:00 CRITICAL Uncaught ArgumentCountError: Too few arguments to function App\Classes\Router::post(), 2 passed in /var/www/html/wp-content/themes/my-theme/routes.php on line 13 and at least 3 expected in /var/www/html/wp-content/themes/my-theme/Classes/Router.php:15
Stack trace:
#0 /var/www/html/wp-content/themes/my-theme/routes.php(13): App\Classes\Router::post('/payments', 'PaymentControll...')
#1 /var/www/html/wp-includes/class-wp-hook.php(308): {closure}(Object(WP_REST_Server))
#2 /var/www/html/wp-includes/class-wp-hook.php(332): WP_Hook->apply_filters(NULL, Array)
#3 /var/www/html/wp-includes/plugin.php(517): WP_Hook->do_action(Array)
#4 /var/www/html/wp-includes/rest-api.php(577): do_action('rest_api_init', Object(WP_REST_Server))
#5 /var/www/html/wp-includes/rest-api.php(403): rest_get_server()
#6 /var/www/html/wp-includes/class-wp-hook.php(308): rest_api_loaded(Object(WP))
#7 /var/www/html/wp-includes/class-wp-hook.php(332): WP_Hook->apply_filters(NULL, Array)
#8 /var/www/html/wp-includes/plugin.php(565): WP_Hook->do_action(Array)
#9 /var/www/html/wp-includes/class-wp.php(399): do_action_ref_array('parse_request', Array)
#10 /var/www/html/wp-includes/class-wp.php(780): WP->parse_request('')
#11 /var/www/html/wp-includes/functions.php(1334): WP->main('')
#12 /var/www/html/wp-blog-header.php(16): wp()
#13 /var/www/html/index.php(17): require('/var/www/html/w...')
#14 {main}
  thrown in /var/www/html/wp-content/themes/my-theme/Classes/Router.php on line 15

2023-11-05T03:39:55+00:00 CRITICAL Uncaught ArgumentCountError: Too few arguments to function App\Classes\Router::post(), 2 passed in /var/www/html/wp-content/themes/my-theme/routes.php on line 13 and at least 3 expected in /var/www/html/wp-content/themes/my-theme/Classes/Router.php:15
Stack trace:
#0 /var/www/html/wp-content/themes/my-theme/routes.php(13): App\Classes\Router::post('/payments', 'PaymentControll...')
#1 /var/www/html/wp-includes/class-wp-hook.php(308): {closure}(Object(WP_REST_Server))
#2 /var/www/html/wp-includes/class-wp-hook.php(332): WP_Hook->apply_filters(NULL, Array)
#3 /var/www/html/wp-includes/plugin.php(517): WP_Hook->do_action(Array)
#4 /var/www/html/wp-includes/rest-api.php(577): do_action('rest_api_init', Object(WP_REST_Server))
#5 /var/www/html/wp-includes/rest-api.php(403): rest_get_server()
#6 /var/www/html/wp-includes/class-wp-hook.php(308): rest_api_loaded(Object(WP))
#7 /var/www/html/wp-includes/class-wp-hook.php(332): WP_Hook->apply_filters(NULL, Array)
#8 /var/www/html/wp-includes/plugin.php(565): WP_Hook->do_action(Array)
#9 /var/www/html/wp-includes/class-wp.php(399): do_action_ref_array('parse_request', Array)
#10 /var/www/html/wp-includes/class-wp.php(780): WP->parse_request('')
#11 /var/www/html/wp-includes/functions.php(1334): WP->main('')
#12 /var/www/html/wp-blog-header.php(16): wp()
#13 /var/www/html/index.php(17): require('/var/www/html/w...')
#14 {main}
  thrown in /var/www/html/wp-content/themes/my-theme/Classes/Router.php on line 15

2023-11-05T03:39:56+00:00 CRITICAL Uncaught ArgumentCountError: Too few arguments to function App\Classes\Router::post(), 2 passed in /var/www/html/wp-content/themes/my-theme/routes.php on line 13 and at least 3 expected in /var/www/html/wp-content/themes/my-theme/Classes/Router.php:15
Stack trace:
#0 /var/www/html/wp-content/themes/my-theme/routes.php(13): App\Classes\Router::post('/payments', 'PaymentControll...')
#1 /var/www/html/wp-includes/class-wp-hook.php(308): {closure}(Object(WP_REST_Server))
#2 /var/www/html/wp-includes/class-wp-hook.php(332): WP_Hook->apply_filters(NULL, Array)
#3 /var/www/html/wp-includes/plugin.php(517): WP_Hook->do_action(Array)
#4 /var/www/html/wp-includes/rest-api.php(577): do_action('rest_api_init', Object(WP_REST_Server))
#5 /var/www/html/wp-includes/rest-api.php(403): rest_get_server()
#6 /var/www/html/wp-includes/class-wp-hook.php(308): rest_api_loaded(Object(WP))
#7 /var/www/html/wp-includes/class-wp-hook.php(332): WP_Hook->apply_filters(NULL, Array)
#8 /var/www/html/wp-includes/plugin.php(565): WP_Hook->do_action(Array)
#9 /var/www/html/wp-includes/class-wp.php(399): do_action_ref_array('parse_request', Array)
#10 /var/www/html/wp-includes/class-wp.php(780): WP->parse_request('')
#11 /var/www/html/wp-includes/functions.php(1334): WP->main('')
#12 /var/www/html/wp-blog-header.php(16): wp()
#13 /var/www/html/index.php(17): require('/var/www/html/w...')
#14 {main}
  thrown in /var/www/html/wp-content/themes/my-theme/Classes/Router.php on line 15

2023-11-05T03:40:24+00:00 CRITICAL Uncaught ArgumentCountError: Too few arguments to function App\Classes\Router::post(), 2 passed in /var/www/html/wp-content/themes/my-theme/routes.php on line 13 and at least 3 expected in /var/www/html/wp-content/themes/my-theme/Classes/Router.php:15
Stack trace:
#0 /var/www/html/wp-content/themes/my-theme/routes.php(13): App\Classes\Router::post('/payments', 'PaymentControll...')
#1 /var/www/html/wp-includes/class-wp-hook.php(308): {closure}(Object(WP_REST_Server))
#2 /var/www/html/wp-includes/class-wp-hook.php(332): WP_Hook->apply_filters(NULL, Array)
#3 /var/www/html/wp-includes/plugin.php(517): WP_Hook->do_action(Array)
#4 /var/www/html/wp-includes/rest-api.php(577): do_action('rest_api_init', Object(WP_REST_Server))
#5 /var/www/html/wp-includes/rest-api.php(403): rest_get_server()
#6 /var/www/html/wp-includes/class-wp-hook.php(308): rest_api_loaded(Object(WP))
#7 /var/www/html/wp-includes/class-wp-hook.php(332): WP_Hook->apply_filters(NULL, Array)
#8 /var/www/html/wp-includes/plugin.php(565): WP_Hook->do_action(Array)
#9 /var/www/html/wp-includes/class-wp.php(399): do_action_ref_array('parse_request', Array)
#10 /var/www/html/wp-includes/class-wp.php(780): WP->parse_request('')
#11 /var/www/html/wp-includes/functions.php(1334): WP->main('')
#12 /var/www/html/wp-blog-header.php(16): wp()
#13 /var/www/html/index.php(17): require('/var/www/html/w...')
#14 {main}
  thrown in /var/www/html/wp-content/themes/my-theme/Classes/Router.php on line 15

2023-11-05T03:40:25+00:00 CRITICAL Uncaught ArgumentCountError: Too few arguments to function App\Classes\Router::post(), 2 passed in /var/www/html/wp-content/themes/my-theme/routes.php on line 13 and at least 3 expected in /var/www/html/wp-content/themes/my-theme/Classes/Router.php:15
Stack trace:
#0 /var/www/html/wp-content/themes/my-theme/routes.php(13): App\Classes\Router::post('/payments', 'PaymentControll...')
#1 /var/www/html/wp-includes/class-wp-hook.php(308): {closure}(Object(WP_REST_Server))
#2 /var/www/html/wp-includes/class-wp-hook.php(332): WP_Hook->apply_filters(NULL, Array)
#3 /var/www/html/wp-includes/plugin.php(517): WP_Hook->do_action(Array)
#4 /var/www/html/wp-includes/rest-api.php(577): do_action('rest_api_init', Object(WP_REST_Server))
#5 /var/www/html/wp-includes/rest-api.php(403): rest_get_server()
#6 /var/www/html/wp-includes/class-wp-hook.php(308): rest_api_loaded(Object(WP))
#7 /var/www/html/wp-includes/class-wp-hook.php(332): WP_Hook->apply_filters(NULL, Array)
#8 /var/www/html/wp-includes/plugin.php(565): WP_Hook->do_action(Array)
#9 /var/www/html/wp-includes/class-wp.php(399): do_action_ref_array('parse_request', Array)
#10 /var/www/html/wp-includes/class-wp.php(780): WP->parse_request('')
#11 /var/www/html/wp-includes/functions.php(1334): WP->main('')
#12 /var/www/html/wp-blog-header.php(16): wp()
#13 /var/www/html/index.php(17): require('/var/www/html/w...')
#14 {main}
  thrown in /var/www/html/wp-content/themes/my-theme/Classes/Router.php on line 15

2023-11-05T03:45:27+00:00 CRITICAL Uncaught TypeError: call_user_func(): Argument #1 ($callback) must be a valid callback, function "PaymentMiddleware" not found or invalid function name in /var/www/html/wp-includes/rest-api/class-wp-rest-server.php:1154
Stack trace:
#0 /var/www/html/wp-includes/rest-api/class-wp-rest-server.php(1034): WP_REST_Server->respond_to_request(Object(WP_REST_Request), '/wp/v2/payments', Array, NULL)
#1 /var/www/html/wp-includes/rest-api/class-wp-rest-server.php(426): WP_REST_Server->dispatch(Object(WP_REST_Request))
#2 /var/www/html/wp-includes/rest-api.php(410): WP_REST_Server->serve_request('/wp/v2/payments')
#3 /var/www/html/wp-includes/class-wp-hook.php(308): rest_api_loaded(Object(WP))
#4 /var/www/html/wp-includes/class-wp-hook.php(332): WP_Hook->apply_filters(NULL, Array)
#5 /var/www/html/wp-includes/plugin.php(565): WP_Hook->do_action(Array)
#6 /var/www/html/wp-includes/class-wp.php(399): do_action_ref_array('parse_request', Array)
#7 /var/www/html/wp-includes/class-wp.php(780): WP->parse_request('')
#8 /var/www/html/wp-includes/functions.php(1334): WP->main('')
#9 /var/www/html/wp-blog-header.php(16): wp()
#10 /var/www/html/index.php(17): require('/var/www/html/w...')
#11 {main}
  thrown in /var/www/html/wp-includes/rest-api/class-wp-rest-server.php on line 1154

2023-11-05T03:47:04+00:00 CRITICAL Uncaught TypeError: call_user_func(): Argument #1 ($callback) must be a valid callback, function "PaymentMiddleware" not found or invalid function name in /var/www/html/wp-includes/rest-api/class-wp-rest-server.php:1154
Stack trace:
#0 /var/www/html/wp-includes/rest-api/class-wp-rest-server.php(1034): WP_REST_Server->respond_to_request(Object(WP_REST_Request), '/wp/v2/payments', Array, NULL)
#1 /var/www/html/wp-includes/rest-api/class-wp-rest-server.php(426): WP_REST_Server->dispatch(Object(WP_REST_Request))
#2 /var/www/html/wp-includes/rest-api.php(410): WP_REST_Server->serve_request('/wp/v2/payments')
#3 /var/www/html/wp-includes/class-wp-hook.php(308): rest_api_loaded(Object(WP))
#4 /var/www/html/wp-includes/class-wp-hook.php(332): WP_Hook->apply_filters(NULL, Array)
#5 /var/www/html/wp-includes/plugin.php(565): WP_Hook->do_action(Array)
#6 /var/www/html/wp-includes/class-wp.php(399): do_action_ref_array('parse_request', Array)
#7 /var/www/html/wp-includes/class-wp.php(780): WP->parse_request('')
#8 /var/www/html/wp-includes/functions.php(1334): WP->main('')
#9 /var/www/html/wp-blog-header.php(16): wp()
#10 /var/www/html/index.php(17): require('/var/www/html/w...')
#11 {main}
  thrown in /var/www/html/wp-includes/rest-api/class-wp-rest-server.php on line 1154

2023-11-05T03:53:03+00:00 CRITICAL Uncaught Error: Class "App\Controllers\WP_REST_Response" not found in /var/www/html/wp-content/themes/my-theme/Controllers/PaymentController.php:13
Stack trace:
#0 /var/www/html/wp-includes/rest-api/class-wp-rest-server.php(1187): App\Controllers\PaymentController->createPayment(Object(WP_REST_Request))
#1 /var/www/html/wp-includes/rest-api/class-wp-rest-server.php(1034): WP_REST_Server->respond_to_request(Object(WP_REST_Request), '/wp/v2/payments', Array, NULL)
#2 /var/www/html/wp-includes/rest-api/class-wp-rest-server.php(426): WP_REST_Server->dispatch(Object(WP_REST_Request))
#3 /var/www/html/wp-includes/rest-api.php(410): WP_REST_Server->serve_request('/wp/v2/payments')
#4 /var/www/html/wp-includes/class-wp-hook.php(308): rest_api_loaded(Object(WP))
#5 /var/www/html/wp-includes/class-wp-hook.php(332): WP_Hook->apply_filters(NULL, Array)
#6 /var/www/html/wp-includes/plugin.php(565): WP_Hook->do_action(Array)
#7 /var/www/html/wp-includes/class-wp.php(399): do_action_ref_array('parse_request', Array)
#8 /var/www/html/wp-includes/class-wp.php(780): WP->parse_request('')
#9 /var/www/html/wp-includes/functions.php(1334): WP->main('')
#10 /var/www/html/wp-blog-header.php(16): wp()
#11 /var/www/html/index.php(17): require('/var/www/html/w...')
#12 {main}
  thrown in /var/www/html/wp-content/themes/my-theme/Controllers/PaymentController.php on line 13

2023-11-05T03:53:48+00:00 CRITICAL Uncaught Error: Class "App\Controllers\WP_REST_Response" not found in /var/www/html/wp-content/themes/my-theme/Controllers/PaymentController.php:13
Stack trace:
#0 /var/www/html/wp-includes/rest-api/class-wp-rest-server.php(1187): App\Controllers\PaymentController->createPayment(Object(WP_REST_Request))
#1 /var/www/html/wp-includes/rest-api/class-wp-rest-server.php(1034): WP_REST_Server->respond_to_request(Object(WP_REST_Request), '/wp/v2/payments', Array, NULL)
#2 /var/www/html/wp-includes/rest-api/class-wp-rest-server.php(426): WP_REST_Server->dispatch(Object(WP_REST_Request))
#3 /var/www/html/wp-includes/rest-api.php(410): WP_REST_Server->serve_request('/wp/v2/payments')
#4 /var/www/html/wp-includes/class-wp-hook.php(308): rest_api_loaded(Object(WP))
#5 /var/www/html/wp-includes/class-wp-hook.php(332): WP_Hook->apply_filters(NULL, Array)
#6 /var/www/html/wp-includes/plugin.php(565): WP_Hook->do_action(Array)
#7 /var/www/html/wp-includes/class-wp.php(399): do_action_ref_array('parse_request', Array)
#8 /var/www/html/wp-includes/class-wp.php(780): WP->parse_request('')
#9 /var/www/html/wp-includes/functions.php(1334): WP->main('')
#10 /var/www/html/wp-blog-header.php(16): wp()
#11 /var/www/html/index.php(17): require('/var/www/html/w...')
#12 {main}
  thrown in /var/www/html/wp-content/themes/my-theme/Controllers/PaymentController.php on line 13

2023-11-05T03:55:02+00:00 CRITICAL Uncaught Error: Class "App\Controllers\WP_REST_Response" not found in /var/www/html/wp-content/themes/my-theme/Controllers/PaymentController.php:13
Stack trace:
#0 /var/www/html/wp-includes/rest-api/class-wp-rest-server.php(1187): App\Controllers\PaymentController->createPayment(Object(WP_REST_Request))
#1 /var/www/html/wp-includes/rest-api/class-wp-rest-server.php(1034): WP_REST_Server->respond_to_request(Object(WP_REST_Request), '/wp/v2/payments', Array, NULL)
#2 /var/www/html/wp-includes/rest-api/class-wp-rest-server.php(426): WP_REST_Server->dispatch(Object(WP_REST_Request))
#3 /var/www/html/wp-includes/rest-api.php(410): WP_REST_Server->serve_request('/wp/v2/payments')
#4 /var/www/html/wp-includes/class-wp-hook.php(308): rest_api_loaded(Object(WP))
#5 /var/www/html/wp-includes/class-wp-hook.php(332): WP_Hook->apply_filters(NULL, Array)
#6 /var/www/html/wp-includes/plugin.php(565): WP_Hook->do_action(Array)
#7 /var/www/html/wp-includes/class-wp.php(399): do_action_ref_array('parse_request', Array)
#8 /var/www/html/wp-includes/class-wp.php(780): WP->parse_request('')
#9 /var/www/html/wp-includes/functions.php(1334): WP->main('')
#10 /var/www/html/wp-blog-header.php(16): wp()
#11 /var/www/html/index.php(17): require('/var/www/html/w...')
#12 {main}
  thrown in /var/www/html/wp-content/themes/my-theme/Controllers/PaymentController.php on line 13

2023-11-05T03:56:14+00:00 CRITICAL Uncaught Error: Class "App\Controllers\WP_REST_Response" not found in /var/www/html/wp-content/themes/my-theme/Controllers/PaymentController.php:14
Stack trace:
#0 /var/www/html/wp-includes/rest-api/class-wp-rest-server.php(1187): App\Controllers\PaymentController->createPayment(Object(WP_REST_Request))
#1 /var/www/html/wp-includes/rest-api/class-wp-rest-server.php(1034): WP_REST_Server->respond_to_request(Object(WP_REST_Request), '/wp/v2/payments', Array, NULL)
#2 /var/www/html/wp-includes/rest-api/class-wp-rest-server.php(426): WP_REST_Server->dispatch(Object(WP_REST_Request))
#3 /var/www/html/wp-includes/rest-api.php(410): WP_REST_Server->serve_request('/wp/v2/payments')
#4 /var/www/html/wp-includes/class-wp-hook.php(308): rest_api_loaded(Object(WP))
#5 /var/www/html/wp-includes/class-wp-hook.php(332): WP_Hook->apply_filters(NULL, Array)
#6 /var/www/html/wp-includes/plugin.php(565): WP_Hook->do_action(Array)
#7 /var/www/html/wp-includes/class-wp.php(399): do_action_ref_array('parse_request', Array)
#8 /var/www/html/wp-includes/class-wp.php(780): WP->parse_request('')
#9 /var/www/html/wp-includes/functions.php(1334): WP->main('')
#10 /var/www/html/wp-blog-header.php(16): wp()
#11 /var/www/html/index.php(17): require('/var/www/html/w...')
#12 {main}
  thrown in /var/www/html/wp-content/themes/my-theme/Controllers/PaymentController.php on line 14

2023-11-05T03:56:47+00:00 CRITICAL Uncaught Error: Class "App\Controllers\PaymentController" not found in /var/www/html/wp-content/themes/my-theme/Classes/Router.php:40
Stack trace:
#0 /var/www/html/wp-content/themes/my-theme/Classes/Router.php(18): App\Classes\Router::addRoute('/payments', 'POST', 'PaymentControll...', 'HasCookieMiddle...')
#1 /var/www/html/wp-content/themes/my-theme/routes.php(13): App\Classes\Router::post('/payments', 'PaymentControll...', 'HasCookieMiddle...')
#2 /var/www/html/wp-includes/class-wp-hook.php(308): {closure}(Object(WP_REST_Server))
#3 /var/www/html/wp-includes/class-wp-hook.php(332): WP_Hook->apply_filters(NULL, Array)
#4 /var/www/html/wp-includes/plugin.php(517): WP_Hook->do_action(Array)
#5 /var/www/html/wp-includes/rest-api.php(577): do_action('rest_api_init', Object(WP_REST_Server))
#6 /var/www/html/wp-includes/rest-api.php(403): rest_get_server()
#7 /var/www/html/wp-includes/class-wp-hook.php(308): rest_api_loaded(Object(WP))
#8 /var/www/html/wp-includes/class-wp-hook.php(332): WP_Hook->apply_filters(NULL, Array)
#9 /var/www/html/wp-includes/plugin.php(565): WP_Hook->do_action(Array)
#10 /var/www/html/wp-includes/class-wp.php(399): do_action_ref_array('parse_request', Array)
#11 /var/www/html/wp-includes/class-wp.php(780): WP->parse_request('')
#12 /var/www/html/wp-includes/functions.php(1334): WP->main('')
#13 /var/www/html/wp-blog-header.php(16): wp()
#14 /var/www/html/index.php(17): require('/var/www/html/w...')
#15 {main}
  thrown in /var/www/html/wp-content/themes/my-theme/Classes/Router.php on line 40

2023-11-05T03:56:47+00:00 CRITICAL Uncaught Error: Class "App\Controllers\PaymentController" not found in /var/www/html/wp-content/themes/my-theme/Classes/Router.php:40
Stack trace:
#0 /var/www/html/wp-content/themes/my-theme/Classes/Router.php(18): App\Classes\Router::addRoute('/payments', 'POST', 'PaymentControll...', 'HasCookieMiddle...')
#1 /var/www/html/wp-content/themes/my-theme/routes.php(13): App\Classes\Router::post('/payments', 'PaymentControll...', 'HasCookieMiddle...')
#2 /var/www/html/wp-includes/class-wp-hook.php(308): {closure}(Object(WP_REST_Server))
#3 /var/www/html/wp-includes/class-wp-hook.php(332): WP_Hook->apply_filters(NULL, Array)
#4 /var/www/html/wp-includes/plugin.php(517): WP_Hook->do_action(Array)
#5 /var/www/html/wp-includes/rest-api.php(577): do_action('rest_api_init', Object(WP_REST_Server))
#6 /var/www/html/wp-includes/rest-api.php(403): rest_get_server()
#7 /var/www/html/wp-includes/class-wp-hook.php(308): rest_api_loaded(Object(WP))
#8 /var/www/html/wp-includes/class-wp-hook.php(332): WP_Hook->apply_filters(NULL, Array)
#9 /var/www/html/wp-includes/plugin.php(565): WP_Hook->do_action(Array)
#10 /var/www/html/wp-includes/class-wp.php(399): do_action_ref_array('parse_request', Array)
#11 /var/www/html/wp-includes/class-wp.php(780): WP->parse_request('')
#12 /var/www/html/wp-includes/functions.php(1334): WP->main('')
#13 /var/www/html/wp-blog-header.php(16): wp()
#14 /var/www/html/index.php(17): require('/var/www/html/w...')
#15 {main}
  thrown in /var/www/html/wp-content/themes/my-theme/Classes/Router.php on line 40

2023-11-05T03:56:47+00:00 CRITICAL Uncaught Error: Class "App\Controllers\PaymentController" not found in /var/www/html/wp-content/themes/my-theme/Classes/Router.php:40
Stack trace:
#0 /var/www/html/wp-content/themes/my-theme/Classes/Router.php(18): App\Classes\Router::addRoute('/payments', 'POST', 'PaymentControll...', 'HasCookieMiddle...')
#1 /var/www/html/wp-content/themes/my-theme/routes.php(13): App\Classes\Router::post('/payments', 'PaymentControll...', 'HasCookieMiddle...')
#2 /var/www/html/wp-includes/class-wp-hook.php(308): {closure}(Object(WP_REST_Server))
#3 /var/www/html/wp-includes/class-wp-hook.php(332): WP_Hook->apply_filters(NULL, Array)
#4 /var/www/html/wp-includes/plugin.php(517): WP_Hook->do_action(Array)
#5 /var/www/html/wp-includes/rest-api.php(577): do_action('rest_api_init', Object(WP_REST_Server))
#6 /var/www/html/wp-includes/rest-api.php(403): rest_get_server()
#7 /var/www/html/wp-includes/class-wp-hook.php(308): rest_api_loaded(Object(WP))
#8 /var/www/html/wp-includes/class-wp-hook.php(332): WP_Hook->apply_filters(NULL, Array)
#9 /var/www/html/wp-includes/plugin.php(565): WP_Hook->do_action(Array)
#10 /var/www/html/wp-includes/class-wp.php(399): do_action_ref_array('parse_request', Array)
#11 /var/www/html/wp-includes/class-wp.php(780): WP->parse_request('')
#12 /var/www/html/wp-includes/functions.php(1334): WP->main('')
#13 /var/www/html/wp-blog-header.php(16): wp()
#14 /var/www/html/index.php(17): require('/var/www/html/w...')
#15 {main}
  thrown in /var/www/html/wp-content/themes/my-theme/Classes/Router.php on line 40

2023-11-05T03:56:47+00:00 CRITICAL Uncaught Error: Class "App\Controllers\PaymentController" not found in /var/www/html/wp-content/themes/my-theme/Classes/Router.php:40
Stack trace:
#0 /var/www/html/wp-content/themes/my-theme/Classes/Router.php(18): App\Classes\Router::addRoute('/payments', 'POST', 'PaymentControll...', 'HasCookieMiddle...')
#1 /var/www/html/wp-content/themes/my-theme/routes.php(13): App\Classes\Router::post('/payments', 'PaymentControll...', 'HasCookieMiddle...')
#2 /var/www/html/wp-includes/class-wp-hook.php(308): {closure}(Object(WP_REST_Server))
#3 /var/www/html/wp-includes/class-wp-hook.php(332): WP_Hook->apply_filters(NULL, Array)
#4 /var/www/html/wp-includes/plugin.php(517): WP_Hook->do_action(Array)
#5 /var/www/html/wp-includes/rest-api.php(577): do_action('rest_api_init', Object(WP_REST_Server))
#6 /var/www/html/wp-includes/rest-api.php(403): rest_get_server()
#7 /var/www/html/wp-includes/class-wp-hook.php(308): rest_api_loaded(Object(WP))
#8 /var/www/html/wp-includes/class-wp-hook.php(332): WP_Hook->apply_filters(NULL, Array)
#9 /var/www/html/wp-includes/plugin.php(565): WP_Hook->do_action(Array)
#10 /var/www/html/wp-includes/class-wp.php(399): do_action_ref_array('parse_request', Array)
#11 /var/www/html/wp-includes/class-wp.php(780): WP->parse_request('')
#12 /var/www/html/wp-includes/functions.php(1334): WP->main('')
#13 /var/www/html/wp-blog-header.php(16): wp()
#14 /var/www/html/index.php(17): require('/var/www/html/w...')
#15 {main}
  thrown in /var/www/html/wp-content/themes/my-theme/Classes/Router.php on line 40

2023-11-05T03:56:47+00:00 CRITICAL Uncaught Error: Class "App\Controllers\PaymentController" not found in /var/www/html/wp-content/themes/my-theme/Classes/Router.php:40
Stack trace:
#0 /var/www/html/wp-content/themes/my-theme/Classes/Router.php(18): App\Classes\Router::addRoute('/payments', 'POST', 'PaymentControll...', 'HasCookieMiddle...')
#1 /var/www/html/wp-content/themes/my-theme/routes.php(13): App\Classes\Router::post('/payments', 'PaymentControll...', 'HasCookieMiddle...')
#2 /var/www/html/wp-includes/class-wp-hook.php(308): {closure}(Object(WP_REST_Server))
#3 /var/www/html/wp-includes/class-wp-hook.php(332): WP_Hook->apply_filters(NULL, Array)
#4 /var/www/html/wp-includes/plugin.php(517): WP_Hook->do_action(Array)
#5 /var/www/html/wp-includes/rest-api.php(577): do_action('rest_api_init', Object(WP_REST_Server))
#6 /var/www/html/wp-includes/rest-api.php(403): rest_get_server()
#7 /var/www/html/wp-includes/class-wp-hook.php(308): rest_api_loaded(Object(WP))
#8 /var/www/html/wp-includes/class-wp-hook.php(332): WP_Hook->apply_filters(NULL, Array)
#9 /var/www/html/wp-includes/plugin.php(565): WP_Hook->do_action(Array)
#10 /var/www/html/wp-includes/class-wp.php(399): do_action_ref_array('parse_request', Array)
#11 /var/www/html/wp-includes/class-wp.php(780): WP->parse_request('')
#12 /var/www/html/wp-includes/functions.php(1334): WP->main('')
#13 /var/www/html/wp-blog-header.php(16): wp()
#14 /var/www/html/index.php(17): require('/var/www/html/w...')
#15 {main}
  thrown in /var/www/html/wp-content/themes/my-theme/Classes/Router.php on line 40

2023-11-05T03:57:00+00:00 CRITICAL Uncaught Error: Class "App\Controllers\PaymentController" not found in /var/www/html/wp-content/themes/my-theme/Classes/Router.php:40
Stack trace:
#0 /var/www/html/wp-content/themes/my-theme/Classes/Router.php(18): App\Classes\Router::addRoute('/payments', 'POST', 'PaymentControll...', 'HasCookieMiddle...')
#1 /var/www/html/wp-content/themes/my-theme/routes.php(13): App\Classes\Router::post('/payments', 'PaymentControll...', 'HasCookieMiddle...')
#2 /var/www/html/wp-includes/class-wp-hook.php(308): {closure}(Object(WP_REST_Server))
#3 /var/www/html/wp-includes/class-wp-hook.php(332): WP_Hook->apply_filters(NULL, Array)
#4 /var/www/html/wp-includes/plugin.php(517): WP_Hook->do_action(Array)
#5 /var/www/html/wp-includes/rest-api.php(577): do_action('rest_api_init', Object(WP_REST_Server))
#6 /var/www/html/wp-includes/rest-api.php(403): rest_get_server()
#7 /var/www/html/wp-includes/class-wp-hook.php(308): rest_api_loaded(Object(WP))
#8 /var/www/html/wp-includes/class-wp-hook.php(332): WP_Hook->apply_filters(NULL, Array)
#9 /var/www/html/wp-includes/plugin.php(565): WP_Hook->do_action(Array)
#10 /var/www/html/wp-includes/class-wp.php(399): do_action_ref_array('parse_request', Array)
#11 /var/www/html/wp-includes/class-wp.php(780): WP->parse_request('')
#12 /var/www/html/wp-includes/functions.php(1334): WP->main('')
#13 /var/www/html/wp-blog-header.php(16): wp()
#14 /var/www/html/index.php(17): require('/var/www/html/w...')
#15 {main}
  thrown in /var/www/html/wp-content/themes/my-theme/Classes/Router.php on line 40

2023-11-05T03:57:00+00:00 CRITICAL Uncaught Error: Class "App\Controllers\PaymentController" not found in /var/www/html/wp-content/themes/my-theme/Classes/Router.php:40
Stack trace:
#0 /var/www/html/wp-content/themes/my-theme/Classes/Router.php(18): App\Classes\Router::addRoute('/payments', 'POST', 'PaymentControll...', 'HasCookieMiddle...')
#1 /var/www/html/wp-content/themes/my-theme/routes.php(13): App\Classes\Router::post('/payments', 'PaymentControll...', 'HasCookieMiddle...')
#2 /var/www/html/wp-includes/class-wp-hook.php(308): {closure}(Object(WP_REST_Server))
#3 /var/www/html/wp-includes/class-wp-hook.php(332): WP_Hook->apply_filters(NULL, Array)
#4 /var/www/html/wp-includes/plugin.php(517): WP_Hook->do_action(Array)
#5 /var/www/html/wp-includes/rest-api.php(577): do_action('rest_api_init', Object(WP_REST_Server))
#6 /var/www/html/wp-includes/rest-api.php(403): rest_get_server()
#7 /var/www/html/wp-includes/class-wp-hook.php(308): rest_api_loaded(Object(WP))
#8 /var/www/html/wp-includes/class-wp-hook.php(332): WP_Hook->apply_filters(NULL, Array)
#9 /var/www/html/wp-includes/plugin.php(565): WP_Hook->do_action(Array)
#10 /var/www/html/wp-includes/class-wp.php(399): do_action_ref_array('parse_request', Array)
#11 /var/www/html/wp-includes/class-wp.php(780): WP->parse_request('')
#12 /var/www/html/wp-includes/functions.php(1334): WP->main('')
#13 /var/www/html/wp-blog-header.php(16): wp()
#14 /var/www/html/index.php(17): require('/var/www/html/w...')
#15 {main}
  thrown in /var/www/html/wp-content/themes/my-theme/Classes/Router.php on line 40

2023-11-05T03:57:00+00:00 CRITICAL Uncaught Error: Class "App\Controllers\PaymentController" not found in /var/www/html/wp-content/themes/my-theme/Classes/Router.php:40
Stack trace:
#0 /var/www/html/wp-content/themes/my-theme/Classes/Router.php(18): App\Classes\Router::addRoute('/payments', 'POST', 'PaymentControll...', 'HasCookieMiddle...')
#1 /var/www/html/wp-content/themes/my-theme/routes.php(13): App\Classes\Router::post('/payments', 'PaymentControll...', 'HasCookieMiddle...')
#2 /var/www/html/wp-includes/class-wp-hook.php(308): {closure}(Object(WP_REST_Server))
#3 /var/www/html/wp-includes/class-wp-hook.php(332): WP_Hook->apply_filters(NULL, Array)
#4 /var/www/html/wp-includes/plugin.php(517): WP_Hook->do_action(Array)
#5 /var/www/html/wp-includes/rest-api.php(577): do_action('rest_api_init', Object(WP_REST_Server))
#6 /var/www/html/wp-includes/rest-api.php(403): rest_get_server()
#7 /var/www/html/wp-includes/class-wp-hook.php(308): rest_api_loaded(Object(WP))
#8 /var/www/html/wp-includes/class-wp-hook.php(332): WP_Hook->apply_filters(NULL, Array)
#9 /var/www/html/wp-includes/plugin.php(565): WP_Hook->do_action(Array)
#10 /var/www/html/wp-includes/class-wp.php(399): do_action_ref_array('parse_request', Array)
#11 /var/www/html/wp-includes/class-wp.php(780): WP->parse_request('')
#12 /var/www/html/wp-includes/functions.php(1334): WP->main('')
#13 /var/www/html/wp-blog-header.php(16): wp()
#14 /var/www/html/index.php(17): require('/var/www/html/w...')
#15 {main}
  thrown in /var/www/html/wp-content/themes/my-theme/Classes/Router.php on line 40

2023-11-05T03:57:00+00:00 CRITICAL Uncaught Error: Class "App\Controllers\PaymentController" not found in /var/www/html/wp-content/themes/my-theme/Classes/Router.php:40
Stack trace:
#0 /var/www/html/wp-content/themes/my-theme/Classes/Router.php(18): App\Classes\Router::addRoute('/payments', 'POST', 'PaymentControll...', 'HasCookieMiddle...')
#1 /var/www/html/wp-content/themes/my-theme/routes.php(13): App\Classes\Router::post('/payments', 'PaymentControll...', 'HasCookieMiddle...')
#2 /var/www/html/wp-includes/class-wp-hook.php(308): {closure}(Object(WP_REST_Server))
#3 /var/www/html/wp-includes/class-wp-hook.php(332): WP_Hook->apply_filters(NULL, Array)
#4 /var/www/html/wp-includes/plugin.php(517): WP_Hook->do_action(Array)
#5 /var/www/html/wp-includes/rest-api.php(577): do_action('rest_api_init', Object(WP_REST_Server))
#6 /var/www/html/wp-includes/rest-api.php(403): rest_get_server()
#7 /var/www/html/wp-includes/class-wp-hook.php(308): rest_api_loaded(Object(WP))
#8 /var/www/html/wp-includes/class-wp-hook.php(332): WP_Hook->apply_filters(NULL, Array)
#9 /var/www/html/wp-includes/plugin.php(565): WP_Hook->do_action(Array)
#10 /var/www/html/wp-includes/class-wp.php(399): do_action_ref_array('parse_request', Array)
#11 /var/www/html/wp-includes/class-wp.php(780): WP->parse_request('')
#12 /var/www/html/wp-includes/functions.php(1334): WP->main('')
#13 /var/www/html/wp-blog-header.php(16): wp()
#14 /var/www/html/index.php(17): require('/var/www/html/w...')
#15 {main}
  thrown in /var/www/html/wp-content/themes/my-theme/Classes/Router.php on line 40

2023-11-05T03:57:00+00:00 CRITICAL Uncaught Error: Class "App\Controllers\PaymentController" not found in /var/www/html/wp-content/themes/my-theme/Classes/Router.php:40
Stack trace:
#0 /var/www/html/wp-content/themes/my-theme/Classes/Router.php(18): App\Classes\Router::addRoute('/payments', 'POST', 'PaymentControll...', 'HasCookieMiddle...')
#1 /var/www/html/wp-content/themes/my-theme/routes.php(13): App\Classes\Router::post('/payments', 'PaymentControll...', 'HasCookieMiddle...')
#2 /var/www/html/wp-includes/class-wp-hook.php(308): {closure}(Object(WP_REST_Server))
#3 /var/www/html/wp-includes/class-wp-hook.php(332): WP_Hook->apply_filters(NULL, Array)
#4 /var/www/html/wp-includes/plugin.php(517): WP_Hook->do_action(Array)
#5 /var/www/html/wp-includes/rest-api.php(577): do_action('rest_api_init', Object(WP_REST_Server))
#6 /var/www/html/wp-includes/rest-api.php(403): rest_get_server()
#7 /var/www/html/wp-includes/class-wp-hook.php(308): rest_api_loaded(Object(WP))
#8 /var/www/html/wp-includes/class-wp-hook.php(332): WP_Hook->apply_filters(NULL, Array)
#9 /var/www/html/wp-includes/plugin.php(565): WP_Hook->do_action(Array)
#10 /var/www/html/wp-includes/class-wp.php(399): do_action_ref_array('parse_request', Array)
#11 /var/www/html/wp-includes/class-wp.php(780): WP->parse_request('')
#12 /var/www/html/wp-includes/functions.php(1334): WP->main('')
#13 /var/www/html/wp-blog-header.php(16): wp()
#14 /var/www/html/index.php(17): require('/var/www/html/w...')
#15 {main}
  thrown in /var/www/html/wp-content/themes/my-theme/Classes/Router.php on line 40

2023-11-05T03:57:42+00:00 CRITICAL Uncaught Error: Class "App\Controllers\PaymentController" not found in /var/www/html/wp-content/themes/my-theme/Classes/Router.php:40
Stack trace:
#0 /var/www/html/wp-content/themes/my-theme/Classes/Router.php(18): App\Classes\Router::addRoute('/payments', 'POST', 'PaymentControll...', 'HasCookieMiddle...')
#1 /var/www/html/wp-content/themes/my-theme/routes.php(13): App\Classes\Router::post('/payments', 'PaymentControll...', 'HasCookieMiddle...')
#2 /var/www/html/wp-includes/class-wp-hook.php(308): {closure}(Object(WP_REST_Server))
#3 /var/www/html/wp-includes/class-wp-hook.php(332): WP_Hook->apply_filters(NULL, Array)
#4 /var/www/html/wp-includes/plugin.php(517): WP_Hook->do_action(Array)
#5 /var/www/html/wp-includes/rest-api.php(577): do_action('rest_api_init', Object(WP_REST_Server))
#6 /var/www/html/wp-includes/rest-api.php(403): rest_get_server()
#7 /var/www/html/wp-includes/class-wp-hook.php(308): rest_api_loaded(Object(WP))
#8 /var/www/html/wp-includes/class-wp-hook.php(332): WP_Hook->apply_filters(NULL, Array)
#9 /var/www/html/wp-includes/plugin.php(565): WP_Hook->do_action(Array)
#10 /var/www/html/wp-includes/class-wp.php(399): do_action_ref_array('parse_request', Array)
#11 /var/www/html/wp-includes/class-wp.php(780): WP->parse_request('')
#12 /var/www/html/wp-includes/functions.php(1334): WP->main('')
#13 /var/www/html/wp-blog-header.php(16): wp()
#14 /var/www/html/index.php(17): require('/var/www/html/w...')
#15 {main}
  thrown in /var/www/html/wp-content/themes/my-theme/Classes/Router.php on line 40

2023-11-05T03:57:42+00:00 CRITICAL Uncaught Error: Class "App\Controllers\PaymentController" not found in /var/www/html/wp-content/themes/my-theme/Classes/Router.php:40
Stack trace:
#0 /var/www/html/wp-content/themes/my-theme/Classes/Router.php(18): App\Classes\Router::addRoute('/payments', 'POST', 'PaymentControll...', 'HasCookieMiddle...')
#1 /var/www/html/wp-content/themes/my-theme/routes.php(13): App\Classes\Router::post('/payments', 'PaymentControll...', 'HasCookieMiddle...')
#2 /var/www/html/wp-includes/class-wp-hook.php(308): {closure}(Object(WP_REST_Server))
#3 /var/www/html/wp-includes/class-wp-hook.php(332): WP_Hook->apply_filters(NULL, Array)
#4 /var/www/html/wp-includes/plugin.php(517): WP_Hook->do_action(Array)
#5 /var/www/html/wp-includes/rest-api.php(577): do_action('rest_api_init', Object(WP_REST_Server))
#6 /var/www/html/wp-includes/rest-api.php(403): rest_get_server()
#7 /var/www/html/wp-includes/class-wp-hook.php(308): rest_api_loaded(Object(WP))
#8 /var/www/html/wp-includes/class-wp-hook.php(332): WP_Hook->apply_filters(NULL, Array)
#9 /var/www/html/wp-includes/plugin.php(565): WP_Hook->do_action(Array)
#10 /var/www/html/wp-includes/class-wp.php(399): do_action_ref_array('parse_request', Array)
#11 /var/www/html/wp-includes/class-wp.php(780): WP->parse_request('')
#12 /var/www/html/wp-includes/functions.php(1334): WP->main('')
#13 /var/www/html/wp-blog-header.php(16): wp()
#14 /var/www/html/index.php(17): require('/var/www/html/w...')
#15 {main}
  thrown in /var/www/html/wp-content/themes/my-theme/Classes/Router.php on line 40

2023-11-05T03:57:42+00:00 CRITICAL Uncaught Error: Class "App\Controllers\PaymentController" not found in /var/www/html/wp-content/themes/my-theme/Classes/Router.php:40
Stack trace:
#0 /var/www/html/wp-content/themes/my-theme/Classes/Router.php(18): App\Classes\Router::addRoute('/payments', 'POST', 'PaymentControll...', 'HasCookieMiddle...')
#1 /var/www/html/wp-content/themes/my-theme/routes.php(13): App\Classes\Router::post('/payments', 'PaymentControll...', 'HasCookieMiddle...')
#2 /var/www/html/wp-includes/class-wp-hook.php(308): {closure}(Object(WP_REST_Server))
#3 /var/www/html/wp-includes/class-wp-hook.php(332): WP_Hook->apply_filters(NULL, Array)
#4 /var/www/html/wp-includes/plugin.php(517): WP_Hook->do_action(Array)
#5 /var/www/html/wp-includes/rest-api.php(577): do_action('rest_api_init', Object(WP_REST_Server))
#6 /var/www/html/wp-includes/rest-api.php(403): rest_get_server()
#7 /var/www/html/wp-includes/class-wp-hook.php(308): rest_api_loaded(Object(WP))
#8 /var/www/html/wp-includes/class-wp-hook.php(332): WP_Hook->apply_filters(NULL, Array)
#9 /var/www/html/wp-includes/plugin.php(565): WP_Hook->do_action(Array)
#10 /var/www/html/wp-includes/class-wp.php(399): do_action_ref_array('parse_request', Array)
#11 /var/www/html/wp-includes/class-wp.php(780): WP->parse_request('')
#12 /var/www/html/wp-includes/functions.php(1334): WP->main('')
#13 /var/www/html/wp-blog-header.php(16): wp()
#14 /var/www/html/index.php(17): require('/var/www/html/w...')
#15 {main}
  thrown in /var/www/html/wp-content/themes/my-theme/Classes/Router.php on line 40

2023-11-05T03:57:42+00:00 CRITICAL Uncaught Error: Class "App\Controllers\PaymentController" not found in /var/www/html/wp-content/themes/my-theme/Classes/Router.php:40
Stack trace:
#0 /var/www/html/wp-content/themes/my-theme/Classes/Router.php(18): App\Classes\Router::addRoute('/payments', 'POST', 'PaymentControll...', 'HasCookieMiddle...')
#1 /var/www/html/wp-content/themes/my-theme/routes.php(13): App\Classes\Router::post('/payments', 'PaymentControll...', 'HasCookieMiddle...')
#2 /var/www/html/wp-includes/class-wp-hook.php(308): {closure}(Object(WP_REST_Server))
#3 /var/www/html/wp-includes/class-wp-hook.php(332): WP_Hook->apply_filters(NULL, Array)
#4 /var/www/html/wp-includes/plugin.php(517): WP_Hook->do_action(Array)
#5 /var/www/html/wp-includes/rest-api.php(577): do_action('rest_api_init', Object(WP_REST_Server))
#6 /var/www/html/wp-includes/rest-api.php(403): rest_get_server()
#7 /var/www/html/wp-includes/class-wp-hook.php(308): rest_api_loaded(Object(WP))
#8 /var/www/html/wp-includes/class-wp-hook.php(332): WP_Hook->apply_filters(NULL, Array)
#9 /var/www/html/wp-includes/plugin.php(565): WP_Hook->do_action(Array)
#10 /var/www/html/wp-includes/class-wp.php(399): do_action_ref_array('parse_request', Array)
#11 /var/www/html/wp-includes/class-wp.php(780): WP->parse_request('')
#12 /var/www/html/wp-includes/functions.php(1334): WP->main('')
#13 /var/www/html/wp-blog-header.php(16): wp()
#14 /var/www/html/index.php(17): require('/var/www/html/w...')
#15 {main}
  thrown in /var/www/html/wp-content/themes/my-theme/Classes/Router.php on line 40

2023-11-05T03:57:42+00:00 CRITICAL Uncaught Error: Class "App\Controllers\PaymentController" not found in /var/www/html/wp-content/themes/my-theme/Classes/Router.php:40
Stack trace:
#0 /var/www/html/wp-content/themes/my-theme/Classes/Router.php(18): App\Classes\Router::addRoute('/payments', 'POST', 'PaymentControll...', 'HasCookieMiddle...')
#1 /var/www/html/wp-content/themes/my-theme/routes.php(13): App\Classes\Router::post('/payments', 'PaymentControll...', 'HasCookieMiddle...')
#2 /var/www/html/wp-includes/class-wp-hook.php(308): {closure}(Object(WP_REST_Server))
#3 /var/www/html/wp-includes/class-wp-hook.php(332): WP_Hook->apply_filters(NULL, Array)
#4 /var/www/html/wp-includes/plugin.php(517): WP_Hook->do_action(Array)
#5 /var/www/html/wp-includes/rest-api.php(577): do_action('rest_api_init', Object(WP_REST_Server))
#6 /var/www/html/wp-includes/rest-api.php(403): rest_get_server()
#7 /var/www/html/wp-includes/class-wp-hook.php(308): rest_api_loaded(Object(WP))
#8 /var/www/html/wp-includes/class-wp-hook.php(332): WP_Hook->apply_filters(NULL, Array)
#9 /var/www/html/wp-includes/plugin.php(565): WP_Hook->do_action(Array)
#10 /var/www/html/wp-includes/class-wp.php(399): do_action_ref_array('parse_request', Array)
#11 /var/www/html/wp-includes/class-wp.php(780): WP->parse_request('')
#12 /var/www/html/wp-includes/functions.php(1334): WP->main('')
#13 /var/www/html/wp-blog-header.php(16): wp()
#14 /var/www/html/index.php(17): require('/var/www/html/w...')
#15 {main}
  thrown in /var/www/html/wp-content/themes/my-theme/Classes/Router.php on line 40

2023-11-05T03:59:58+00:00 CRITICAL Uncaught Error: Class "App\Controllers\WP_REST_Response" not found in /var/www/html/wp-content/themes/my-theme/Controllers/PaymentController.php:14
Stack trace:
#0 /var/www/html/wp-includes/rest-api/class-wp-rest-server.php(1187): App\Controllers\PaymentController->createPayment(Object(WP_REST_Request))
#1 /var/www/html/wp-includes/rest-api/class-wp-rest-server.php(1034): WP_REST_Server->respond_to_request(Object(WP_REST_Request), '/wp/v2/payments', Array, NULL)
#2 /var/www/html/wp-includes/rest-api/class-wp-rest-server.php(426): WP_REST_Server->dispatch(Object(WP_REST_Request))
#3 /var/www/html/wp-includes/rest-api.php(410): WP_REST_Server->serve_request('/wp/v2/payments')
#4 /var/www/html/wp-includes/class-wp-hook.php(308): rest_api_loaded(Object(WP))
#5 /var/www/html/wp-includes/class-wp-hook.php(332): WP_Hook->apply_filters(NULL, Array)
#6 /var/www/html/wp-includes/plugin.php(565): WP_Hook->do_action(Array)
#7 /var/www/html/wp-includes/class-wp.php(399): do_action_ref_array('parse_request', Array)
#8 /var/www/html/wp-includes/class-wp.php(780): WP->parse_request('')
#9 /var/www/html/wp-includes/functions.php(1334): WP->main('')
#10 /var/www/html/wp-blog-header.php(16): wp()
#11 /var/www/html/index.php(17): require('/var/www/html/w...')
#12 {main}
  thrown in /var/www/html/wp-content/themes/my-theme/Controllers/PaymentController.php on line 14

2023-11-05T04:05:25+00:00 CRITICAL Uncaught Error: Class "App\Controllers\WP_REST_Response" not found in /var/www/html/wp-content/themes/my-theme/Controllers/PaymentController.php:12
Stack trace:
#0 /var/www/html/wp-includes/rest-api/class-wp-rest-server.php(1187): App\Controllers\PaymentController->createPayment(Object(WP_REST_Request))
#1 /var/www/html/wp-includes/rest-api/class-wp-rest-server.php(1034): WP_REST_Server->respond_to_request(Object(WP_REST_Request), '/wp/v2/payments', Array, NULL)
#2 /var/www/html/wp-includes/rest-api/class-wp-rest-server.php(426): WP_REST_Server->dispatch(Object(WP_REST_Request))
#3 /var/www/html/wp-includes/rest-api.php(410): WP_REST_Server->serve_request('/wp/v2/payments')
#4 /var/www/html/wp-includes/class-wp-hook.php(308): rest_api_loaded(Object(WP))
#5 /var/www/html/wp-includes/class-wp-hook.php(332): WP_Hook->apply_filters(NULL, Array)
#6 /var/www/html/wp-includes/plugin.php(565): WP_Hook->do_action(Array)
#7 /var/www/html/wp-includes/class-wp.php(399): do_action_ref_array('parse_request', Array)
#8 /var/www/html/wp-includes/class-wp.php(780): WP->parse_request('')
#9 /var/www/html/wp-includes/functions.php(1334): WP->main('')
#10 /var/www/html/wp-blog-header.php(16): wp()
#11 /var/www/html/index.php(17): require('/var/www/html/w...')
#12 {main}
  thrown in /var/www/html/wp-content/themes/my-theme/Controllers/PaymentController.php on line 12

2023-11-05T04:06:28+00:00 CRITICAL Uncaught Error: Class "App\Controllers\WP_REST_Response" not found in /var/www/html/wp-content/themes/my-theme/Controllers/PaymentController.php:14
Stack trace:
#0 /var/www/html/wp-includes/rest-api/class-wp-rest-server.php(1187): App\Controllers\PaymentController->createPayment(Object(WP_REST_Request))
#1 /var/www/html/wp-includes/rest-api/class-wp-rest-server.php(1034): WP_REST_Server->respond_to_request(Object(WP_REST_Request), '/wp/v2/payments', Array, NULL)
#2 /var/www/html/wp-includes/rest-api/class-wp-rest-server.php(426): WP_REST_Server->dispatch(Object(WP_REST_Request))
#3 /var/www/html/wp-includes/rest-api.php(410): WP_REST_Server->serve_request('/wp/v2/payments')
#4 /var/www/html/wp-includes/class-wp-hook.php(308): rest_api_loaded(Object(WP))
#5 /var/www/html/wp-includes/class-wp-hook.php(332): WP_Hook->apply_filters(NULL, Array)
#6 /var/www/html/wp-includes/plugin.php(565): WP_Hook->do_action(Array)
#7 /var/www/html/wp-includes/class-wp.php(399): do_action_ref_array('parse_request', Array)
#8 /var/www/html/wp-includes/class-wp.php(780): WP->parse_request('')
#9 /var/www/html/wp-includes/functions.php(1334): WP->main('')
#10 /var/www/html/wp-blog-header.php(16): wp()
#11 /var/www/html/index.php(17): require('/var/www/html/w...')
#12 {main}
  thrown in /var/www/html/wp-content/themes/my-theme/Controllers/PaymentController.php on line 14

2023-11-05T05:53:24+00:00 CRITICAL Uncaught TypeError: Cannot assign string to property YooKassa\Client\BaseClient::$login of type ?int in /var/www/html/vendor/yoomoney/yookassa-sdk-php/lib/Client/BaseClient.php:181
Stack trace:
#0 /var/www/html/wp-content/themes/my-theme/Classes/YookassaServise.php(25): YooKassa\Client\BaseClient->setAuth('test_6u50VVu79M...', 'test_6u50VVu79M...')
#1 /var/www/html/wp-content/themes/my-theme/routes.php(79): App\Classes\YookassaServise->__construct()
#2 /var/www/html/wp-includes/rest-api/class-wp-rest-server.php(1187): create_payment_callback(Object(WP_REST_Request))
#3 /var/www/html/wp-includes/rest-api/class-wp-rest-server.php(1034): WP_REST_Server->respond_to_request(Object(WP_REST_Request), '/wp/v2/createPa...', Array, NULL)
#4 /var/www/html/wp-includes/rest-api/class-wp-rest-server.php(426): WP_REST_Server->dispatch(Object(WP_REST_Request))
#5 /var/www/html/wp-includes/rest-api.php(410): WP_REST_Server->serve_request('/wp/v2/createPa...')
#6 /var/www/html/wp-includes/class-wp-hook.php(308): rest_api_loaded(Object(WP))
#7 /var/www/html/wp-includes/class-wp-hook.php(332): WP_Hook->apply_filters(NULL, Array)
#8 /var/www/html/wp-includes/plugin.php(565): WP_Hook->do_action(Array)
#9 /var/www/html/wp-includes/class-wp.php(399): do_action_ref_array('parse_request', Array)
#10 /var/www/html/wp-includes/class-wp.php(780): WP->parse_request('')
#11 /var/www/html/wp-includes/functions.php(1334): WP->main('')
#12 /var/www/html/wp-blog-header.php(16): wp()
#13 /var/www/html/index.php(17): require('/var/www/html/w...')
#14 {main}
  thrown in /var/www/html/vendor/yoomoney/yookassa-sdk-php/lib/Client/BaseClient.php on line 181

2023-11-05T05:55:29+00:00 CRITICAL Uncaught TypeError: Cannot assign string to property YooKassa\Client\BaseClient::$login of type ?int in /var/www/html/vendor/yoomoney/yookassa-sdk-php/lib/Client/BaseClient.php:181
Stack trace:
#0 /var/www/html/wp-content/themes/my-theme/Classes/YookassaServise.php(25): YooKassa\Client\BaseClient->setAuth('test_6u50VVu79M...', 'test_6u50VVu79M...')
#1 /var/www/html/wp-content/themes/my-theme/routes.php(79): App\Classes\YookassaServise->__construct()
#2 /var/www/html/wp-includes/rest-api/class-wp-rest-server.php(1187): create_payment_callback(Object(WP_REST_Request))
#3 /var/www/html/wp-includes/rest-api/class-wp-rest-server.php(1034): WP_REST_Server->respond_to_request(Object(WP_REST_Request), '/wp/v2/createPa...', Array, NULL)
#4 /var/www/html/wp-includes/rest-api/class-wp-rest-server.php(426): WP_REST_Server->dispatch(Object(WP_REST_Request))
#5 /var/www/html/wp-includes/rest-api.php(410): WP_REST_Server->serve_request('/wp/v2/createPa...')
#6 /var/www/html/wp-includes/class-wp-hook.php(308): rest_api_loaded(Object(WP))
#7 /var/www/html/wp-includes/class-wp-hook.php(332): WP_Hook->apply_filters(NULL, Array)
#8 /var/www/html/wp-includes/plugin.php(565): WP_Hook->do_action(Array)
#9 /var/www/html/wp-includes/class-wp.php(399): do_action_ref_array('parse_request', Array)
#10 /var/www/html/wp-includes/class-wp.php(780): WP->parse_request('')
#11 /var/www/html/wp-includes/functions.php(1334): WP->main('')
#12 /var/www/html/wp-blog-header.php(16): wp()
#13 /var/www/html/index.php(17): require('/var/www/html/w...')
#14 {main}
  thrown in /var/www/html/vendor/yoomoney/yookassa-sdk-php/lib/Client/BaseClient.php on line 181

2023-11-05T05:56:04+00:00 CRITICAL Uncaught TypeError: Cannot assign string to property YooKassa\Client\BaseClient::$login of type ?int in /var/www/html/vendor/yoomoney/yookassa-sdk-php/lib/Client/BaseClient.php:181
Stack trace:
#0 /var/www/html/wp-content/themes/my-theme/Classes/YookassaServise.php(26): YooKassa\Client\BaseClient->setAuth('test_6u50VVu79M...', 'test_6u50VVu79M...')
#1 /var/www/html/wp-content/themes/my-theme/routes.php(79): App\Classes\YookassaServise->__construct()
#2 /var/www/html/wp-includes/rest-api/class-wp-rest-server.php(1187): create_payment_callback(Object(WP_REST_Request))
#3 /var/www/html/wp-includes/rest-api/class-wp-rest-server.php(1034): WP_REST_Server->respond_to_request(Object(WP_REST_Request), '/wp/v2/createPa...', Array, NULL)
#4 /var/www/html/wp-includes/rest-api/class-wp-rest-server.php(426): WP_REST_Server->dispatch(Object(WP_REST_Request))
#5 /var/www/html/wp-includes/rest-api.php(410): WP_REST_Server->serve_request('/wp/v2/createPa...')
#6 /var/www/html/wp-includes/class-wp-hook.php(308): rest_api_loaded(Object(WP))
#7 /var/www/html/wp-includes/class-wp-hook.php(332): WP_Hook->apply_filters(NULL, Array)
#8 /var/www/html/wp-includes/plugin.php(565): WP_Hook->do_action(Array)
#9 /var/www/html/wp-includes/class-wp.php(399): do_action_ref_array('parse_request', Array)
#10 /var/www/html/wp-includes/class-wp.php(780): WP->parse_request('')
#11 /var/www/html/wp-includes/functions.php(1334): WP->main('')
#12 /var/www/html/wp-blog-header.php(16): wp()
#13 /var/www/html/index.php(17): require('/var/www/html/w...')
#14 {main}
  thrown in /var/www/html/vendor/yoomoney/yookassa-sdk-php/lib/Client/BaseClient.php on line 181

2023-11-05T05:56:37+00:00 CRITICAL Uncaught TypeError: Cannot assign string to property YooKassa\Client\BaseClient::$login of type ?int in /var/www/html/vendor/yoomoney/yookassa-sdk-php/lib/Client/BaseClient.php:181
Stack trace:
#0 /var/www/html/wp-content/themes/my-theme/Classes/YookassaServise.php(27): YooKassa\Client\BaseClient->setAuth('test_6u50VVu79M...', 'test_6u50VVu79M...')
#1 /var/www/html/wp-content/themes/my-theme/routes.php(79): App\Classes\YookassaServise->__construct()
#2 /var/www/html/wp-includes/rest-api/class-wp-rest-server.php(1187): create_payment_callback(Object(WP_REST_Request))
#3 /var/www/html/wp-includes/rest-api/class-wp-rest-server.php(1034): WP_REST_Server->respond_to_request(Object(WP_REST_Request), '/wp/v2/createPa...', Array, NULL)
#4 /var/www/html/wp-includes/rest-api/class-wp-rest-server.php(426): WP_REST_Server->dispatch(Object(WP_REST_Request))
#5 /var/www/html/wp-includes/rest-api.php(410): WP_REST_Server->serve_request('/wp/v2/createPa...')
#6 /var/www/html/wp-includes/class-wp-hook.php(308): rest_api_loaded(Object(WP))
#7 /var/www/html/wp-includes/class-wp-hook.php(332): WP_Hook->apply_filters(NULL, Array)
#8 /var/www/html/wp-includes/plugin.php(565): WP_Hook->do_action(Array)
#9 /var/www/html/wp-includes/class-wp.php(399): do_action_ref_array('parse_request', Array)
#10 /var/www/html/wp-includes/class-wp.php(780): WP->parse_request('')
#11 /var/www/html/wp-includes/functions.php(1334): WP->main('')
#12 /var/www/html/wp-blog-header.php(16): wp()
#13 /var/www/html/index.php(17): require('/var/www/html/w...')
#14 {main}
  thrown in /var/www/html/vendor/yoomoney/yookassa-sdk-php/lib/Client/BaseClient.php on line 181

2023-11-05T05:57:02+00:00 CRITICAL Uncaught TypeError: Cannot assign string to property YooKassa\Client\BaseClient::$login of type ?int in /var/www/html/vendor/yoomoney/yookassa-sdk-php/lib/Client/BaseClient.php:181
Stack trace:
#0 /var/www/html/wp-content/themes/my-theme/Classes/YookassaServise.php(30): YooKassa\Client\BaseClient->setAuth('test_6u50VVu79M...', 'test_6u50VVu79M...')
#1 /var/www/html/wp-content/themes/my-theme/routes.php(79): App\Classes\YookassaServise->__construct()
#2 /var/www/html/wp-includes/rest-api/class-wp-rest-server.php(1187): create_payment_callback(Object(WP_REST_Request))
#3 /var/www/html/wp-includes/rest-api/class-wp-rest-server.php(1034): WP_REST_Server->respond_to_request(Object(WP_REST_Request), '/wp/v2/createPa...', Array, NULL)
#4 /var/www/html/wp-includes/rest-api/class-wp-rest-server.php(426): WP_REST_Server->dispatch(Object(WP_REST_Request))
#5 /var/www/html/wp-includes/rest-api.php(410): WP_REST_Server->serve_request('/wp/v2/createPa...')
#6 /var/www/html/wp-includes/class-wp-hook.php(308): rest_api_loaded(Object(WP))
#7 /var/www/html/wp-includes/class-wp-hook.php(332): WP_Hook->apply_filters(NULL, Array)
#8 /var/www/html/wp-includes/plugin.php(565): WP_Hook->do_action(Array)
#9 /var/www/html/wp-includes/class-wp.php(399): do_action_ref_array('parse_request', Array)
#10 /var/www/html/wp-includes/class-wp.php(780): WP->parse_request('')
#11 /var/www/html/wp-includes/functions.php(1334): WP->main('')
#12 /var/www/html/wp-blog-header.php(16): wp()
#13 /var/www/html/index.php(17): require('/var/www/html/w...')
#14 {main}
  thrown in /var/www/html/vendor/yoomoney/yookassa-sdk-php/lib/Client/BaseClient.php on line 181

2023-11-05T05:57:17+00:00 CRITICAL Uncaught TypeError: Cannot assign string to property YooKassa\Client\BaseClient::$login of type ?int in /var/www/html/vendor/yoomoney/yookassa-sdk-php/lib/Client/BaseClient.php:181
Stack trace:
#0 /var/www/html/wp-content/themes/my-theme/Classes/YookassaServise.php(29): YooKassa\Client\BaseClient->setAuth('test_6u50VVu79M...', 'test_6u50VVu79M...')
#1 /var/www/html/wp-content/themes/my-theme/routes.php(79): App\Classes\YookassaServise->__construct()
#2 /var/www/html/wp-includes/rest-api/class-wp-rest-server.php(1187): create_payment_callback(Object(WP_REST_Request))
#3 /var/www/html/wp-includes/rest-api/class-wp-rest-server.php(1034): WP_REST_Server->respond_to_request(Object(WP_REST_Request), '/wp/v2/createPa...', Array, NULL)
#4 /var/www/html/wp-includes/rest-api/class-wp-rest-server.php(426): WP_REST_Server->dispatch(Object(WP_REST_Request))
#5 /var/www/html/wp-includes/rest-api.php(410): WP_REST_Server->serve_request('/wp/v2/createPa...')
#6 /var/www/html/wp-includes/class-wp-hook.php(308): rest_api_loaded(Object(WP))
#7 /var/www/html/wp-includes/class-wp-hook.php(332): WP_Hook->apply_filters(NULL, Array)
#8 /var/www/html/wp-includes/plugin.php(565): WP_Hook->do_action(Array)
#9 /var/www/html/wp-includes/class-wp.php(399): do_action_ref_array('parse_request', Array)
#10 /var/www/html/wp-includes/class-wp.php(780): WP->parse_request('')
#11 /var/www/html/wp-includes/functions.php(1334): WP->main('')
#12 /var/www/html/wp-blog-header.php(16): wp()
#13 /var/www/html/index.php(17): require('/var/www/html/w...')
#14 {main}
  thrown in /var/www/html/vendor/yoomoney/yookassa-sdk-php/lib/Client/BaseClient.php on line 181

2023-11-05T05:57:58+00:00 CRITICAL Uncaught TypeError: YooKassa\Client\BaseClient::setAuth(): Argument #2 ($password) must be of type string, null given, called in /var/www/html/wp-content/themes/my-theme/Classes/YookassaServise.php on line 23 and defined in /var/www/html/vendor/yoomoney/yookassa-sdk-php/lib/Client/BaseClient.php:179
Stack trace:
#0 /var/www/html/wp-content/themes/my-theme/Classes/YookassaServise.php(23): YooKassa\Client\BaseClient->setAuth(NULL, NULL)
#1 /var/www/html/wp-content/themes/my-theme/routes.php(79): App\Classes\YookassaServise->__construct()
#2 /var/www/html/wp-includes/rest-api/class-wp-rest-server.php(1187): create_payment_callback(Object(WP_REST_Request))
#3 /var/www/html/wp-includes/rest-api/class-wp-rest-server.php(1034): WP_REST_Server->respond_to_request(Object(WP_REST_Request), '/wp/v2/createPa...', Array, NULL)
#4 /var/www/html/wp-includes/rest-api/class-wp-rest-server.php(426): WP_REST_Server->dispatch(Object(WP_REST_Request))
#5 /var/www/html/wp-includes/rest-api.php(410): WP_REST_Server->serve_request('/wp/v2/createPa...')
#6 /var/www/html/wp-includes/class-wp-hook.php(308): rest_api_loaded(Object(WP))
#7 /var/www/html/wp-includes/class-wp-hook.php(332): WP_Hook->apply_filters(NULL, Array)
#8 /var/www/html/wp-includes/plugin.php(565): WP_Hook->do_action(Array)
#9 /var/www/html/wp-includes/class-wp.php(399): do_action_ref_array('parse_request', Array)
#10 /var/www/html/wp-includes/class-wp.php(780): WP->parse_request('')
#11 /var/www/html/wp-includes/functions.php(1334): WP->main('')
#12 /var/www/html/wp-blog-header.php(16): wp()
#13 /var/www/html/index.php(17): require('/var/www/html/w...')
#14 {main}
  thrown in /var/www/html/vendor/yoomoney/yookassa-sdk-php/lib/Client/BaseClient.php on line 179

2023-11-05T05:58:32+00:00 CRITICAL Uncaught Error: Object of class YooKassa\Client could not be converted to string in /var/www/html/wp-content/themes/my-theme/Classes/YookassaServise.php:24
Stack trace:
#0 /var/www/html/wp-content/themes/my-theme/routes.php(79): App\Classes\YookassaServise->__construct()
#1 /var/www/html/wp-includes/rest-api/class-wp-rest-server.php(1187): create_payment_callback(Object(WP_REST_Request))
#2 /var/www/html/wp-includes/rest-api/class-wp-rest-server.php(1034): WP_REST_Server->respond_to_request(Object(WP_REST_Request), '/wp/v2/createPa...', Array, NULL)
#3 /var/www/html/wp-includes/rest-api/class-wp-rest-server.php(426): WP_REST_Server->dispatch(Object(WP_REST_Request))
#4 /var/www/html/wp-includes/rest-api.php(410): WP_REST_Server->serve_request('/wp/v2/createPa...')
#5 /var/www/html/wp-includes/class-wp-hook.php(308): rest_api_loaded(Object(WP))
#6 /var/www/html/wp-includes/class-wp-hook.php(332): WP_Hook->apply_filters(NULL, Array)
#7 /var/www/html/wp-includes/plugin.php(565): WP_Hook->do_action(Array)
#8 /var/www/html/wp-includes/class-wp.php(399): do_action_ref_array('parse_request', Array)
#9 /var/www/html/wp-includes/class-wp.php(780): WP->parse_request('')
#10 /var/www/html/wp-includes/functions.php(1334): WP->main('')
#11 /var/www/html/wp-blog-header.php(16): wp()
#12 /var/www/html/index.php(17): require('/var/www/html/w...')
#13 {main}
  thrown in /var/www/html/wp-content/themes/my-theme/Classes/YookassaServise.php on line 24

2023-11-05T05:58:45+00:00 CRITICAL Uncaught Error: Object of class YooKassa\Client could not be converted to string in /var/www/html/wp-content/themes/my-theme/Classes/YookassaServise.php:22
Stack trace:
#0 /var/www/html/wp-content/themes/my-theme/routes.php(79): App\Classes\YookassaServise->__construct()
#1 /var/www/html/wp-includes/rest-api/class-wp-rest-server.php(1187): create_payment_callback(Object(WP_REST_Request))
#2 /var/www/html/wp-includes/rest-api/class-wp-rest-server.php(1034): WP_REST_Server->respond_to_request(Object(WP_REST_Request), '/wp/v2/createPa...', Array, NULL)
#3 /var/www/html/wp-includes/rest-api/class-wp-rest-server.php(426): WP_REST_Server->dispatch(Object(WP_REST_Request))
#4 /var/www/html/wp-includes/rest-api.php(410): WP_REST_Server->serve_request('/wp/v2/createPa...')
#5 /var/www/html/wp-includes/class-wp-hook.php(308): rest_api_loaded(Object(WP))
#6 /var/www/html/wp-includes/class-wp-hook.php(332): WP_Hook->apply_filters(NULL, Array)
#7 /var/www/html/wp-includes/plugin.php(565): WP_Hook->do_action(Array)
#8 /var/www/html/wp-includes/class-wp.php(399): do_action_ref_array('parse_request', Array)
#9 /var/www/html/wp-includes/class-wp.php(780): WP->parse_request('')
#10 /var/www/html/wp-includes/functions.php(1334): WP->main('')
#11 /var/www/html/wp-blog-header.php(16): wp()
#12 /var/www/html/index.php(17): require('/var/www/html/w...')
#13 {main}
  thrown in /var/www/html/wp-content/themes/my-theme/Classes/YookassaServise.php on line 22

2023-11-05T05:58:50+00:00 CRITICAL Uncaught Error: Object of class YooKassa\Client could not be converted to string in /var/www/html/wp-content/themes/my-theme/Classes/YookassaServise.php:25
Stack trace:
#0 /var/www/html/wp-content/themes/my-theme/routes.php(79): App\Classes\YookassaServise->__construct()
#1 /var/www/html/wp-includes/rest-api/class-wp-rest-server.php(1187): create_payment_callback(Object(WP_REST_Request))
#2 /var/www/html/wp-includes/rest-api/class-wp-rest-server.php(1034): WP_REST_Server->respond_to_request(Object(WP_REST_Request), '/wp/v2/createPa...', Array, NULL)
#3 /var/www/html/wp-includes/rest-api/class-wp-rest-server.php(426): WP_REST_Server->dispatch(Object(WP_REST_Request))
#4 /var/www/html/wp-includes/rest-api.php(410): WP_REST_Server->serve_request('/wp/v2/createPa...')
#5 /var/www/html/wp-includes/class-wp-hook.php(308): rest_api_loaded(Object(WP))
#6 /var/www/html/wp-includes/class-wp-hook.php(332): WP_Hook->apply_filters(NULL, Array)
#7 /var/www/html/wp-includes/plugin.php(565): WP_Hook->do_action(Array)
#8 /var/www/html/wp-includes/class-wp.php(399): do_action_ref_array('parse_request', Array)
#9 /var/www/html/wp-includes/class-wp.php(780): WP->parse_request('')
#10 /var/www/html/wp-includes/functions.php(1334): WP->main('')
#11 /var/www/html/wp-blog-header.php(16): wp()
#12 /var/www/html/index.php(17): require('/var/www/html/w...')
#13 {main}
  thrown in /var/www/html/wp-content/themes/my-theme/Classes/YookassaServise.php on line 25

2023-11-05T05:59:02+00:00 CRITICAL Uncaught Error: Using $this when not in object context in /var/www/html/wp-content/themes/my-theme/Classes/YookassaServise.php:30
Stack trace:
#0 /var/www/html/wp-content/themes/my-theme/routes.php(82): App\Classes\YookassaServise::create_payment(NULL, 'http://localhos...')
#1 /var/www/html/wp-includes/rest-api/class-wp-rest-server.php(1187): create_payment_callback(Object(WP_REST_Request))
#2 /var/www/html/wp-includes/rest-api/class-wp-rest-server.php(1034): WP_REST_Server->respond_to_request(Object(WP_REST_Request), '/wp/v2/createPa...', Array, NULL)
#3 /var/www/html/wp-includes/rest-api/class-wp-rest-server.php(426): WP_REST_Server->dispatch(Object(WP_REST_Request))
#4 /var/www/html/wp-includes/rest-api.php(410): WP_REST_Server->serve_request('/wp/v2/createPa...')
#5 /var/www/html/wp-includes/class-wp-hook.php(308): rest_api_loaded(Object(WP))
#6 /var/www/html/wp-includes/class-wp-hook.php(332): WP_Hook->apply_filters(NULL, Array)
#7 /var/www/html/wp-includes/plugin.php(565): WP_Hook->do_action(Array)
#8 /var/www/html/wp-includes/class-wp.php(399): do_action_ref_array('parse_request', Array)
#9 /var/www/html/wp-includes/class-wp.php(780): WP->parse_request('')
#10 /var/www/html/wp-includes/functions.php(1334): WP->main('')
#11 /var/www/html/wp-blog-header.php(16): wp()
#12 /var/www/html/index.php(17): require('/var/www/html/w...')
#13 {main}
  thrown in /var/www/html/wp-content/themes/my-theme/Classes/YookassaServise.php on line 30

2023-11-05T05:59:05+00:00 CRITICAL Uncaught Error: Using $this when not in object context in /var/www/html/wp-content/themes/my-theme/Classes/YookassaServise.php:30
Stack trace:
#0 /var/www/html/wp-content/themes/my-theme/routes.php(82): App\Classes\YookassaServise::create_payment(NULL, 'http://localhos...')
#1 /var/www/html/wp-includes/rest-api/class-wp-rest-server.php(1187): create_payment_callback(Object(WP_REST_Request))
#2 /var/www/html/wp-includes/rest-api/class-wp-rest-server.php(1034): WP_REST_Server->respond_to_request(Object(WP_REST_Request), '/wp/v2/createPa...', Array, NULL)
#3 /var/www/html/wp-includes/rest-api/class-wp-rest-server.php(426): WP_REST_Server->dispatch(Object(WP_REST_Request))
#4 /var/www/html/wp-includes/rest-api.php(410): WP_REST_Server->serve_request('/wp/v2/createPa...')
#5 /var/www/html/wp-includes/class-wp-hook.php(308): rest_api_loaded(Object(WP))
#6 /var/www/html/wp-includes/class-wp-hook.php(332): WP_Hook->apply_filters(NULL, Array)
#7 /var/www/html/wp-includes/plugin.php(565): WP_Hook->do_action(Array)
#8 /var/www/html/wp-includes/class-wp.php(399): do_action_ref_array('parse_request', Array)
#9 /var/www/html/wp-includes/class-wp.php(780): WP->parse_request('')
#10 /var/www/html/wp-includes/functions.php(1334): WP->main('')
#11 /var/www/html/wp-blog-header.php(16): wp()
#12 /var/www/html/index.php(17): require('/var/www/html/w...')
#13 {main}
  thrown in /var/www/html/wp-content/themes/my-theme/Classes/YookassaServise.php on line 30

2023-11-05T05:59:07+00:00 CRITICAL Uncaught Error: Using $this when not in object context in /var/www/html/wp-content/themes/my-theme/Classes/YookassaServise.php:30
Stack trace:
#0 /var/www/html/wp-content/themes/my-theme/routes.php(82): App\Classes\YookassaServise::create_payment(NULL, 'http://localhos...')
#1 /var/www/html/wp-includes/rest-api/class-wp-rest-server.php(1187): create_payment_callback(Object(WP_REST_Request))
#2 /var/www/html/wp-includes/rest-api/class-wp-rest-server.php(1034): WP_REST_Server->respond_to_request(Object(WP_REST_Request), '/wp/v2/createPa...', Array, NULL)
#3 /var/www/html/wp-includes/rest-api/class-wp-rest-server.php(426): WP_REST_Server->dispatch(Object(WP_REST_Request))
#4 /var/www/html/wp-includes/rest-api.php(410): WP_REST_Server->serve_request('/wp/v2/createPa...')
#5 /var/www/html/wp-includes/class-wp-hook.php(308): rest_api_loaded(Object(WP))
#6 /var/www/html/wp-includes/class-wp-hook.php(332): WP_Hook->apply_filters(NULL, Array)
#7 /var/www/html/wp-includes/plugin.php(565): WP_Hook->do_action(Array)
#8 /var/www/html/wp-includes/class-wp.php(399): do_action_ref_array('parse_request', Array)
#9 /var/www/html/wp-includes/class-wp.php(780): WP->parse_request('')
#10 /var/www/html/wp-includes/functions.php(1334): WP->main('')
#11 /var/www/html/wp-blog-header.php(16): wp()
#12 /var/www/html/index.php(17): require('/var/www/html/w...')
#13 {main}
  thrown in /var/www/html/wp-content/themes/my-theme/Classes/YookassaServise.php on line 30

2023-11-05T05:59:15+00:00 CRITICAL Uncaught Error: Using $this when not in object context in /var/www/html/wp-content/themes/my-theme/Classes/YookassaServise.php:30
Stack trace:
#0 /var/www/html/wp-content/themes/my-theme/routes.php(82): App\Classes\YookassaServise::create_payment(NULL, 'http://localhos...')
#1 /var/www/html/wp-includes/rest-api/class-wp-rest-server.php(1187): create_payment_callback(Object(WP_REST_Request))
#2 /var/www/html/wp-includes/rest-api/class-wp-rest-server.php(1034): WP_REST_Server->respond_to_request(Object(WP_REST_Request), '/wp/v2/createPa...', Array, NULL)
#3 /var/www/html/wp-includes/rest-api/class-wp-rest-server.php(426): WP_REST_Server->dispatch(Object(WP_REST_Request))
#4 /var/www/html/wp-includes/rest-api.php(410): WP_REST_Server->serve_request('/wp/v2/createPa...')
#5 /var/www/html/wp-includes/class-wp-hook.php(308): rest_api_loaded(Object(WP))
#6 /var/www/html/wp-includes/class-wp-hook.php(332): WP_Hook->apply_filters(NULL, Array)
#7 /var/www/html/wp-includes/plugin.php(565): WP_Hook->do_action(Array)
#8 /var/www/html/wp-includes/class-wp.php(399): do_action_ref_array('parse_request', Array)
#9 /var/www/html/wp-includes/class-wp.php(780): WP->parse_request('')
#10 /var/www/html/wp-includes/functions.php(1334): WP->main('')
#11 /var/www/html/wp-blog-header.php(16): wp()
#12 /var/www/html/index.php(17): require('/var/www/html/w...')
#13 {main}
  thrown in /var/www/html/wp-content/themes/my-theme/Classes/YookassaServise.php on line 30

2023-11-05T05:59:36+00:00 CRITICAL Uncaught Error: Using $this when not in object context in /var/www/html/wp-content/themes/my-theme/Classes/YookassaServise.php:30
Stack trace:
#0 /var/www/html/wp-content/themes/my-theme/routes.php(82): App\Classes\YookassaServise::create_payment(NULL, 'http://localhos...')
#1 /var/www/html/wp-includes/rest-api/class-wp-rest-server.php(1187): create_payment_callback(Object(WP_REST_Request))
#2 /var/www/html/wp-includes/rest-api/class-wp-rest-server.php(1034): WP_REST_Server->respond_to_request(Object(WP_REST_Request), '/wp/v2/createPa...', Array, NULL)
#3 /var/www/html/wp-includes/rest-api/class-wp-rest-server.php(426): WP_REST_Server->dispatch(Object(WP_REST_Request))
#4 /var/www/html/wp-includes/rest-api.php(410): WP_REST_Server->serve_request('/wp/v2/createPa...')
#5 /var/www/html/wp-includes/class-wp-hook.php(308): rest_api_loaded(Object(WP))
#6 /var/www/html/wp-includes/class-wp-hook.php(332): WP_Hook->apply_filters(NULL, Array)
#7 /var/www/html/wp-includes/plugin.php(565): WP_Hook->do_action(Array)
#8 /var/www/html/wp-includes/class-wp.php(399): do_action_ref_array('parse_request', Array)
#9 /var/www/html/wp-includes/class-wp.php(780): WP->parse_request('')
#10 /var/www/html/wp-includes/functions.php(1334): WP->main('')
#11 /var/www/html/wp-blog-header.php(16): wp()
#12 /var/www/html/index.php(17): require('/var/www/html/w...')
#13 {main}
  thrown in /var/www/html/wp-content/themes/my-theme/Classes/YookassaServise.php on line 30

2023-11-05T05:59:37+00:00 CRITICAL Uncaught Error: Using $this when not in object context in /var/www/html/wp-content/themes/my-theme/Classes/YookassaServise.php:30
Stack trace:
#0 /var/www/html/wp-content/themes/my-theme/routes.php(82): App\Classes\YookassaServise::create_payment(NULL, 'http://localhos...')
#1 /var/www/html/wp-includes/rest-api/class-wp-rest-server.php(1187): create_payment_callback(Object(WP_REST_Request))
#2 /var/www/html/wp-includes/rest-api/class-wp-rest-server.php(1034): WP_REST_Server->respond_to_request(Object(WP_REST_Request), '/wp/v2/createPa...', Array, NULL)
#3 /var/www/html/wp-includes/rest-api/class-wp-rest-server.php(426): WP_REST_Server->dispatch(Object(WP_REST_Request))
#4 /var/www/html/wp-includes/rest-api.php(410): WP_REST_Server->serve_request('/wp/v2/createPa...')
#5 /var/www/html/wp-includes/class-wp-hook.php(308): rest_api_loaded(Object(WP))
#6 /var/www/html/wp-includes/class-wp-hook.php(332): WP_Hook->apply_filters(NULL, Array)
#7 /var/www/html/wp-includes/plugin.php(565): WP_Hook->do_action(Array)
#8 /var/www/html/wp-includes/class-wp.php(399): do_action_ref_array('parse_request', Array)
#9 /var/www/html/wp-includes/class-wp.php(780): WP->parse_request('')
#10 /var/www/html/wp-includes/functions.php(1334): WP->main('')
#11 /var/www/html/wp-blog-header.php(16): wp()
#12 /var/www/html/index.php(17): require('/var/www/html/w...')
#13 {main}
  thrown in /var/www/html/wp-content/themes/my-theme/Classes/YookassaServise.php on line 30

2023-11-05T06:00:00+00:00 CRITICAL Uncaught Error: Object of class YooKassa\Client could not be converted to string in /var/www/html/wp-content/themes/my-theme/Classes/YookassaServise.php:24
Stack trace:
#0 /var/www/html/wp-content/themes/my-theme/routes.php(79): App\Classes\YookassaServise->__construct()
#1 /var/www/html/wp-includes/rest-api/class-wp-rest-server.php(1187): create_payment_callback(Object(WP_REST_Request))
#2 /var/www/html/wp-includes/rest-api/class-wp-rest-server.php(1034): WP_REST_Server->respond_to_request(Object(WP_REST_Request), '/wp/v2/createPa...', Array, NULL)
#3 /var/www/html/wp-includes/rest-api/class-wp-rest-server.php(426): WP_REST_Server->dispatch(Object(WP_REST_Request))
#4 /var/www/html/wp-includes/rest-api.php(410): WP_REST_Server->serve_request('/wp/v2/createPa...')
#5 /var/www/html/wp-includes/class-wp-hook.php(308): rest_api_loaded(Object(WP))
#6 /var/www/html/wp-includes/class-wp-hook.php(332): WP_Hook->apply_filters(NULL, Array)
#7 /var/www/html/wp-includes/plugin.php(565): WP_Hook->do_action(Array)
#8 /var/www/html/wp-includes/class-wp.php(399): do_action_ref_array('parse_request', Array)
#9 /var/www/html/wp-includes/class-wp.php(780): WP->parse_request('')
#10 /var/www/html/wp-includes/functions.php(1334): WP->main('')
#11 /var/www/html/wp-blog-header.php(16): wp()
#12 /var/www/html/index.php(17): require('/var/www/html/w...')
#13 {main}
  thrown in /var/www/html/wp-content/themes/my-theme/Classes/YookassaServise.php on line 24

2023-11-05T06:00:46+00:00 CRITICAL Uncaught Error: Using $this when not in object context in /var/www/html/wp-content/themes/my-theme/Classes/YookassaServise.php:30
Stack trace:
#0 /var/www/html/wp-content/themes/my-theme/routes.php(82): App\Classes\YookassaServise::create_payment(NULL, 'http://localhos...')
#1 /var/www/html/wp-includes/rest-api/class-wp-rest-server.php(1187): create_payment_callback(Object(WP_REST_Request))
#2 /var/www/html/wp-includes/rest-api/class-wp-rest-server.php(1034): WP_REST_Server->respond_to_request(Object(WP_REST_Request), '/wp/v2/createPa...', Array, NULL)
#3 /var/www/html/wp-includes/rest-api/class-wp-rest-server.php(426): WP_REST_Server->dispatch(Object(WP_REST_Request))
#4 /var/www/html/wp-includes/rest-api.php(410): WP_REST_Server->serve_request('/wp/v2/createPa...')
#5 /var/www/html/wp-includes/class-wp-hook.php(308): rest_api_loaded(Object(WP))
#6 /var/www/html/wp-includes/class-wp-hook.php(332): WP_Hook->apply_filters(NULL, Array)
#7 /var/www/html/wp-includes/plugin.php(565): WP_Hook->do_action(Array)
#8 /var/www/html/wp-includes/class-wp.php(399): do_action_ref_array('parse_request', Array)
#9 /var/www/html/wp-includes/class-wp.php(780): WP->parse_request('')
#10 /var/www/html/wp-includes/functions.php(1334): WP->main('')
#11 /var/www/html/wp-blog-header.php(16): wp()
#12 /var/www/html/index.php(17): require('/var/www/html/w...')
#13 {main}
  thrown in /var/www/html/wp-content/themes/my-theme/Classes/YookassaServise.php on line 30

2023-11-05T06:01:10+00:00 CRITICAL Uncaught Error: Using $this when not in object context in /var/www/html/wp-content/themes/my-theme/Classes/YookassaServise.php:29
Stack trace:
#0 /var/www/html/wp-content/themes/my-theme/routes.php(82): App\Classes\YookassaServise::create_payment(NULL, 'http://localhos...')
#1 /var/www/html/wp-includes/rest-api/class-wp-rest-server.php(1187): create_payment_callback(Object(WP_REST_Request))
#2 /var/www/html/wp-includes/rest-api/class-wp-rest-server.php(1034): WP_REST_Server->respond_to_request(Object(WP_REST_Request), '/wp/v2/createPa...', Array, NULL)
#3 /var/www/html/wp-includes/rest-api/class-wp-rest-server.php(426): WP_REST_Server->dispatch(Object(WP_REST_Request))
#4 /var/www/html/wp-includes/rest-api.php(410): WP_REST_Server->serve_request('/wp/v2/createPa...')
#5 /var/www/html/wp-includes/class-wp-hook.php(308): rest_api_loaded(Object(WP))
#6 /var/www/html/wp-includes/class-wp-hook.php(332): WP_Hook->apply_filters(NULL, Array)
#7 /var/www/html/wp-includes/plugin.php(565): WP_Hook->do_action(Array)
#8 /var/www/html/wp-includes/class-wp.php(399): do_action_ref_array('parse_request', Array)
#9 /var/www/html/wp-includes/class-wp.php(780): WP->parse_request('')
#10 /var/www/html/wp-includes/functions.php(1334): WP->main('')
#11 /var/www/html/wp-blog-header.php(16): wp()
#12 /var/www/html/index.php(17): require('/var/www/html/w...')
#13 {main}
  thrown in /var/www/html/wp-content/themes/my-theme/Classes/YookassaServise.php on line 29

2023-11-05T06:01:23+00:00 CRITICAL Uncaught Error: Using $this when not in object context in /var/www/html/wp-content/themes/my-theme/Classes/YookassaServise.php:29
Stack trace:
#0 /var/www/html/wp-content/themes/my-theme/routes.php(82): App\Classes\YookassaServise::create_payment(NULL, 'http://localhos...')
#1 /var/www/html/wp-includes/rest-api/class-wp-rest-server.php(1187): create_payment_callback(Object(WP_REST_Request))
#2 /var/www/html/wp-includes/rest-api/class-wp-rest-server.php(1034): WP_REST_Server->respond_to_request(Object(WP_REST_Request), '/wp/v2/createPa...', Array, NULL)
#3 /var/www/html/wp-includes/rest-api/class-wp-rest-server.php(426): WP_REST_Server->dispatch(Object(WP_REST_Request))
#4 /var/www/html/wp-includes/rest-api.php(410): WP_REST_Server->serve_request('/wp/v2/createPa...')
#5 /var/www/html/wp-includes/class-wp-hook.php(308): rest_api_loaded(Object(WP))
#6 /var/www/html/wp-includes/class-wp-hook.php(332): WP_Hook->apply_filters(NULL, Array)
#7 /var/www/html/wp-includes/plugin.php(565): WP_Hook->do_action(Array)
#8 /var/www/html/wp-includes/class-wp.php(399): do_action_ref_array('parse_request', Array)
#9 /var/www/html/wp-includes/class-wp.php(780): WP->parse_request('')
#10 /var/www/html/wp-includes/functions.php(1334): WP->main('')
#11 /var/www/html/wp-blog-header.php(16): wp()
#12 /var/www/html/index.php(17): require('/var/www/html/w...')
#13 {main}
  thrown in /var/www/html/wp-content/themes/my-theme/Classes/YookassaServise.php on line 29

2023-11-05T06:01:24+00:00 CRITICAL Uncaught Error: Using $this when not in object context in /var/www/html/wp-content/themes/my-theme/Classes/YookassaServise.php:29
Stack trace:
#0 /var/www/html/wp-content/themes/my-theme/routes.php(82): App\Classes\YookassaServise::create_payment(NULL, 'http://localhos...')
#1 /var/www/html/wp-includes/rest-api/class-wp-rest-server.php(1187): create_payment_callback(Object(WP_REST_Request))
#2 /var/www/html/wp-includes/rest-api/class-wp-rest-server.php(1034): WP_REST_Server->respond_to_request(Object(WP_REST_Request), '/wp/v2/createPa...', Array, NULL)
#3 /var/www/html/wp-includes/rest-api/class-wp-rest-server.php(426): WP_REST_Server->dispatch(Object(WP_REST_Request))
#4 /var/www/html/wp-includes/rest-api.php(410): WP_REST_Server->serve_request('/wp/v2/createPa...')
#5 /var/www/html/wp-includes/class-wp-hook.php(308): rest_api_loaded(Object(WP))
#6 /var/www/html/wp-includes/class-wp-hook.php(332): WP_Hook->apply_filters(NULL, Array)
#7 /var/www/html/wp-includes/plugin.php(565): WP_Hook->do_action(Array)
#8 /var/www/html/wp-includes/class-wp.php(399): do_action_ref_array('parse_request', Array)
#9 /var/www/html/wp-includes/class-wp.php(780): WP->parse_request('')
#10 /var/www/html/wp-includes/functions.php(1334): WP->main('')
#11 /var/www/html/wp-blog-header.php(16): wp()
#12 /var/www/html/index.php(17): require('/var/www/html/w...')
#13 {main}
  thrown in /var/www/html/wp-content/themes/my-theme/Classes/YookassaServise.php on line 29

2023-11-05T06:03:10+00:00 CRITICAL Uncaught Error: Using $this when not in object context in /var/www/html/wp-content/themes/my-theme/Classes/YookassaServise.php:29
Stack trace:
#0 /var/www/html/wp-content/themes/my-theme/routes.php(82): App\Classes\YookassaServise::create_payment(NULL)
#1 /var/www/html/wp-includes/rest-api/class-wp-rest-server.php(1187): create_payment_callback(Object(WP_REST_Request))
#2 /var/www/html/wp-includes/rest-api/class-wp-rest-server.php(1034): WP_REST_Server->respond_to_request(Object(WP_REST_Request), '/wp/v2/createPa...', Array, NULL)
#3 /var/www/html/wp-includes/rest-api/class-wp-rest-server.php(426): WP_REST_Server->dispatch(Object(WP_REST_Request))
#4 /var/www/html/wp-includes/rest-api.php(410): WP_REST_Server->serve_request('/wp/v2/createPa...')
#5 /var/www/html/wp-includes/class-wp-hook.php(308): rest_api_loaded(Object(WP))
#6 /var/www/html/wp-includes/class-wp-hook.php(332): WP_Hook->apply_filters(NULL, Array)
#7 /var/www/html/wp-includes/plugin.php(565): WP_Hook->do_action(Array)
#8 /var/www/html/wp-includes/class-wp.php(399): do_action_ref_array('parse_request', Array)
#9 /var/www/html/wp-includes/class-wp.php(780): WP->parse_request('')
#10 /var/www/html/wp-includes/functions.php(1334): WP->main('')
#11 /var/www/html/wp-blog-header.php(16): wp()
#12 /var/www/html/index.php(17): require('/var/www/html/w...')
#13 {main}
  thrown in /var/www/html/wp-content/themes/my-theme/Classes/YookassaServise.php on line 29

2023-11-05T06:03:31+00:00 CRITICAL Uncaught Error: Using $this when not in object context in /var/www/html/wp-content/themes/my-theme/Classes/YookassaServise.php:29
Stack trace:
#0 /var/www/html/wp-content/themes/my-theme/routes.php(82): App\Classes\YookassaServise::create_payment(NULL)
#1 /var/www/html/wp-includes/rest-api/class-wp-rest-server.php(1187): create_payment_callback(Object(WP_REST_Request))
#2 /var/www/html/wp-includes/rest-api/class-wp-rest-server.php(1034): WP_REST_Server->respond_to_request(Object(WP_REST_Request), '/wp/v2/createPa...', Array, NULL)
#3 /var/www/html/wp-includes/rest-api/class-wp-rest-server.php(426): WP_REST_Server->dispatch(Object(WP_REST_Request))
#4 /var/www/html/wp-includes/rest-api.php(410): WP_REST_Server->serve_request('/wp/v2/createPa...')
#5 /var/www/html/wp-includes/class-wp-hook.php(308): rest_api_loaded(Object(WP))
#6 /var/www/html/wp-includes/class-wp-hook.php(332): WP_Hook->apply_filters(NULL, Array)
#7 /var/www/html/wp-includes/plugin.php(565): WP_Hook->do_action(Array)
#8 /var/www/html/wp-includes/class-wp.php(399): do_action_ref_array('parse_request', Array)
#9 /var/www/html/wp-includes/class-wp.php(780): WP->parse_request('')
#10 /var/www/html/wp-includes/functions.php(1334): WP->main('')
#11 /var/www/html/wp-blog-header.php(16): wp()
#12 /var/www/html/index.php(17): require('/var/www/html/w...')
#13 {main}
  thrown in /var/www/html/wp-content/themes/my-theme/Classes/YookassaServise.php on line 29

2023-11-05T06:03:32+00:00 CRITICAL Uncaught Error: Using $this when not in object context in /var/www/html/wp-content/themes/my-theme/Classes/YookassaServise.php:29
Stack trace:
#0 /var/www/html/wp-content/themes/my-theme/routes.php(82): App\Classes\YookassaServise::create_payment(NULL)
#1 /var/www/html/wp-includes/rest-api/class-wp-rest-server.php(1187): create_payment_callback(Object(WP_REST_Request))
#2 /var/www/html/wp-includes/rest-api/class-wp-rest-server.php(1034): WP_REST_Server->respond_to_request(Object(WP_REST_Request), '/wp/v2/createPa...', Array, NULL)
#3 /var/www/html/wp-includes/rest-api/class-wp-rest-server.php(426): WP_REST_Server->dispatch(Object(WP_REST_Request))
#4 /var/www/html/wp-includes/rest-api.php(410): WP_REST_Server->serve_request('/wp/v2/createPa...')
#5 /var/www/html/wp-includes/class-wp-hook.php(308): rest_api_loaded(Object(WP))
#6 /var/www/html/wp-includes/class-wp-hook.php(332): WP_Hook->apply_filters(NULL, Array)
#7 /var/www/html/wp-includes/plugin.php(565): WP_Hook->do_action(Array)
#8 /var/www/html/wp-includes/class-wp.php(399): do_action_ref_array('parse_request', Array)
#9 /var/www/html/wp-includes/class-wp.php(780): WP->parse_request('')
#10 /var/www/html/wp-includes/functions.php(1334): WP->main('')
#11 /var/www/html/wp-blog-header.php(16): wp()
#12 /var/www/html/index.php(17): require('/var/www/html/w...')
#13 {main}
  thrown in /var/www/html/wp-content/themes/my-theme/Classes/YookassaServise.php on line 29

2023-11-05T06:04:47+00:00 CRITICAL Uncaught Error: Using $this when not in object context in /var/www/html/wp-content/themes/my-theme/Classes/YookassaServise.php:28
Stack trace:
#0 /var/www/html/wp-content/themes/my-theme/routes.php(82): App\Classes\YookassaServise::create_payment(NULL)
#1 /var/www/html/wp-includes/rest-api/class-wp-rest-server.php(1187): create_payment_callback(Object(WP_REST_Request))
#2 /var/www/html/wp-includes/rest-api/class-wp-rest-server.php(1034): WP_REST_Server->respond_to_request(Object(WP_REST_Request), '/wp/v2/createPa...', Array, NULL)
#3 /var/www/html/wp-includes/rest-api/class-wp-rest-server.php(426): WP_REST_Server->dispatch(Object(WP_REST_Request))
#4 /var/www/html/wp-includes/rest-api.php(410): WP_REST_Server->serve_request('/wp/v2/createPa...')
#5 /var/www/html/wp-includes/class-wp-hook.php(308): rest_api_loaded(Object(WP))
#6 /var/www/html/wp-includes/class-wp-hook.php(332): WP_Hook->apply_filters(NULL, Array)
#7 /var/www/html/wp-includes/plugin.php(565): WP_Hook->do_action(Array)
#8 /var/www/html/wp-includes/class-wp.php(399): do_action_ref_array('parse_request', Array)
#9 /var/www/html/wp-includes/class-wp.php(780): WP->parse_request('')
#10 /var/www/html/wp-includes/functions.php(1334): WP->main('')
#11 /var/www/html/wp-blog-header.php(16): wp()
#12 /var/www/html/index.php(17): require('/var/www/html/w...')
#13 {main}
  thrown in /var/www/html/wp-content/themes/my-theme/Classes/YookassaServise.php on line 28

2023-11-05T06:04:48+00:00 CRITICAL Uncaught Error: Using $this when not in object context in /var/www/html/wp-content/themes/my-theme/Classes/YookassaServise.php:28
Stack trace:
#0 /var/www/html/wp-content/themes/my-theme/routes.php(82): App\Classes\YookassaServise::create_payment(NULL)
#1 /var/www/html/wp-includes/rest-api/class-wp-rest-server.php(1187): create_payment_callback(Object(WP_REST_Request))
#2 /var/www/html/wp-includes/rest-api/class-wp-rest-server.php(1034): WP_REST_Server->respond_to_request(Object(WP_REST_Request), '/wp/v2/createPa...', Array, NULL)
#3 /var/www/html/wp-includes/rest-api/class-wp-rest-server.php(426): WP_REST_Server->dispatch(Object(WP_REST_Request))
#4 /var/www/html/wp-includes/rest-api.php(410): WP_REST_Server->serve_request('/wp/v2/createPa...')
#5 /var/www/html/wp-includes/class-wp-hook.php(308): rest_api_loaded(Object(WP))
#6 /var/www/html/wp-includes/class-wp-hook.php(332): WP_Hook->apply_filters(NULL, Array)
#7 /var/www/html/wp-includes/plugin.php(565): WP_Hook->do_action(Array)
#8 /var/www/html/wp-includes/class-wp.php(399): do_action_ref_array('parse_request', Array)
#9 /var/www/html/wp-includes/class-wp.php(780): WP->parse_request('')
#10 /var/www/html/wp-includes/functions.php(1334): WP->main('')
#11 /var/www/html/wp-blog-header.php(16): wp()
#12 /var/www/html/index.php(17): require('/var/www/html/w...')
#13 {main}
  thrown in /var/www/html/wp-content/themes/my-theme/Classes/YookassaServise.php on line 28

2023-11-05T06:04:49+00:00 CRITICAL Uncaught Error: Using $this when not in object context in /var/www/html/wp-content/themes/my-theme/Classes/YookassaServise.php:28
Stack trace:
#0 /var/www/html/wp-content/themes/my-theme/routes.php(82): App\Classes\YookassaServise::create_payment(NULL)
#1 /var/www/html/wp-includes/rest-api/class-wp-rest-server.php(1187): create_payment_callback(Object(WP_REST_Request))
#2 /var/www/html/wp-includes/rest-api/class-wp-rest-server.php(1034): WP_REST_Server->respond_to_request(Object(WP_REST_Request), '/wp/v2/createPa...', Array, NULL)
#3 /var/www/html/wp-includes/rest-api/class-wp-rest-server.php(426): WP_REST_Server->dispatch(Object(WP_REST_Request))
#4 /var/www/html/wp-includes/rest-api.php(410): WP_REST_Server->serve_request('/wp/v2/createPa...')
#5 /var/www/html/wp-includes/class-wp-hook.php(308): rest_api_loaded(Object(WP))
#6 /var/www/html/wp-includes/class-wp-hook.php(332): WP_Hook->apply_filters(NULL, Array)
#7 /var/www/html/wp-includes/plugin.php(565): WP_Hook->do_action(Array)
#8 /var/www/html/wp-includes/class-wp.php(399): do_action_ref_array('parse_request', Array)
#9 /var/www/html/wp-includes/class-wp.php(780): WP->parse_request('')
#10 /var/www/html/wp-includes/functions.php(1334): WP->main('')
#11 /var/www/html/wp-blog-header.php(16): wp()
#12 /var/www/html/index.php(17): require('/var/www/html/w...')
#13 {main}
  thrown in /var/www/html/wp-content/themes/my-theme/Classes/YookassaServise.php on line 28

2023-11-05T06:04:51+00:00 CRITICAL Uncaught Error: Using $this when not in object context in /var/www/html/wp-content/themes/my-theme/Classes/YookassaServise.php:28
Stack trace:
#0 /var/www/html/wp-content/themes/my-theme/routes.php(82): App\Classes\YookassaServise::create_payment(NULL)
#1 /var/www/html/wp-includes/rest-api/class-wp-rest-server.php(1187): create_payment_callback(Object(WP_REST_Request))
#2 /var/www/html/wp-includes/rest-api/class-wp-rest-server.php(1034): WP_REST_Server->respond_to_request(Object(WP_REST_Request), '/wp/v2/createPa...', Array, NULL)
#3 /var/www/html/wp-includes/rest-api/class-wp-rest-server.php(426): WP_REST_Server->dispatch(Object(WP_REST_Request))
#4 /var/www/html/wp-includes/rest-api.php(410): WP_REST_Server->serve_request('/wp/v2/createPa...')
#5 /var/www/html/wp-includes/class-wp-hook.php(308): rest_api_loaded(Object(WP))
#6 /var/www/html/wp-includes/class-wp-hook.php(332): WP_Hook->apply_filters(NULL, Array)
#7 /var/www/html/wp-includes/plugin.php(565): WP_Hook->do_action(Array)
#8 /var/www/html/wp-includes/class-wp.php(399): do_action_ref_array('parse_request', Array)
#9 /var/www/html/wp-includes/class-wp.php(780): WP->parse_request('')
#10 /var/www/html/wp-includes/functions.php(1334): WP->main('')
#11 /var/www/html/wp-blog-header.php(16): wp()
#12 /var/www/html/index.php(17): require('/var/www/html/w...')
#13 {main}
  thrown in /var/www/html/wp-content/themes/my-theme/Classes/YookassaServise.php on line 28

2023-11-05T06:04:54+00:00 CRITICAL Uncaught Error: Using $this when not in object context in /var/www/html/wp-content/themes/my-theme/Classes/YookassaServise.php:28
Stack trace:
#0 /var/www/html/wp-content/themes/my-theme/routes.php(82): App\Classes\YookassaServise::create_payment(NULL)
#1 /var/www/html/wp-includes/rest-api/class-wp-rest-server.php(1187): create_payment_callback(Object(WP_REST_Request))
#2 /var/www/html/wp-includes/rest-api/class-wp-rest-server.php(1034): WP_REST_Server->respond_to_request(Object(WP_REST_Request), '/wp/v2/createPa...', Array, NULL)
#3 /var/www/html/wp-includes/rest-api/class-wp-rest-server.php(426): WP_REST_Server->dispatch(Object(WP_REST_Request))
#4 /var/www/html/wp-includes/rest-api.php(410): WP_REST_Server->serve_request('/wp/v2/createPa...')
#5 /var/www/html/wp-includes/class-wp-hook.php(308): rest_api_loaded(Object(WP))
#6 /var/www/html/wp-includes/class-wp-hook.php(332): WP_Hook->apply_filters(NULL, Array)
#7 /var/www/html/wp-includes/plugin.php(565): WP_Hook->do_action(Array)
#8 /var/www/html/wp-includes/class-wp.php(399): do_action_ref_array('parse_request', Array)
#9 /var/www/html/wp-includes/class-wp.php(780): WP->parse_request('')
#10 /var/www/html/wp-includes/functions.php(1334): WP->main('')
#11 /var/www/html/wp-blog-header.php(16): wp()
#12 /var/www/html/index.php(17): require('/var/www/html/w...')
#13 {main}
  thrown in /var/www/html/wp-content/themes/my-theme/Classes/YookassaServise.php on line 28

2023-11-05T06:04:55+00:00 CRITICAL Uncaught Error: Using $this when not in object context in /var/www/html/wp-content/themes/my-theme/Classes/YookassaServise.php:28
Stack trace:
#0 /var/www/html/wp-content/themes/my-theme/routes.php(82): App\Classes\YookassaServise::create_payment(NULL)
#1 /var/www/html/wp-includes/rest-api/class-wp-rest-server.php(1187): create_payment_callback(Object(WP_REST_Request))
#2 /var/www/html/wp-includes/rest-api/class-wp-rest-server.php(1034): WP_REST_Server->respond_to_request(Object(WP_REST_Request), '/wp/v2/createPa...', Array, NULL)
#3 /var/www/html/wp-includes/rest-api/class-wp-rest-server.php(426): WP_REST_Server->dispatch(Object(WP_REST_Request))
#4 /var/www/html/wp-includes/rest-api.php(410): WP_REST_Server->serve_request('/wp/v2/createPa...')
#5 /var/www/html/wp-includes/class-wp-hook.php(308): rest_api_loaded(Object(WP))
#6 /var/www/html/wp-includes/class-wp-hook.php(332): WP_Hook->apply_filters(NULL, Array)
#7 /var/www/html/wp-includes/plugin.php(565): WP_Hook->do_action(Array)
#8 /var/www/html/wp-includes/class-wp.php(399): do_action_ref_array('parse_request', Array)
#9 /var/www/html/wp-includes/class-wp.php(780): WP->parse_request('')
#10 /var/www/html/wp-includes/functions.php(1334): WP->main('')
#11 /var/www/html/wp-blog-header.php(16): wp()
#12 /var/www/html/index.php(17): require('/var/www/html/w...')
#13 {main}
  thrown in /var/www/html/wp-content/themes/my-theme/Classes/YookassaServise.php on line 28

2023-11-05T06:05:12+00:00 CRITICAL Uncaught Error: Using $this when not in object context in /var/www/html/wp-content/themes/my-theme/Classes/YookassaServise.php:28
Stack trace:
#0 /var/www/html/wp-content/themes/my-theme/routes.php(82): App\Classes\YookassaServise::create_payment(NULL)
#1 /var/www/html/wp-includes/rest-api/class-wp-rest-server.php(1187): create_payment_callback(Object(WP_REST_Request))
#2 /var/www/html/wp-includes/rest-api/class-wp-rest-server.php(1034): WP_REST_Server->respond_to_request(Object(WP_REST_Request), '/wp/v2/createPa...', Array, NULL)
#3 /var/www/html/wp-includes/rest-api/class-wp-rest-server.php(426): WP_REST_Server->dispatch(Object(WP_REST_Request))
#4 /var/www/html/wp-includes/rest-api.php(410): WP_REST_Server->serve_request('/wp/v2/createPa...')
#5 /var/www/html/wp-includes/class-wp-hook.php(308): rest_api_loaded(Object(WP))
#6 /var/www/html/wp-includes/class-wp-hook.php(332): WP_Hook->apply_filters(NULL, Array)
#7 /var/www/html/wp-includes/plugin.php(565): WP_Hook->do_action(Array)
#8 /var/www/html/wp-includes/class-wp.php(399): do_action_ref_array('parse_request', Array)
#9 /var/www/html/wp-includes/class-wp.php(780): WP->parse_request('')
#10 /var/www/html/wp-includes/functions.php(1334): WP->main('')
#11 /var/www/html/wp-blog-header.php(16): wp()
#12 /var/www/html/index.php(17): require('/var/www/html/w...')
#13 {main}
  thrown in /var/www/html/wp-content/themes/my-theme/Classes/YookassaServise.php on line 28

2023-11-05T06:05:13+00:00 CRITICAL Uncaught Error: Using $this when not in object context in /var/www/html/wp-content/themes/my-theme/Classes/YookassaServise.php:28
Stack trace:
#0 /var/www/html/wp-content/themes/my-theme/routes.php(82): App\Classes\YookassaServise::create_payment(NULL)
#1 /var/www/html/wp-includes/rest-api/class-wp-rest-server.php(1187): create_payment_callback(Object(WP_REST_Request))
#2 /var/www/html/wp-includes/rest-api/class-wp-rest-server.php(1034): WP_REST_Server->respond_to_request(Object(WP_REST_Request), '/wp/v2/createPa...', Array, NULL)
#3 /var/www/html/wp-includes/rest-api/class-wp-rest-server.php(426): WP_REST_Server->dispatch(Object(WP_REST_Request))
#4 /var/www/html/wp-includes/rest-api.php(410): WP_REST_Server->serve_request('/wp/v2/createPa...')
#5 /var/www/html/wp-includes/class-wp-hook.php(308): rest_api_loaded(Object(WP))
#6 /var/www/html/wp-includes/class-wp-hook.php(332): WP_Hook->apply_filters(NULL, Array)
#7 /var/www/html/wp-includes/plugin.php(565): WP_Hook->do_action(Array)
#8 /var/www/html/wp-includes/class-wp.php(399): do_action_ref_array('parse_request', Array)
#9 /var/www/html/wp-includes/class-wp.php(780): WP->parse_request('')
#10 /var/www/html/wp-includes/functions.php(1334): WP->main('')
#11 /var/www/html/wp-blog-header.php(16): wp()
#12 /var/www/html/index.php(17): require('/var/www/html/w...')
#13 {main}
  thrown in /var/www/html/wp-content/themes/my-theme/Classes/YookassaServise.php on line 28

2023-11-05T06:06:03+00:00 CRITICAL Uncaught Error: Using $this when not in object context in /var/www/html/wp-content/themes/my-theme/Classes/YookassaServise.php:28
Stack trace:
#0 /var/www/html/wp-content/themes/my-theme/routes.php(82): App\Classes\YookassaServise::create_payment(NULL)
#1 /var/www/html/wp-includes/rest-api/class-wp-rest-server.php(1187): create_payment_callback(Object(WP_REST_Request))
#2 /var/www/html/wp-includes/rest-api/class-wp-rest-server.php(1034): WP_REST_Server->respond_to_request(Object(WP_REST_Request), '/wp/v2/createPa...', Array, NULL)
#3 /var/www/html/wp-includes/rest-api/class-wp-rest-server.php(426): WP_REST_Server->dispatch(Object(WP_REST_Request))
#4 /var/www/html/wp-includes/rest-api.php(410): WP_REST_Server->serve_request('/wp/v2/createPa...')
#5 /var/www/html/wp-includes/class-wp-hook.php(308): rest_api_loaded(Object(WP))
#6 /var/www/html/wp-includes/class-wp-hook.php(332): WP_Hook->apply_filters(NULL, Array)
#7 /var/www/html/wp-includes/plugin.php(565): WP_Hook->do_action(Array)
#8 /var/www/html/wp-includes/class-wp.php(399): do_action_ref_array('parse_request', Array)
#9 /var/www/html/wp-includes/class-wp.php(780): WP->parse_request('')
#10 /var/www/html/wp-includes/functions.php(1334): WP->main('')
#11 /var/www/html/wp-blog-header.php(16): wp()
#12 /var/www/html/index.php(17): require('/var/www/html/w...')
#13 {main}
  thrown in /var/www/html/wp-content/themes/my-theme/Classes/YookassaServise.php on line 28

2023-11-05T06:06:22+00:00 CRITICAL Uncaught YooKassa\Validator\Exceptions\EmptyPropertyValueException: Empty amount value in /var/www/html/vendor/yoomoney/yookassa-sdk-php/lib/Model/MonetaryAmount.php:112
Stack trace:
#0 /var/www/html/vendor/yoomoney/yookassa-sdk-php/lib/Common/AbstractObject.php(182): YooKassa\Model\MonetaryAmount->setValue(NULL)
#1 /var/www/html/vendor/yoomoney/yookassa-sdk-php/lib/Common/AbstractObject.php(225): YooKassa\Common\AbstractObject->offsetSet('value', NULL)
#2 /var/www/html/vendor/yoomoney/yookassa-sdk-php/lib/Request/Payments/AbstractPaymentRequestBuilder.php(91): YooKassa\Common\AbstractObject->fromArray(Array)
#3 /var/www/html/vendor/yoomoney/yookassa-sdk-php/lib/Common/AbstractRequestBuilder.php(110): YooKassa\Request\Payments\AbstractPaymentRequestBuilder->setAmount(Array)
#4 /var/www/html/vendor/yoomoney/yookassa-sdk-php/lib/Request/Payments/CreatePaymentRequestBuilder.php(390): YooKassa\Common\AbstractRequestBuilder->setOptions(Array)
#5 /var/www/html/vendor/yoomoney/yookassa-sdk-php/lib/Client.php(228): YooKassa\Request\Payments\CreatePaymentRequestBuilder->build(Array)
#6 /var/www/html/wp-content/themes/my-theme/Classes/YookassaServise.php(42): YooKassa\Client->createPayment(Array, '654730de87dff8....')
#7 /var/www/html/wp-content/themes/my-theme/routes.php(82): App\Classes\YookassaServise->create_payment(NULL)
#8 /var/www/html/wp-includes/rest-api/class-wp-rest-server.php(1187): create_payment_callback(Object(WP_REST_Request))
#9 /var/www/html/wp-includes/rest-api/class-wp-rest-server.php(1034): WP_REST_Server->respond_to_request(Object(WP_REST_Request), '/wp/v2/createPa...', Array, NULL)
#10 /var/www/html/wp-includes/rest-api/class-wp-rest-server.php(426): WP_REST_Server->dispatch(Object(WP_REST_Request))
#11 /var/www/html/wp-includes/rest-api.php(410): WP_REST_Server->serve_request('/wp/v2/createPa...')
#12 /var/www/html/wp-includes/class-wp-hook.php(308): rest_api_loaded(Object(WP))
#13 /var/www/html/wp-includes/class-wp-hook.php(332): WP_Hook->apply_filters(NULL, Array)
#14 /var/www/html/wp-includes/plugin.php(565): WP_Hook->do_action(Array)
#15 /var/www/html/wp-includes/class-wp.php(399): do_action_ref_array('parse_request', Array)
#16 /var/www/html/wp-includes/class-wp.php(780): WP->parse_request('')
#17 /var/www/html/wp-includes/functions.php(1334): WP->main('')
#18 /var/www/html/wp-blog-header.php(16): wp()
#19 /var/www/html/index.php(17): require('/var/www/html/w...')
#20 {main}
  thrown in /var/www/html/vendor/yoomoney/yookassa-sdk-php/lib/Model/MonetaryAmount.php on line 112

2023-11-05T06:06:43+00:00 CRITICAL Uncaught YooKassa\Validator\Exceptions\EmptyPropertyValueException: Empty amount value in /var/www/html/vendor/yoomoney/yookassa-sdk-php/lib/Model/MonetaryAmount.php:112
Stack trace:
#0 /var/www/html/vendor/yoomoney/yookassa-sdk-php/lib/Common/AbstractObject.php(182): YooKassa\Model\MonetaryAmount->setValue(NULL)
#1 /var/www/html/vendor/yoomoney/yookassa-sdk-php/lib/Common/AbstractObject.php(225): YooKassa\Common\AbstractObject->offsetSet('value', NULL)
#2 /var/www/html/vendor/yoomoney/yookassa-sdk-php/lib/Request/Payments/AbstractPaymentRequestBuilder.php(91): YooKassa\Common\AbstractObject->fromArray(Array)
#3 /var/www/html/vendor/yoomoney/yookassa-sdk-php/lib/Common/AbstractRequestBuilder.php(110): YooKassa\Request\Payments\AbstractPaymentRequestBuilder->setAmount(Array)
#4 /var/www/html/vendor/yoomoney/yookassa-sdk-php/lib/Request/Payments/CreatePaymentRequestBuilder.php(390): YooKassa\Common\AbstractRequestBuilder->setOptions(Array)
#5 /var/www/html/vendor/yoomoney/yookassa-sdk-php/lib/Client.php(228): YooKassa\Request\Payments\CreatePaymentRequestBuilder->build(Array)
#6 /var/www/html/wp-content/themes/my-theme/Classes/YookassaServise.php(41): YooKassa\Client->createPayment(Array, '654730f38841e5....')
#7 /var/www/html/wp-content/themes/my-theme/routes.php(82): App\Classes\YookassaServise->create_payment(NULL)
#8 /var/www/html/wp-includes/rest-api/class-wp-rest-server.php(1187): create_payment_callback(Object(WP_REST_Request))
#9 /var/www/html/wp-includes/rest-api/class-wp-rest-server.php(1034): WP_REST_Server->respond_to_request(Object(WP_REST_Request), '/wp/v2/createPa...', Array, NULL)
#10 /var/www/html/wp-includes/rest-api/class-wp-rest-server.php(426): WP_REST_Server->dispatch(Object(WP_REST_Request))
#11 /var/www/html/wp-includes/rest-api.php(410): WP_REST_Server->serve_request('/wp/v2/createPa...')
#12 /var/www/html/wp-includes/class-wp-hook.php(308): rest_api_loaded(Object(WP))
#13 /var/www/html/wp-includes/class-wp-hook.php(332): WP_Hook->apply_filters(NULL, Array)
#14 /var/www/html/wp-includes/plugin.php(565): WP_Hook->do_action(Array)
#15 /var/www/html/wp-includes/class-wp.php(399): do_action_ref_array('parse_request', Array)
#16 /var/www/html/wp-includes/class-wp.php(780): WP->parse_request('')
#17 /var/www/html/wp-includes/functions.php(1334): WP->main('')
#18 /var/www/html/wp-blog-header.php(16): wp()
#19 /var/www/html/index.php(17): require('/var/www/html/w...')
#20 {main}
  thrown in /var/www/html/vendor/yoomoney/yookassa-sdk-php/lib/Model/MonetaryAmount.php on line 112

2023-11-05T06:06:44+00:00 CRITICAL Uncaught YooKassa\Validator\Exceptions\EmptyPropertyValueException: Empty amount value in /var/www/html/vendor/yoomoney/yookassa-sdk-php/lib/Model/MonetaryAmount.php:112
Stack trace:
#0 /var/www/html/vendor/yoomoney/yookassa-sdk-php/lib/Common/AbstractObject.php(182): YooKassa\Model\MonetaryAmount->setValue(NULL)
#1 /var/www/html/vendor/yoomoney/yookassa-sdk-php/lib/Common/AbstractObject.php(225): YooKassa\Common\AbstractObject->offsetSet('value', NULL)
#2 /var/www/html/vendor/yoomoney/yookassa-sdk-php/lib/Request/Payments/AbstractPaymentRequestBuilder.php(91): YooKassa\Common\AbstractObject->fromArray(Array)
#3 /var/www/html/vendor/yoomoney/yookassa-sdk-php/lib/Common/AbstractRequestBuilder.php(110): YooKassa\Request\Payments\AbstractPaymentRequestBuilder->setAmount(Array)
#4 /var/www/html/vendor/yoomoney/yookassa-sdk-php/lib/Request/Payments/CreatePaymentRequestBuilder.php(390): YooKassa\Common\AbstractRequestBuilder->setOptions(Array)
#5 /var/www/html/vendor/yoomoney/yookassa-sdk-php/lib/Client.php(228): YooKassa\Request\Payments\CreatePaymentRequestBuilder->build(Array)
#6 /var/www/html/wp-content/themes/my-theme/Classes/YookassaServise.php(41): YooKassa\Client->createPayment(Array, '654730f48c2db7....')
#7 /var/www/html/wp-content/themes/my-theme/routes.php(82): App\Classes\YookassaServise->create_payment(NULL)
#8 /var/www/html/wp-includes/rest-api/class-wp-rest-server.php(1187): create_payment_callback(Object(WP_REST_Request))
#9 /var/www/html/wp-includes/rest-api/class-wp-rest-server.php(1034): WP_REST_Server->respond_to_request(Object(WP_REST_Request), '/wp/v2/createPa...', Array, NULL)
#10 /var/www/html/wp-includes/rest-api/class-wp-rest-server.php(426): WP_REST_Server->dispatch(Object(WP_REST_Request))
#11 /var/www/html/wp-includes/rest-api.php(410): WP_REST_Server->serve_request('/wp/v2/createPa...')
#12 /var/www/html/wp-includes/class-wp-hook.php(308): rest_api_loaded(Object(WP))
#13 /var/www/html/wp-includes/class-wp-hook.php(332): WP_Hook->apply_filters(NULL, Array)
#14 /var/www/html/wp-includes/plugin.php(565): WP_Hook->do_action(Array)
#15 /var/www/html/wp-includes/class-wp.php(399): do_action_ref_array('parse_request', Array)
#16 /var/www/html/wp-includes/class-wp.php(780): WP->parse_request('')
#17 /var/www/html/wp-includes/functions.php(1334): WP->main('')
#18 /var/www/html/wp-blog-header.php(16): wp()
#19 /var/www/html/index.php(17): require('/var/www/html/w...')
#20 {main}
  thrown in /var/www/html/vendor/yoomoney/yookassa-sdk-php/lib/Model/MonetaryAmount.php on line 112

2023-11-05T06:07:44+00:00 CRITICAL Uncaught YooKassa\Validator\Exceptions\EmptyPropertyValueException: Empty amount value in /var/www/html/vendor/yoomoney/yookassa-sdk-php/lib/Model/MonetaryAmount.php:112
Stack trace:
#0 /var/www/html/vendor/yoomoney/yookassa-sdk-php/lib/Common/AbstractObject.php(182): YooKassa\Model\MonetaryAmount->setValue(NULL)
#1 /var/www/html/vendor/yoomoney/yookassa-sdk-php/lib/Common/AbstractObject.php(225): YooKassa\Common\AbstractObject->offsetSet('value', NULL)
#2 /var/www/html/vendor/yoomoney/yookassa-sdk-php/lib/Request/Payments/AbstractPaymentRequestBuilder.php(91): YooKassa\Common\AbstractObject->fromArray(Array)
#3 /var/www/html/vendor/yoomoney/yookassa-sdk-php/lib/Common/AbstractRequestBuilder.php(110): YooKassa\Request\Payments\AbstractPaymentRequestBuilder->setAmount(Array)
#4 /var/www/html/vendor/yoomoney/yookassa-sdk-php/lib/Request/Payments/CreatePaymentRequestBuilder.php(390): YooKassa\Common\AbstractRequestBuilder->setOptions(Array)
#5 /var/www/html/vendor/yoomoney/yookassa-sdk-php/lib/Client.php(228): YooKassa\Request\Payments\CreatePaymentRequestBuilder->build(Array)
#6 /var/www/html/wp-content/themes/my-theme/Classes/YookassaServise.php(42): YooKassa\Client->createPayment(Array, '65473130f1ef29....')
#7 /var/www/html/wp-content/themes/my-theme/routes.php(82): App\Classes\YookassaServise->create_payment(NULL)
#8 /var/www/html/wp-includes/rest-api/class-wp-rest-server.php(1187): create_payment_callback(Object(WP_REST_Request))
#9 /var/www/html/wp-includes/rest-api/class-wp-rest-server.php(1034): WP_REST_Server->respond_to_request(Object(WP_REST_Request), '/wp/v2/createPa...', Array, NULL)
#10 /var/www/html/wp-includes/rest-api/class-wp-rest-server.php(426): WP_REST_Server->dispatch(Object(WP_REST_Request))
#11 /var/www/html/wp-includes/rest-api.php(410): WP_REST_Server->serve_request('/wp/v2/createPa...')
#12 /var/www/html/wp-includes/class-wp-hook.php(308): rest_api_loaded(Object(WP))
#13 /var/www/html/wp-includes/class-wp-hook.php(332): WP_Hook->apply_filters(NULL, Array)
#14 /var/www/html/wp-includes/plugin.php(565): WP_Hook->do_action(Array)
#15 /var/www/html/wp-includes/class-wp.php(399): do_action_ref_array('parse_request', Array)
#16 /var/www/html/wp-includes/class-wp.php(780): WP->parse_request('')
#17 /var/www/html/wp-includes/functions.php(1334): WP->main('')
#18 /var/www/html/wp-blog-header.php(16): wp()
#19 /var/www/html/index.php(17): require('/var/www/html/w...')
#20 {main}
  thrown in /var/www/html/vendor/yoomoney/yookassa-sdk-php/lib/Model/MonetaryAmount.php on line 112

2023-11-05T06:07:57+00:00 CRITICAL Uncaught YooKassa\Validator\Exceptions\EmptyPropertyValueException: Empty amount value in /var/www/html/vendor/yoomoney/yookassa-sdk-php/lib/Model/MonetaryAmount.php:112
Stack trace:
#0 /var/www/html/vendor/yoomoney/yookassa-sdk-php/lib/Common/AbstractObject.php(182): YooKassa\Model\MonetaryAmount->setValue(NULL)
#1 /var/www/html/vendor/yoomoney/yookassa-sdk-php/lib/Common/AbstractObject.php(225): YooKassa\Common\AbstractObject->offsetSet('value', NULL)
#2 /var/www/html/vendor/yoomoney/yookassa-sdk-php/lib/Request/Payments/AbstractPaymentRequestBuilder.php(91): YooKassa\Common\AbstractObject->fromArray(Array)
#3 /var/www/html/vendor/yoomoney/yookassa-sdk-php/lib/Common/AbstractRequestBuilder.php(110): YooKassa\Request\Payments\AbstractPaymentRequestBuilder->setAmount(Array)
#4 /var/www/html/vendor/yoomoney/yookassa-sdk-php/lib/Request/Payments/CreatePaymentRequestBuilder.php(390): YooKassa\Common\AbstractRequestBuilder->setOptions(Array)
#5 /var/www/html/vendor/yoomoney/yookassa-sdk-php/lib/Client.php(228): YooKassa\Request\Payments\CreatePaymentRequestBuilder->build(Array)
#6 /var/www/html/wp-content/themes/my-theme/Classes/YookassaServise.php(42): YooKassa\Client->createPayment(Array, '6547313d3b5c57....')
#7 /var/www/html/wp-content/themes/my-theme/routes.php(82): App\Classes\YookassaServise->create_payment(NULL)
#8 /var/www/html/wp-includes/rest-api/class-wp-rest-server.php(1187): create_payment_callback(Object(WP_REST_Request))
#9 /var/www/html/wp-includes/rest-api/class-wp-rest-server.php(1034): WP_REST_Server->respond_to_request(Object(WP_REST_Request), '/wp/v2/createPa...', Array, NULL)
#10 /var/www/html/wp-includes/rest-api/class-wp-rest-server.php(426): WP_REST_Server->dispatch(Object(WP_REST_Request))
#11 /var/www/html/wp-includes/rest-api.php(410): WP_REST_Server->serve_request('/wp/v2/createPa...')
#12 /var/www/html/wp-includes/class-wp-hook.php(308): rest_api_loaded(Object(WP))
#13 /var/www/html/wp-includes/class-wp-hook.php(332): WP_Hook->apply_filters(NULL, Array)
#14 /var/www/html/wp-includes/plugin.php(565): WP_Hook->do_action(Array)
#15 /var/www/html/wp-includes/class-wp.php(399): do_action_ref_array('parse_request', Array)
#16 /var/www/html/wp-includes/class-wp.php(780): WP->parse_request('')
#17 /var/www/html/wp-includes/functions.php(1334): WP->main('')
#18 /var/www/html/wp-blog-header.php(16): wp()
#19 /var/www/html/index.php(17): require('/var/www/html/w...')
#20 {main}
  thrown in /var/www/html/vendor/yoomoney/yookassa-sdk-php/lib/Model/MonetaryAmount.php on line 112

2023-11-05T06:08:18+00:00 CRITICAL Uncaught YooKassa\Validator\Exceptions\EmptyPropertyValueException: Empty amount value in /var/www/html/vendor/yoomoney/yookassa-sdk-php/lib/Model/MonetaryAmount.php:112
Stack trace:
#0 /var/www/html/vendor/yoomoney/yookassa-sdk-php/lib/Common/AbstractObject.php(182): YooKassa\Model\MonetaryAmount->setValue(NULL)
#1 /var/www/html/vendor/yoomoney/yookassa-sdk-php/lib/Common/AbstractObject.php(225): YooKassa\Common\AbstractObject->offsetSet('value', NULL)
#2 /var/www/html/vendor/yoomoney/yookassa-sdk-php/lib/Request/Payments/AbstractPaymentRequestBuilder.php(91): YooKassa\Common\AbstractObject->fromArray(Array)
#3 /var/www/html/vendor/yoomoney/yookassa-sdk-php/lib/Common/AbstractRequestBuilder.php(110): YooKassa\Request\Payments\AbstractPaymentRequestBuilder->setAmount(Array)
#4 /var/www/html/vendor/yoomoney/yookassa-sdk-php/lib/Request/Payments/CreatePaymentRequestBuilder.php(390): YooKassa\Common\AbstractRequestBuilder->setOptions(Array)
#5 /var/www/html/vendor/yoomoney/yookassa-sdk-php/lib/Client.php(228): YooKassa\Request\Payments\CreatePaymentRequestBuilder->build(Array)
#6 /var/www/html/wp-content/themes/my-theme/Classes/YookassaServise.php(42): YooKassa\Client->createPayment(Array, '65473152e67f30....')
#7 /var/www/html/wp-content/themes/my-theme/routes.php(82): App\Classes\YookassaServise->create_payment(NULL)
#8 /var/www/html/wp-includes/rest-api/class-wp-rest-server.php(1187): create_payment_callback(Object(WP_REST_Request))
#9 /var/www/html/wp-includes/rest-api/class-wp-rest-server.php(1034): WP_REST_Server->respond_to_request(Object(WP_REST_Request), '/wp/v2/createPa...', Array, NULL)
#10 /var/www/html/wp-includes/rest-api/class-wp-rest-server.php(426): WP_REST_Server->dispatch(Object(WP_REST_Request))
#11 /var/www/html/wp-includes/rest-api.php(410): WP_REST_Server->serve_request('/wp/v2/createPa...')
#12 /var/www/html/wp-includes/class-wp-hook.php(308): rest_api_loaded(Object(WP))
#13 /var/www/html/wp-includes/class-wp-hook.php(332): WP_Hook->apply_filters(NULL, Array)
#14 /var/www/html/wp-includes/plugin.php(565): WP_Hook->do_action(Array)
#15 /var/www/html/wp-includes/class-wp.php(399): do_action_ref_array('parse_request', Array)
#16 /var/www/html/wp-includes/class-wp.php(780): WP->parse_request('')
#17 /var/www/html/wp-includes/functions.php(1334): WP->main('')
#18 /var/www/html/wp-blog-header.php(16): wp()
#19 /var/www/html/index.php(17): require('/var/www/html/w...')
#20 {main}
  thrown in /var/www/html/vendor/yoomoney/yookassa-sdk-php/lib/Model/MonetaryAmount.php on line 112

2023-11-05T06:08:27+00:00 CRITICAL Uncaught YooKassa\Validator\Exceptions\EmptyPropertyValueException: Empty amount value in /var/www/html/vendor/yoomoney/yookassa-sdk-php/lib/Model/MonetaryAmount.php:112
Stack trace:
#0 /var/www/html/vendor/yoomoney/yookassa-sdk-php/lib/Common/AbstractObject.php(182): YooKassa\Model\MonetaryAmount->setValue(NULL)
#1 /var/www/html/vendor/yoomoney/yookassa-sdk-php/lib/Common/AbstractObject.php(225): YooKassa\Common\AbstractObject->offsetSet('value', NULL)
#2 /var/www/html/vendor/yoomoney/yookassa-sdk-php/lib/Request/Payments/AbstractPaymentRequestBuilder.php(91): YooKassa\Common\AbstractObject->fromArray(Array)
#3 /var/www/html/vendor/yoomoney/yookassa-sdk-php/lib/Common/AbstractRequestBuilder.php(110): YooKassa\Request\Payments\AbstractPaymentRequestBuilder->setAmount(Array)
#4 /var/www/html/vendor/yoomoney/yookassa-sdk-php/lib/Request/Payments/CreatePaymentRequestBuilder.php(390): YooKassa\Common\AbstractRequestBuilder->setOptions(Array)
#5 /var/www/html/vendor/yoomoney/yookassa-sdk-php/lib/Client.php(228): YooKassa\Request\Payments\CreatePaymentRequestBuilder->build(Array)
#6 /var/www/html/wp-content/themes/my-theme/Classes/YookassaServise.php(42): YooKassa\Client->createPayment(Array, '6547315b254468....')
#7 /var/www/html/wp-content/themes/my-theme/routes.php(82): App\Classes\YookassaServise->create_payment(NULL)
#8 /var/www/html/wp-includes/rest-api/class-wp-rest-server.php(1187): create_payment_callback(Object(WP_REST_Request))
#9 /var/www/html/wp-includes/rest-api/class-wp-rest-server.php(1034): WP_REST_Server->respond_to_request(Object(WP_REST_Request), '/wp/v2/createPa...', Array, NULL)
#10 /var/www/html/wp-includes/rest-api/class-wp-rest-server.php(426): WP_REST_Server->dispatch(Object(WP_REST_Request))
#11 /var/www/html/wp-includes/rest-api.php(410): WP_REST_Server->serve_request('/wp/v2/createPa...')
#12 /var/www/html/wp-includes/class-wp-hook.php(308): rest_api_loaded(Object(WP))
#13 /var/www/html/wp-includes/class-wp-hook.php(332): WP_Hook->apply_filters(NULL, Array)
#14 /var/www/html/wp-includes/plugin.php(565): WP_Hook->do_action(Array)
#15 /var/www/html/wp-includes/class-wp.php(399): do_action_ref_array('parse_request', Array)
#16 /var/www/html/wp-includes/class-wp.php(780): WP->parse_request('')
#17 /var/www/html/wp-includes/functions.php(1334): WP->main('')
#18 /var/www/html/wp-blog-header.php(16): wp()
#19 /var/www/html/index.php(17): require('/var/www/html/w...')
#20 {main}
  thrown in /var/www/html/vendor/yoomoney/yookassa-sdk-php/lib/Model/MonetaryAmount.php on line 112

2023-11-05T06:10:02+00:00 CRITICAL Uncaught YooKassa\Validator\Exceptions\EmptyPropertyValueException: Empty amount value in /var/www/html/vendor/yoomoney/yookassa-sdk-php/lib/Model/MonetaryAmount.php:112
Stack trace:
#0 /var/www/html/vendor/yoomoney/yookassa-sdk-php/lib/Common/AbstractObject.php(182): YooKassa\Model\MonetaryAmount->setValue(NULL)
#1 /var/www/html/vendor/yoomoney/yookassa-sdk-php/lib/Common/AbstractObject.php(225): YooKassa\Common\AbstractObject->offsetSet('value', NULL)
#2 /var/www/html/vendor/yoomoney/yookassa-sdk-php/lib/Request/Payments/AbstractPaymentRequestBuilder.php(91): YooKassa\Common\AbstractObject->fromArray(Array)
#3 /var/www/html/vendor/yoomoney/yookassa-sdk-php/lib/Common/AbstractRequestBuilder.php(110): YooKassa\Request\Payments\AbstractPaymentRequestBuilder->setAmount(Array)
#4 /var/www/html/vendor/yoomoney/yookassa-sdk-php/lib/Request/Payments/CreatePaymentRequestBuilder.php(390): YooKassa\Common\AbstractRequestBuilder->setOptions(Array)
#5 /var/www/html/vendor/yoomoney/yookassa-sdk-php/lib/Client.php(228): YooKassa\Request\Payments\CreatePaymentRequestBuilder->build(Array)
#6 /var/www/html/wp-content/themes/my-theme/Classes/YookassaServise.php(42): YooKassa\Client->createPayment(Array, '654731bab8e6b6....')
#7 /var/www/html/wp-content/themes/my-theme/routes.php(82): App\Classes\YookassaServise->create_payment(NULL)
#8 /var/www/html/wp-includes/rest-api/class-wp-rest-server.php(1187): create_payment_callback(Object(WP_REST_Request))
#9 /var/www/html/wp-includes/rest-api/class-wp-rest-server.php(1034): WP_REST_Server->respond_to_request(Object(WP_REST_Request), '/wp/v2/createPa...', Array, NULL)
#10 /var/www/html/wp-includes/rest-api/class-wp-rest-server.php(426): WP_REST_Server->dispatch(Object(WP_REST_Request))
#11 /var/www/html/wp-includes/rest-api.php(410): WP_REST_Server->serve_request('/wp/v2/createPa...')
#12 /var/www/html/wp-includes/class-wp-hook.php(308): rest_api_loaded(Object(WP))
#13 /var/www/html/wp-includes/class-wp-hook.php(332): WP_Hook->apply_filters(NULL, Array)
#14 /var/www/html/wp-includes/plugin.php(565): WP_Hook->do_action(Array)
#15 /var/www/html/wp-includes/class-wp.php(399): do_action_ref_array('parse_request', Array)
#16 /var/www/html/wp-includes/class-wp.php(780): WP->parse_request('')
#17 /var/www/html/wp-includes/functions.php(1334): WP->main('')
#18 /var/www/html/wp-blog-header.php(16): wp()
#19 /var/www/html/index.php(17): require('/var/www/html/w...')
#20 {main}
  thrown in /var/www/html/vendor/yoomoney/yookassa-sdk-php/lib/Model/MonetaryAmount.php on line 112

2023-11-05T06:10:03+00:00 CRITICAL Uncaught YooKassa\Validator\Exceptions\EmptyPropertyValueException: Empty amount value in /var/www/html/vendor/yoomoney/yookassa-sdk-php/lib/Model/MonetaryAmount.php:112
Stack trace:
#0 /var/www/html/vendor/yoomoney/yookassa-sdk-php/lib/Common/AbstractObject.php(182): YooKassa\Model\MonetaryAmount->setValue(NULL)
#1 /var/www/html/vendor/yoomoney/yookassa-sdk-php/lib/Common/AbstractObject.php(225): YooKassa\Common\AbstractObject->offsetSet('value', NULL)
#2 /var/www/html/vendor/yoomoney/yookassa-sdk-php/lib/Request/Payments/AbstractPaymentRequestBuilder.php(91): YooKassa\Common\AbstractObject->fromArray(Array)
#3 /var/www/html/vendor/yoomoney/yookassa-sdk-php/lib/Common/AbstractRequestBuilder.php(110): YooKassa\Request\Payments\AbstractPaymentRequestBuilder->setAmount(Array)
#4 /var/www/html/vendor/yoomoney/yookassa-sdk-php/lib/Request/Payments/CreatePaymentRequestBuilder.php(390): YooKassa\Common\AbstractRequestBuilder->setOptions(Array)
#5 /var/www/html/vendor/yoomoney/yookassa-sdk-php/lib/Client.php(228): YooKassa\Request\Payments\CreatePaymentRequestBuilder->build(Array)
#6 /var/www/html/wp-content/themes/my-theme/Classes/YookassaServise.php(42): YooKassa\Client->createPayment(Array, '654731bbd9b296....')
#7 /var/www/html/wp-content/themes/my-theme/routes.php(82): App\Classes\YookassaServise->create_payment(NULL)
#8 /var/www/html/wp-includes/rest-api/class-wp-rest-server.php(1187): create_payment_callback(Object(WP_REST_Request))
#9 /var/www/html/wp-includes/rest-api/class-wp-rest-server.php(1034): WP_REST_Server->respond_to_request(Object(WP_REST_Request), '/wp/v2/createPa...', Array, NULL)
#10 /var/www/html/wp-includes/rest-api/class-wp-rest-server.php(426): WP_REST_Server->dispatch(Object(WP_REST_Request))
#11 /var/www/html/wp-includes/rest-api.php(410): WP_REST_Server->serve_request('/wp/v2/createPa...')
#12 /var/www/html/wp-includes/class-wp-hook.php(308): rest_api_loaded(Object(WP))
#13 /var/www/html/wp-includes/class-wp-hook.php(332): WP_Hook->apply_filters(NULL, Array)
#14 /var/www/html/wp-includes/plugin.php(565): WP_Hook->do_action(Array)
#15 /var/www/html/wp-includes/class-wp.php(399): do_action_ref_array('parse_request', Array)
#16 /var/www/html/wp-includes/class-wp.php(780): WP->parse_request('')
#17 /var/www/html/wp-includes/functions.php(1334): WP->main('')
#18 /var/www/html/wp-blog-header.php(16): wp()
#19 /var/www/html/index.php(17): require('/var/www/html/w...')
#20 {main}
  thrown in /var/www/html/vendor/yoomoney/yookassa-sdk-php/lib/Model/MonetaryAmount.php on line 112

2023-11-05T06:10:24+00:00 CRITICAL Uncaught YooKassa\Validator\Exceptions\EmptyPropertyValueException: Empty amount value in /var/www/html/vendor/yoomoney/yookassa-sdk-php/lib/Model/MonetaryAmount.php:112
Stack trace:
#0 /var/www/html/vendor/yoomoney/yookassa-sdk-php/lib/Common/AbstractObject.php(182): YooKassa\Model\MonetaryAmount->setValue(NULL)
#1 /var/www/html/vendor/yoomoney/yookassa-sdk-php/lib/Common/AbstractObject.php(225): YooKassa\Common\AbstractObject->offsetSet('value', NULL)
#2 /var/www/html/vendor/yoomoney/yookassa-sdk-php/lib/Request/Payments/AbstractPaymentRequestBuilder.php(91): YooKassa\Common\AbstractObject->fromArray(Array)
#3 /var/www/html/vendor/yoomoney/yookassa-sdk-php/lib/Common/AbstractRequestBuilder.php(110): YooKassa\Request\Payments\AbstractPaymentRequestBuilder->setAmount(Array)
#4 /var/www/html/vendor/yoomoney/yookassa-sdk-php/lib/Request/Payments/CreatePaymentRequestBuilder.php(390): YooKassa\Common\AbstractRequestBuilder->setOptions(Array)
#5 /var/www/html/vendor/yoomoney/yookassa-sdk-php/lib/Client.php(228): YooKassa\Request\Payments\CreatePaymentRequestBuilder->build(Array)
#6 /var/www/html/wp-content/themes/my-theme/Classes/YookassaServise.php(42): YooKassa\Client->createPayment(Array, '654731d0b948f5....')
#7 /var/www/html/wp-content/themes/my-theme/routes.php(82): App\Classes\YookassaServise->create_payment(NULL)
#8 /var/www/html/wp-includes/rest-api/class-wp-rest-server.php(1187): create_payment_callback(Object(WP_REST_Request))
#9 /var/www/html/wp-includes/rest-api/class-wp-rest-server.php(1034): WP_REST_Server->respond_to_request(Object(WP_REST_Request), '/wp/v2/createPa...', Array, NULL)
#10 /var/www/html/wp-includes/rest-api/class-wp-rest-server.php(426): WP_REST_Server->dispatch(Object(WP_REST_Request))
#11 /var/www/html/wp-includes/rest-api.php(410): WP_REST_Server->serve_request('/wp/v2/createPa...')
#12 /var/www/html/wp-includes/class-wp-hook.php(308): rest_api_loaded(Object(WP))
#13 /var/www/html/wp-includes/class-wp-hook.php(332): WP_Hook->apply_filters(NULL, Array)
#14 /var/www/html/wp-includes/plugin.php(565): WP_Hook->do_action(Array)
#15 /var/www/html/wp-includes/class-wp.php(399): do_action_ref_array('parse_request', Array)
#16 /var/www/html/wp-includes/class-wp.php(780): WP->parse_request('')
#17 /var/www/html/wp-includes/functions.php(1334): WP->main('')
#18 /var/www/html/wp-blog-header.php(16): wp()
#19 /var/www/html/index.php(17): require('/var/www/html/w...')
#20 {main}
  thrown in /var/www/html/vendor/yoomoney/yookassa-sdk-php/lib/Model/MonetaryAmount.php on line 112

2023-11-05T06:10:25+00:00 CRITICAL Uncaught YooKassa\Validator\Exceptions\EmptyPropertyValueException: Empty amount value in /var/www/html/vendor/yoomoney/yookassa-sdk-php/lib/Model/MonetaryAmount.php:112
Stack trace:
#0 /var/www/html/vendor/yoomoney/yookassa-sdk-php/lib/Common/AbstractObject.php(182): YooKassa\Model\MonetaryAmount->setValue(NULL)
#1 /var/www/html/vendor/yoomoney/yookassa-sdk-php/lib/Common/AbstractObject.php(225): YooKassa\Common\AbstractObject->offsetSet('value', NULL)
#2 /var/www/html/vendor/yoomoney/yookassa-sdk-php/lib/Request/Payments/AbstractPaymentRequestBuilder.php(91): YooKassa\Common\AbstractObject->fromArray(Array)
#3 /var/www/html/vendor/yoomoney/yookassa-sdk-php/lib/Common/AbstractRequestBuilder.php(110): YooKassa\Request\Payments\AbstractPaymentRequestBuilder->setAmount(Array)
#4 /var/www/html/vendor/yoomoney/yookassa-sdk-php/lib/Request/Payments/CreatePaymentRequestBuilder.php(390): YooKassa\Common\AbstractRequestBuilder->setOptions(Array)
#5 /var/www/html/vendor/yoomoney/yookassa-sdk-php/lib/Client.php(228): YooKassa\Request\Payments\CreatePaymentRequestBuilder->build(Array)
#6 /var/www/html/wp-content/themes/my-theme/Classes/YookassaServise.php(42): YooKassa\Client->createPayment(Array, '654731d1c28884....')
#7 /var/www/html/wp-content/themes/my-theme/routes.php(82): App\Classes\YookassaServise->create_payment(NULL)
#8 /var/www/html/wp-includes/rest-api/class-wp-rest-server.php(1187): create_payment_callback(Object(WP_REST_Request))
#9 /var/www/html/wp-includes/rest-api/class-wp-rest-server.php(1034): WP_REST_Server->respond_to_request(Object(WP_REST_Request), '/wp/v2/createPa...', Array, NULL)
#10 /var/www/html/wp-includes/rest-api/class-wp-rest-server.php(426): WP_REST_Server->dispatch(Object(WP_REST_Request))
#11 /var/www/html/wp-includes/rest-api.php(410): WP_REST_Server->serve_request('/wp/v2/createPa...')
#12 /var/www/html/wp-includes/class-wp-hook.php(308): rest_api_loaded(Object(WP))
#13 /var/www/html/wp-includes/class-wp-hook.php(332): WP_Hook->apply_filters(NULL, Array)
#14 /var/www/html/wp-includes/plugin.php(565): WP_Hook->do_action(Array)
#15 /var/www/html/wp-includes/class-wp.php(399): do_action_ref_array('parse_request', Array)
#16 /var/www/html/wp-includes/class-wp.php(780): WP->parse_request('')
#17 /var/www/html/wp-includes/functions.php(1334): WP->main('')
#18 /var/www/html/wp-blog-header.php(16): wp()
#19 /var/www/html/index.php(17): require('/var/www/html/w...')
#20 {main}
  thrown in /var/www/html/vendor/yoomoney/yookassa-sdk-php/lib/Model/MonetaryAmount.php on line 112

2023-11-05T06:11:09+00:00 CRITICAL Uncaught Error: Object of class YooKassa\Client could not be converted to string in /var/www/html/wp-content/themes/my-theme/Classes/YookassaServise.php:24
Stack trace:
#0 /var/www/html/wp-content/themes/my-theme/routes.php(79): App\Classes\YookassaServise->__construct()
#1 /var/www/html/wp-includes/rest-api/class-wp-rest-server.php(1187): create_payment_callback(Object(WP_REST_Request))
#2 /var/www/html/wp-includes/rest-api/class-wp-rest-server.php(1034): WP_REST_Server->respond_to_request(Object(WP_REST_Request), '/wp/v2/createPa...', Array, NULL)
#3 /var/www/html/wp-includes/rest-api/class-wp-rest-server.php(426): WP_REST_Server->dispatch(Object(WP_REST_Request))
#4 /var/www/html/wp-includes/rest-api.php(410): WP_REST_Server->serve_request('/wp/v2/createPa...')
#5 /var/www/html/wp-includes/class-wp-hook.php(308): rest_api_loaded(Object(WP))
#6 /var/www/html/wp-includes/class-wp-hook.php(332): WP_Hook->apply_filters(NULL, Array)
#7 /var/www/html/wp-includes/plugin.php(565): WP_Hook->do_action(Array)
#8 /var/www/html/wp-includes/class-wp.php(399): do_action_ref_array('parse_request', Array)
#9 /var/www/html/wp-includes/class-wp.php(780): WP->parse_request('')
#10 /var/www/html/wp-includes/functions.php(1334): WP->main('')
#11 /var/www/html/wp-blog-header.php(16): wp()
#12 /var/www/html/index.php(17): require('/var/www/html/w...')
#13 {main}
  thrown in /var/www/html/wp-content/themes/my-theme/Classes/YookassaServise.php on line 24

2023-11-05T06:11:11+00:00 CRITICAL Uncaught Error: Object of class YooKassa\Client could not be converted to string in /var/www/html/wp-content/themes/my-theme/Classes/YookassaServise.php:24
Stack trace:
#0 /var/www/html/wp-content/themes/my-theme/routes.php(79): App\Classes\YookassaServise->__construct()
#1 /var/www/html/wp-includes/rest-api/class-wp-rest-server.php(1187): create_payment_callback(Object(WP_REST_Request))
#2 /var/www/html/wp-includes/rest-api/class-wp-rest-server.php(1034): WP_REST_Server->respond_to_request(Object(WP_REST_Request), '/wp/v2/createPa...', Array, NULL)
#3 /var/www/html/wp-includes/rest-api/class-wp-rest-server.php(426): WP_REST_Server->dispatch(Object(WP_REST_Request))
#4 /var/www/html/wp-includes/rest-api.php(410): WP_REST_Server->serve_request('/wp/v2/createPa...')
#5 /var/www/html/wp-includes/class-wp-hook.php(308): rest_api_loaded(Object(WP))
#6 /var/www/html/wp-includes/class-wp-hook.php(332): WP_Hook->apply_filters(NULL, Array)
#7 /var/www/html/wp-includes/plugin.php(565): WP_Hook->do_action(Array)
#8 /var/www/html/wp-includes/class-wp.php(399): do_action_ref_array('parse_request', Array)
#9 /var/www/html/wp-includes/class-wp.php(780): WP->parse_request('')
#10 /var/www/html/wp-includes/functions.php(1334): WP->main('')
#11 /var/www/html/wp-blog-header.php(16): wp()
#12 /var/www/html/index.php(17): require('/var/www/html/w...')
#13 {main}
  thrown in /var/www/html/wp-content/themes/my-theme/Classes/YookassaServise.php on line 24

2023-11-05T06:11:30+00:00 CRITICAL Uncaught Error: Object of class YooKassa\Client could not be converted to string in /var/www/html/wp-content/themes/my-theme/Classes/YookassaServise.php:24
Stack trace:
#0 /var/www/html/wp-content/themes/my-theme/routes.php(79): App\Classes\YookassaServise->__construct()
#1 /var/www/html/wp-includes/rest-api/class-wp-rest-server.php(1187): create_payment_callback(Object(WP_REST_Request))
#2 /var/www/html/wp-includes/rest-api/class-wp-rest-server.php(1034): WP_REST_Server->respond_to_request(Object(WP_REST_Request), '/wp/v2/createPa...', Array, NULL)
#3 /var/www/html/wp-includes/rest-api/class-wp-rest-server.php(426): WP_REST_Server->dispatch(Object(WP_REST_Request))
#4 /var/www/html/wp-includes/rest-api.php(410): WP_REST_Server->serve_request('/wp/v2/createPa...')
#5 /var/www/html/wp-includes/class-wp-hook.php(308): rest_api_loaded(Object(WP))
#6 /var/www/html/wp-includes/class-wp-hook.php(332): WP_Hook->apply_filters(NULL, Array)
#7 /var/www/html/wp-includes/plugin.php(565): WP_Hook->do_action(Array)
#8 /var/www/html/wp-includes/class-wp.php(399): do_action_ref_array('parse_request', Array)
#9 /var/www/html/wp-includes/class-wp.php(780): WP->parse_request('')
#10 /var/www/html/wp-includes/functions.php(1334): WP->main('')
#11 /var/www/html/wp-blog-header.php(16): wp()
#12 /var/www/html/index.php(17): require('/var/www/html/w...')
#13 {main}
  thrown in /var/www/html/wp-content/themes/my-theme/Classes/YookassaServise.php on line 24

2023-11-05T06:11:31+00:00 CRITICAL Uncaught Error: Object of class YooKassa\Client could not be converted to string in /var/www/html/wp-content/themes/my-theme/Classes/YookassaServise.php:24
Stack trace:
#0 /var/www/html/wp-content/themes/my-theme/routes.php(79): App\Classes\YookassaServise->__construct()
#1 /var/www/html/wp-includes/rest-api/class-wp-rest-server.php(1187): create_payment_callback(Object(WP_REST_Request))
#2 /var/www/html/wp-includes/rest-api/class-wp-rest-server.php(1034): WP_REST_Server->respond_to_request(Object(WP_REST_Request), '/wp/v2/createPa...', Array, NULL)
#3 /var/www/html/wp-includes/rest-api/class-wp-rest-server.php(426): WP_REST_Server->dispatch(Object(WP_REST_Request))
#4 /var/www/html/wp-includes/rest-api.php(410): WP_REST_Server->serve_request('/wp/v2/createPa...')
#5 /var/www/html/wp-includes/class-wp-hook.php(308): rest_api_loaded(Object(WP))
#6 /var/www/html/wp-includes/class-wp-hook.php(332): WP_Hook->apply_filters(NULL, Array)
#7 /var/www/html/wp-includes/plugin.php(565): WP_Hook->do_action(Array)
#8 /var/www/html/wp-includes/class-wp.php(399): do_action_ref_array('parse_request', Array)
#9 /var/www/html/wp-includes/class-wp.php(780): WP->parse_request('')
#10 /var/www/html/wp-includes/functions.php(1334): WP->main('')
#11 /var/www/html/wp-blog-header.php(16): wp()
#12 /var/www/html/index.php(17): require('/var/www/html/w...')
#13 {main}
  thrown in /var/www/html/wp-content/themes/my-theme/Classes/YookassaServise.php on line 24

2023-11-05T06:11:46+00:00 CRITICAL Uncaught Error: Object of class YooKassa\Client could not be converted to string in /var/www/html/wp-content/themes/my-theme/Classes/YookassaServise.php:23
Stack trace:
#0 /var/www/html/wp-content/themes/my-theme/routes.php(79): App\Classes\YookassaServise->__construct()
#1 /var/www/html/wp-includes/rest-api/class-wp-rest-server.php(1187): create_payment_callback(Object(WP_REST_Request))
#2 /var/www/html/wp-includes/rest-api/class-wp-rest-server.php(1034): WP_REST_Server->respond_to_request(Object(WP_REST_Request), '/wp/v2/createPa...', Array, NULL)
#3 /var/www/html/wp-includes/rest-api/class-wp-rest-server.php(426): WP_REST_Server->dispatch(Object(WP_REST_Request))
#4 /var/www/html/wp-includes/rest-api.php(410): WP_REST_Server->serve_request('/wp/v2/createPa...')
#5 /var/www/html/wp-includes/class-wp-hook.php(308): rest_api_loaded(Object(WP))
#6 /var/www/html/wp-includes/class-wp-hook.php(332): WP_Hook->apply_filters(NULL, Array)
#7 /var/www/html/wp-includes/plugin.php(565): WP_Hook->do_action(Array)
#8 /var/www/html/wp-includes/class-wp.php(399): do_action_ref_array('parse_request', Array)
#9 /var/www/html/wp-includes/class-wp.php(780): WP->parse_request('')
#10 /var/www/html/wp-includes/functions.php(1334): WP->main('')
#11 /var/www/html/wp-blog-header.php(16): wp()
#12 /var/www/html/index.php(17): require('/var/www/html/w...')
#13 {main}
  thrown in /var/www/html/wp-content/themes/my-theme/Classes/YookassaServise.php on line 23

2023-11-05T06:12:03+00:00 CRITICAL Uncaught Error: Object of class YooKassa\Client could not be converted to string in /var/www/html/wp-content/themes/my-theme/Classes/YookassaServise.php:23
Stack trace:
#0 /var/www/html/wp-content/themes/my-theme/routes.php(79): App\Classes\YookassaServise->__construct()
#1 /var/www/html/wp-includes/rest-api/class-wp-rest-server.php(1187): create_payment_callback(Object(WP_REST_Request))
#2 /var/www/html/wp-includes/rest-api/class-wp-rest-server.php(1034): WP_REST_Server->respond_to_request(Object(WP_REST_Request), '/wp/v2/createPa...', Array, NULL)
#3 /var/www/html/wp-includes/rest-api/class-wp-rest-server.php(426): WP_REST_Server->dispatch(Object(WP_REST_Request))
#4 /var/www/html/wp-includes/rest-api.php(410): WP_REST_Server->serve_request('/wp/v2/createPa...')
#5 /var/www/html/wp-includes/class-wp-hook.php(308): rest_api_loaded(Object(WP))
#6 /var/www/html/wp-includes/class-wp-hook.php(332): WP_Hook->apply_filters(NULL, Array)
#7 /var/www/html/wp-includes/plugin.php(565): WP_Hook->do_action(Array)
#8 /var/www/html/wp-includes/class-wp.php(399): do_action_ref_array('parse_request', Array)
#9 /var/www/html/wp-includes/class-wp.php(780): WP->parse_request('')
#10 /var/www/html/wp-includes/functions.php(1334): WP->main('')
#11 /var/www/html/wp-blog-header.php(16): wp()
#12 /var/www/html/index.php(17): require('/var/www/html/w...')
#13 {main}
  thrown in /var/www/html/wp-content/themes/my-theme/Classes/YookassaServise.php on line 23

2023-11-05T06:12:05+00:00 CRITICAL Uncaught Error: Object of class YooKassa\Client could not be converted to string in /var/www/html/wp-content/themes/my-theme/Classes/YookassaServise.php:23
Stack trace:
#0 /var/www/html/wp-content/themes/my-theme/routes.php(79): App\Classes\YookassaServise->__construct()
#1 /var/www/html/wp-includes/rest-api/class-wp-rest-server.php(1187): create_payment_callback(Object(WP_REST_Request))
#2 /var/www/html/wp-includes/rest-api/class-wp-rest-server.php(1034): WP_REST_Server->respond_to_request(Object(WP_REST_Request), '/wp/v2/createPa...', Array, NULL)
#3 /var/www/html/wp-includes/rest-api/class-wp-rest-server.php(426): WP_REST_Server->dispatch(Object(WP_REST_Request))
#4 /var/www/html/wp-includes/rest-api.php(410): WP_REST_Server->serve_request('/wp/v2/createPa...')
#5 /var/www/html/wp-includes/class-wp-hook.php(308): rest_api_loaded(Object(WP))
#6 /var/www/html/wp-includes/class-wp-hook.php(332): WP_Hook->apply_filters(NULL, Array)
#7 /var/www/html/wp-includes/plugin.php(565): WP_Hook->do_action(Array)
#8 /var/www/html/wp-includes/class-wp.php(399): do_action_ref_array('parse_request', Array)
#9 /var/www/html/wp-includes/class-wp.php(780): WP->parse_request('')
#10 /var/www/html/wp-includes/functions.php(1334): WP->main('')
#11 /var/www/html/wp-blog-header.php(16): wp()
#12 /var/www/html/index.php(17): require('/var/www/html/w...')
#13 {main}
  thrown in /var/www/html/wp-content/themes/my-theme/Classes/YookassaServise.php on line 23

2023-11-05T06:12:05+00:00 CRITICAL Uncaught Error: Object of class YooKassa\Client could not be converted to string in /var/www/html/wp-content/themes/my-theme/Classes/YookassaServise.php:23
Stack trace:
#0 /var/www/html/wp-content/themes/my-theme/routes.php(79): App\Classes\YookassaServise->__construct()
#1 /var/www/html/wp-includes/rest-api/class-wp-rest-server.php(1187): create_payment_callback(Object(WP_REST_Request))
#2 /var/www/html/wp-includes/rest-api/class-wp-rest-server.php(1034): WP_REST_Server->respond_to_request(Object(WP_REST_Request), '/wp/v2/createPa...', Array, NULL)
#3 /var/www/html/wp-includes/rest-api/class-wp-rest-server.php(426): WP_REST_Server->dispatch(Object(WP_REST_Request))
#4 /var/www/html/wp-includes/rest-api.php(410): WP_REST_Server->serve_request('/wp/v2/createPa...')
#5 /var/www/html/wp-includes/class-wp-hook.php(308): rest_api_loaded(Object(WP))
#6 /var/www/html/wp-includes/class-wp-hook.php(332): WP_Hook->apply_filters(NULL, Array)
#7 /var/www/html/wp-includes/plugin.php(565): WP_Hook->do_action(Array)
#8 /var/www/html/wp-includes/class-wp.php(399): do_action_ref_array('parse_request', Array)
#9 /var/www/html/wp-includes/class-wp.php(780): WP->parse_request('')
#10 /var/www/html/wp-includes/functions.php(1334): WP->main('')
#11 /var/www/html/wp-blog-header.php(16): wp()
#12 /var/www/html/index.php(17): require('/var/www/html/w...')
#13 {main}
  thrown in /var/www/html/wp-content/themes/my-theme/Classes/YookassaServise.php on line 23

2023-11-05T06:13:50+00:00 CRITICAL Uncaught YooKassa\Validator\Exceptions\EmptyPropertyValueException: Empty amount value in /var/www/html/vendor/yoomoney/yookassa-sdk-php/lib/Model/MonetaryAmount.php:112
Stack trace:
#0 /var/www/html/vendor/yoomoney/yookassa-sdk-php/lib/Common/AbstractObject.php(182): YooKassa\Model\MonetaryAmount->setValue(NULL)
#1 /var/www/html/vendor/yoomoney/yookassa-sdk-php/lib/Common/AbstractObject.php(225): YooKassa\Common\AbstractObject->offsetSet('value', NULL)
#2 /var/www/html/vendor/yoomoney/yookassa-sdk-php/lib/Request/Payments/AbstractPaymentRequestBuilder.php(91): YooKassa\Common\AbstractObject->fromArray(Array)
#3 /var/www/html/vendor/yoomoney/yookassa-sdk-php/lib/Common/AbstractRequestBuilder.php(110): YooKassa\Request\Payments\AbstractPaymentRequestBuilder->setAmount(Array)
#4 /var/www/html/vendor/yoomoney/yookassa-sdk-php/lib/Request/Payments/CreatePaymentRequestBuilder.php(390): YooKassa\Common\AbstractRequestBuilder->setOptions(Array)
#5 /var/www/html/vendor/yoomoney/yookassa-sdk-php/lib/Client.php(228): YooKassa\Request\Payments\CreatePaymentRequestBuilder->build(Array)
#6 /var/www/html/wp-content/themes/my-theme/Classes/YookassaServise.php(40): YooKassa\Client->createPayment(Array, '6547329e3b4844....')
#7 /var/www/html/wp-content/themes/my-theme/routes.php(82): App\Classes\YookassaServise->create_payment(NULL)
#8 /var/www/html/wp-includes/rest-api/class-wp-rest-server.php(1187): create_payment_callback(Object(WP_REST_Request))
#9 /var/www/html/wp-includes/rest-api/class-wp-rest-server.php(1034): WP_REST_Server->respond_to_request(Object(WP_REST_Request), '/wp/v2/createPa...', Array, NULL)
#10 /var/www/html/wp-includes/rest-api/class-wp-rest-server.php(426): WP_REST_Server->dispatch(Object(WP_REST_Request))
#11 /var/www/html/wp-includes/rest-api.php(410): WP_REST_Server->serve_request('/wp/v2/createPa...')
#12 /var/www/html/wp-includes/class-wp-hook.php(308): rest_api_loaded(Object(WP))
#13 /var/www/html/wp-includes/class-wp-hook.php(332): WP_Hook->apply_filters(NULL, Array)
#14 /var/www/html/wp-includes/plugin.php(565): WP_Hook->do_action(Array)
#15 /var/www/html/wp-includes/class-wp.php(399): do_action_ref_array('parse_request', Array)
#16 /var/www/html/wp-includes/class-wp.php(780): WP->parse_request('')
#17 /var/www/html/wp-includes/functions.php(1334): WP->main('')
#18 /var/www/html/wp-blog-header.php(16): wp()
#19 /var/www/html/index.php(17): require('/var/www/html/w...')
#20 {main}
  thrown in /var/www/html/vendor/yoomoney/yookassa-sdk-php/lib/Model/MonetaryAmount.php on line 112

2023-11-05T06:14:22+00:00 CRITICAL Uncaught TypeError: App\Classes\YookassaServise::create_payment(): Argument #1 ($amount) must be of type string, null given, called in /var/www/html/wp-content/themes/my-theme/routes.php on line 82 and defined in /var/www/html/wp-content/themes/my-theme/Classes/YookassaServise.php:26
Stack trace:
#0 /var/www/html/wp-content/themes/my-theme/routes.php(82): App\Classes\YookassaServise->create_payment(NULL)
#1 /var/www/html/wp-includes/rest-api/class-wp-rest-server.php(1187): create_payment_callback(Object(WP_REST_Request))
#2 /var/www/html/wp-includes/rest-api/class-wp-rest-server.php(1034): WP_REST_Server->respond_to_request(Object(WP_REST_Request), '/wp/v2/createPa...', Array, NULL)
#3 /var/www/html/wp-includes/rest-api/class-wp-rest-server.php(426): WP_REST_Server->dispatch(Object(WP_REST_Request))
#4 /var/www/html/wp-includes/rest-api.php(410): WP_REST_Server->serve_request('/wp/v2/createPa...')
#5 /var/www/html/wp-includes/class-wp-hook.php(308): rest_api_loaded(Object(WP))
#6 /var/www/html/wp-includes/class-wp-hook.php(332): WP_Hook->apply_filters(NULL, Array)
#7 /var/www/html/wp-includes/plugin.php(565): WP_Hook->do_action(Array)
#8 /var/www/html/wp-includes/class-wp.php(399): do_action_ref_array('parse_request', Array)
#9 /var/www/html/wp-includes/class-wp.php(780): WP->parse_request('')
#10 /var/www/html/wp-includes/functions.php(1334): WP->main('')
#11 /var/www/html/wp-blog-header.php(16): wp()
#12 /var/www/html/index.php(17): require('/var/www/html/w...')
#13 {main}
  thrown in /var/www/html/wp-content/themes/my-theme/Classes/YookassaServise.php on line 26

2023-11-05T06:14:44+00:00 CRITICAL Uncaught YooKassa\Validator\Exceptions\EmptyPropertyValueException: Empty amount value in /var/www/html/vendor/yoomoney/yookassa-sdk-php/lib/Model/MonetaryAmount.php:112
Stack trace:
#0 /var/www/html/vendor/yoomoney/yookassa-sdk-php/lib/Common/AbstractObject.php(182): YooKassa\Model\MonetaryAmount->setValue('')
#1 /var/www/html/vendor/yoomoney/yookassa-sdk-php/lib/Common/AbstractObject.php(225): YooKassa\Common\AbstractObject->offsetSet('value', '')
#2 /var/www/html/vendor/yoomoney/yookassa-sdk-php/lib/Request/Payments/AbstractPaymentRequestBuilder.php(91): YooKassa\Common\AbstractObject->fromArray(Array)
#3 /var/www/html/vendor/yoomoney/yookassa-sdk-php/lib/Common/AbstractRequestBuilder.php(110): YooKassa\Request\Payments\AbstractPaymentRequestBuilder->setAmount(Array)
#4 /var/www/html/vendor/yoomoney/yookassa-sdk-php/lib/Request/Payments/CreatePaymentRequestBuilder.php(390): YooKassa\Common\AbstractRequestBuilder->setOptions(Array)
#5 /var/www/html/vendor/yoomoney/yookassa-sdk-php/lib/Client.php(228): YooKassa\Request\Payments\CreatePaymentRequestBuilder->build(Array)
#6 /var/www/html/wp-content/themes/my-theme/Classes/YookassaServise.php(40): YooKassa\Client->createPayment(Array, '654732d45c8161....')
#7 /var/www/html/wp-content/themes/my-theme/routes.php(82): App\Classes\YookassaServise->create_payment('')
#8 /var/www/html/wp-includes/rest-api/class-wp-rest-server.php(1187): create_payment_callback(Object(WP_REST_Request))
#9 /var/www/html/wp-includes/rest-api/class-wp-rest-server.php(1034): WP_REST_Server->respond_to_request(Object(WP_REST_Request), '/wp/v2/createPa...', Array, NULL)
#10 /var/www/html/wp-includes/rest-api/class-wp-rest-server.php(426): WP_REST_Server->dispatch(Object(WP_REST_Request))
#11 /var/www/html/wp-includes/rest-api.php(410): WP_REST_Server->serve_request('/wp/v2/createPa...')
#12 /var/www/html/wp-includes/class-wp-hook.php(308): rest_api_loaded(Object(WP))
#13 /var/www/html/wp-includes/class-wp-hook.php(332): WP_Hook->apply_filters(NULL, Array)
#14 /var/www/html/wp-includes/plugin.php(565): WP_Hook->do_action(Array)
#15 /var/www/html/wp-includes/class-wp.php(399): do_action_ref_array('parse_request', Array)
#16 /var/www/html/wp-includes/class-wp.php(780): WP->parse_request('')
#17 /var/www/html/wp-includes/functions.php(1334): WP->main('')
#18 /var/www/html/wp-blog-header.php(16): wp()
#19 /var/www/html/index.php(17): require('/var/www/html/w...')
#20 {main}
  thrown in /var/www/html/vendor/yoomoney/yookassa-sdk-php/lib/Model/MonetaryAmount.php on line 112

2023-11-05T06:14:45+00:00 CRITICAL Uncaught YooKassa\Validator\Exceptions\EmptyPropertyValueException: Empty amount value in /var/www/html/vendor/yoomoney/yookassa-sdk-php/lib/Model/MonetaryAmount.php:112
Stack trace:
#0 /var/www/html/vendor/yoomoney/yookassa-sdk-php/lib/Common/AbstractObject.php(182): YooKassa\Model\MonetaryAmount->setValue('')
#1 /var/www/html/vendor/yoomoney/yookassa-sdk-php/lib/Common/AbstractObject.php(225): YooKassa\Common\AbstractObject->offsetSet('value', '')
#2 /var/www/html/vendor/yoomoney/yookassa-sdk-php/lib/Request/Payments/AbstractPaymentRequestBuilder.php(91): YooKassa\Common\AbstractObject->fromArray(Array)
#3 /var/www/html/vendor/yoomoney/yookassa-sdk-php/lib/Common/AbstractRequestBuilder.php(110): YooKassa\Request\Payments\AbstractPaymentRequestBuilder->setAmount(Array)
#4 /var/www/html/vendor/yoomoney/yookassa-sdk-php/lib/Request/Payments/CreatePaymentRequestBuilder.php(390): YooKassa\Common\AbstractRequestBuilder->setOptions(Array)
#5 /var/www/html/vendor/yoomoney/yookassa-sdk-php/lib/Client.php(228): YooKassa\Request\Payments\CreatePaymentRequestBuilder->build(Array)
#6 /var/www/html/wp-content/themes/my-theme/Classes/YookassaServise.php(40): YooKassa\Client->createPayment(Array, '654732d569a754....')
#7 /var/www/html/wp-content/themes/my-theme/routes.php(82): App\Classes\YookassaServise->create_payment('')
#8 /var/www/html/wp-includes/rest-api/class-wp-rest-server.php(1187): create_payment_callback(Object(WP_REST_Request))
#9 /var/www/html/wp-includes/rest-api/class-wp-rest-server.php(1034): WP_REST_Server->respond_to_request(Object(WP_REST_Request), '/wp/v2/createPa...', Array, NULL)
#10 /var/www/html/wp-includes/rest-api/class-wp-rest-server.php(426): WP_REST_Server->dispatch(Object(WP_REST_Request))
#11 /var/www/html/wp-includes/rest-api.php(410): WP_REST_Server->serve_request('/wp/v2/createPa...')
#12 /var/www/html/wp-includes/class-wp-hook.php(308): rest_api_loaded(Object(WP))
#13 /var/www/html/wp-includes/class-wp-hook.php(332): WP_Hook->apply_filters(NULL, Array)
#14 /var/www/html/wp-includes/plugin.php(565): WP_Hook->do_action(Array)
#15 /var/www/html/wp-includes/class-wp.php(399): do_action_ref_array('parse_request', Array)
#16 /var/www/html/wp-includes/class-wp.php(780): WP->parse_request('')
#17 /var/www/html/wp-includes/functions.php(1334): WP->main('')
#18 /var/www/html/wp-blog-header.php(16): wp()
#19 /var/www/html/index.php(17): require('/var/www/html/w...')
#20 {main}
  thrown in /var/www/html/vendor/yoomoney/yookassa-sdk-php/lib/Model/MonetaryAmount.php on line 112

2023-11-05T06:14:58+00:00 CRITICAL Uncaught YooKassa\Validator\Exceptions\InvalidPropertyValueException: Invalid amount value: "0" in /var/www/html/vendor/yoomoney/yookassa-sdk-php/lib/Model/MonetaryAmount.php:118
Stack trace:
#0 /var/www/html/vendor/yoomoney/yookassa-sdk-php/lib/Common/AbstractObject.php(182): YooKassa\Model\MonetaryAmount->setValue('0')
#1 /var/www/html/vendor/yoomoney/yookassa-sdk-php/lib/Common/AbstractObject.php(225): YooKassa\Common\AbstractObject->offsetSet('value', '0')
#2 /var/www/html/vendor/yoomoney/yookassa-sdk-php/lib/Request/Payments/AbstractPaymentRequestBuilder.php(91): YooKassa\Common\AbstractObject->fromArray(Array)
#3 /var/www/html/vendor/yoomoney/yookassa-sdk-php/lib/Common/AbstractRequestBuilder.php(110): YooKassa\Request\Payments\AbstractPaymentRequestBuilder->setAmount(Array)
#4 /var/www/html/vendor/yoomoney/yookassa-sdk-php/lib/Request/Payments/CreatePaymentRequestBuilder.php(390): YooKassa\Common\AbstractRequestBuilder->setOptions(Array)
#5 /var/www/html/vendor/yoomoney/yookassa-sdk-php/lib/Client.php(228): YooKassa\Request\Payments\CreatePaymentRequestBuilder->build(Array)
#6 /var/www/html/wp-content/themes/my-theme/Classes/YookassaServise.php(40): YooKassa\Client->createPayment(Array, '654732e2400ce3....')
#7 /var/www/html/wp-content/themes/my-theme/routes.php(82): App\Classes\YookassaServise->create_payment('0')
#8 /var/www/html/wp-includes/rest-api/class-wp-rest-server.php(1187): create_payment_callback(Object(WP_REST_Request))
#9 /var/www/html/wp-includes/rest-api/class-wp-rest-server.php(1034): WP_REST_Server->respond_to_request(Object(WP_REST_Request), '/wp/v2/createPa...', Array, NULL)
#10 /var/www/html/wp-includes/rest-api/class-wp-rest-server.php(426): WP_REST_Server->dispatch(Object(WP_REST_Request))
#11 /var/www/html/wp-includes/rest-api.php(410): WP_REST_Server->serve_request('/wp/v2/createPa...')
#12 /var/www/html/wp-includes/class-wp-hook.php(308): rest_api_loaded(Object(WP))
#13 /var/www/html/wp-includes/class-wp-hook.php(332): WP_Hook->apply_filters(NULL, Array)
#14 /var/www/html/wp-includes/plugin.php(565): WP_Hook->do_action(Array)
#15 /var/www/html/wp-includes/class-wp.php(399): do_action_ref_array('parse_request', Array)
#16 /var/www/html/wp-includes/class-wp.php(780): WP->parse_request('')
#17 /var/www/html/wp-includes/functions.php(1334): WP->main('')
#18 /var/www/html/wp-blog-header.php(16): wp()
#19 /var/www/html/index.php(17): require('/var/www/html/w...')
#20 {main}
  thrown in /var/www/html/vendor/yoomoney/yookassa-sdk-php/lib/Model/MonetaryAmount.php on line 118

2023-11-05T06:15:06+00:00 CRITICAL syntax error, unexpected variable "$request", expecting ")" in /var/www/html/wp-content/themes/my-theme/routes.php on line 82

2023-11-05T06:15:14+00:00 CRITICAL Uncaught YooKassa\Validator\Exceptions\InvalidPropertyValueException: Invalid amount value: "0" in /var/www/html/vendor/yoomoney/yookassa-sdk-php/lib/Model/MonetaryAmount.php:118
Stack trace:
#0 /var/www/html/vendor/yoomoney/yookassa-sdk-php/lib/Common/AbstractObject.php(182): YooKassa\Model\MonetaryAmount->setValue('0')
#1 /var/www/html/vendor/yoomoney/yookassa-sdk-php/lib/Common/AbstractObject.php(225): YooKassa\Common\AbstractObject->offsetSet('value', '0')
#2 /var/www/html/vendor/yoomoney/yookassa-sdk-php/lib/Request/Payments/AbstractPaymentRequestBuilder.php(91): YooKassa\Common\AbstractObject->fromArray(Array)
#3 /var/www/html/vendor/yoomoney/yookassa-sdk-php/lib/Common/AbstractRequestBuilder.php(110): YooKassa\Request\Payments\AbstractPaymentRequestBuilder->setAmount(Array)
#4 /var/www/html/vendor/yoomoney/yookassa-sdk-php/lib/Request/Payments/CreatePaymentRequestBuilder.php(390): YooKassa\Common\AbstractRequestBuilder->setOptions(Array)
#5 /var/www/html/vendor/yoomoney/yookassa-sdk-php/lib/Client.php(228): YooKassa\Request\Payments\CreatePaymentRequestBuilder->build(Array)
#6 /var/www/html/wp-content/themes/my-theme/Classes/YookassaServise.php(40): YooKassa\Client->createPayment(Array, '654732f24dd840....')
#7 /var/www/html/wp-content/themes/my-theme/routes.php(82): App\Classes\YookassaServise->create_payment('0')
#8 /var/www/html/wp-includes/rest-api/class-wp-rest-server.php(1187): create_payment_callback(Object(WP_REST_Request))
#9 /var/www/html/wp-includes/rest-api/class-wp-rest-server.php(1034): WP_REST_Server->respond_to_request(Object(WP_REST_Request), '/wp/v2/createPa...', Array, NULL)
#10 /var/www/html/wp-includes/rest-api/class-wp-rest-server.php(426): WP_REST_Server->dispatch(Object(WP_REST_Request))
#11 /var/www/html/wp-includes/rest-api.php(410): WP_REST_Server->serve_request('/wp/v2/createPa...')
#12 /var/www/html/wp-includes/class-wp-hook.php(308): rest_api_loaded(Object(WP))
#13 /var/www/html/wp-includes/class-wp-hook.php(332): WP_Hook->apply_filters(NULL, Array)
#14 /var/www/html/wp-includes/plugin.php(565): WP_Hook->do_action(Array)
#15 /var/www/html/wp-includes/class-wp.php(399): do_action_ref_array('parse_request', Array)
#16 /var/www/html/wp-includes/class-wp.php(780): WP->parse_request('')
#17 /var/www/html/wp-includes/functions.php(1334): WP->main('')
#18 /var/www/html/wp-blog-header.php(16): wp()
#19 /var/www/html/index.php(17): require('/var/www/html/w...')
#20 {main}
  thrown in /var/www/html/vendor/yoomoney/yookassa-sdk-php/lib/Model/MonetaryAmount.php on line 118

2023-11-05T06:15:22+00:00 CRITICAL Uncaught YooKassa\Validator\Exceptions\InvalidPropertyValueException: Invalid amount value: "0" in /var/www/html/vendor/yoomoney/yookassa-sdk-php/lib/Model/MonetaryAmount.php:118
Stack trace:
#0 /var/www/html/vendor/yoomoney/yookassa-sdk-php/lib/Common/AbstractObject.php(182): YooKassa\Model\MonetaryAmount->setValue(0)
#1 /var/www/html/vendor/yoomoney/yookassa-sdk-php/lib/Common/AbstractObject.php(225): YooKassa\Common\AbstractObject->offsetSet('value', 0)
#2 /var/www/html/vendor/yoomoney/yookassa-sdk-php/lib/Request/Payments/AbstractPaymentRequestBuilder.php(91): YooKassa\Common\AbstractObject->fromArray(Array)
#3 /var/www/html/vendor/yoomoney/yookassa-sdk-php/lib/Common/AbstractRequestBuilder.php(110): YooKassa\Request\Payments\AbstractPaymentRequestBuilder->setAmount(Array)
#4 /var/www/html/vendor/yoomoney/yookassa-sdk-php/lib/Request/Payments/CreatePaymentRequestBuilder.php(390): YooKassa\Common\AbstractRequestBuilder->setOptions(Array)
#5 /var/www/html/vendor/yoomoney/yookassa-sdk-php/lib/Client.php(228): YooKassa\Request\Payments\CreatePaymentRequestBuilder->build(Array)
#6 /var/www/html/wp-content/themes/my-theme/Classes/YookassaServise.php(40): YooKassa\Client->createPayment(Array, '654732fa7a3683....')
#7 /var/www/html/wp-content/themes/my-theme/routes.php(82): App\Classes\YookassaServise->create_payment(0)
#8 /var/www/html/wp-includes/rest-api/class-wp-rest-server.php(1187): create_payment_callback(Object(WP_REST_Request))
#9 /var/www/html/wp-includes/rest-api/class-wp-rest-server.php(1034): WP_REST_Server->respond_to_request(Object(WP_REST_Request), '/wp/v2/createPa...', Array, NULL)
#10 /var/www/html/wp-includes/rest-api/class-wp-rest-server.php(426): WP_REST_Server->dispatch(Object(WP_REST_Request))
#11 /var/www/html/wp-includes/rest-api.php(410): WP_REST_Server->serve_request('/wp/v2/createPa...')
#12 /var/www/html/wp-includes/class-wp-hook.php(308): rest_api_loaded(Object(WP))
#13 /var/www/html/wp-includes/class-wp-hook.php(332): WP_Hook->apply_filters(NULL, Array)
#14 /var/www/html/wp-includes/plugin.php(565): WP_Hook->do_action(Array)
#15 /var/www/html/wp-includes/class-wp.php(399): do_action_ref_array('parse_request', Array)
#16 /var/www/html/wp-includes/class-wp.php(780): WP->parse_request('')
#17 /var/www/html/wp-includes/functions.php(1334): WP->main('')
#18 /var/www/html/wp-blog-header.php(16): wp()
#19 /var/www/html/index.php(17): require('/var/www/html/w...')
#20 {main}
  thrown in /var/www/html/vendor/yoomoney/yookassa-sdk-php/lib/Model/MonetaryAmount.php on line 118

2023-11-05T06:15:28+00:00 CRITICAL Uncaught YooKassa\Validator\Exceptions\EmptyPropertyValueException: Empty amount value in /var/www/html/vendor/yoomoney/yookassa-sdk-php/lib/Model/MonetaryAmount.php:112
Stack trace:
#0 /var/www/html/vendor/yoomoney/yookassa-sdk-php/lib/Common/AbstractObject.php(182): YooKassa\Model\MonetaryAmount->setValue('')
#1 /var/www/html/vendor/yoomoney/yookassa-sdk-php/lib/Common/AbstractObject.php(225): YooKassa\Common\AbstractObject->offsetSet('value', '')
#2 /var/www/html/vendor/yoomoney/yookassa-sdk-php/lib/Request/Payments/AbstractPaymentRequestBuilder.php(91): YooKassa\Common\AbstractObject->fromArray(Array)
#3 /var/www/html/vendor/yoomoney/yookassa-sdk-php/lib/Common/AbstractRequestBuilder.php(110): YooKassa\Request\Payments\AbstractPaymentRequestBuilder->setAmount(Array)
#4 /var/www/html/vendor/yoomoney/yookassa-sdk-php/lib/Request/Payments/CreatePaymentRequestBuilder.php(390): YooKassa\Common\AbstractRequestBuilder->setOptions(Array)
#5 /var/www/html/vendor/yoomoney/yookassa-sdk-php/lib/Client.php(228): YooKassa\Request\Payments\CreatePaymentRequestBuilder->build(Array)
#6 /var/www/html/wp-content/themes/my-theme/Classes/YookassaServise.php(40): YooKassa\Client->createPayment(Array, '65473300628608....')
#7 /var/www/html/wp-content/themes/my-theme/routes.php(82): App\Classes\YookassaServise->create_payment('')
#8 /var/www/html/wp-includes/rest-api/class-wp-rest-server.php(1187): create_payment_callback(Object(WP_REST_Request))
#9 /var/www/html/wp-includes/rest-api/class-wp-rest-server.php(1034): WP_REST_Server->respond_to_request(Object(WP_REST_Request), '/wp/v2/createPa...', Array, NULL)
#10 /var/www/html/wp-includes/rest-api/class-wp-rest-server.php(426): WP_REST_Server->dispatch(Object(WP_REST_Request))
#11 /var/www/html/wp-includes/rest-api.php(410): WP_REST_Server->serve_request('/wp/v2/createPa...')
#12 /var/www/html/wp-includes/class-wp-hook.php(308): rest_api_loaded(Object(WP))
#13 /var/www/html/wp-includes/class-wp-hook.php(332): WP_Hook->apply_filters(NULL, Array)
#14 /var/www/html/wp-includes/plugin.php(565): WP_Hook->do_action(Array)
#15 /var/www/html/wp-includes/class-wp.php(399): do_action_ref_array('parse_request', Array)
#16 /var/www/html/wp-includes/class-wp.php(780): WP->parse_request('')
#17 /var/www/html/wp-includes/functions.php(1334): WP->main('')
#18 /var/www/html/wp-blog-header.php(16): wp()
#19 /var/www/html/index.php(17): require('/var/www/html/w...')
#20 {main}
  thrown in /var/www/html/vendor/yoomoney/yookassa-sdk-php/lib/Model/MonetaryAmount.php on line 112

2023-11-05T06:15:44+00:00 CRITICAL syntax error, unexpected token "var" in /var/www/html/wp-content/themes/my-theme/routes.php on line 81

2023-11-05T06:15:55+00:00 CRITICAL Uncaught YooKassa\Validator\Exceptions\EmptyPropertyValueException: Empty amount value in /var/www/html/vendor/yoomoney/yookassa-sdk-php/lib/Model/MonetaryAmount.php:112
Stack trace:
#0 /var/www/html/vendor/yoomoney/yookassa-sdk-php/lib/Common/AbstractObject.php(182): YooKassa\Model\MonetaryAmount->setValue(NULL)
#1 /var/www/html/vendor/yoomoney/yookassa-sdk-php/lib/Common/AbstractObject.php(225): YooKassa\Common\AbstractObject->offsetSet('value', NULL)
#2 /var/www/html/vendor/yoomoney/yookassa-sdk-php/lib/Request/Payments/AbstractPaymentRequestBuilder.php(91): YooKassa\Common\AbstractObject->fromArray(Array)
#3 /var/www/html/vendor/yoomoney/yookassa-sdk-php/lib/Common/AbstractRequestBuilder.php(110): YooKassa\Request\Payments\AbstractPaymentRequestBuilder->setAmount(Array)
#4 /var/www/html/vendor/yoomoney/yookassa-sdk-php/lib/Request/Payments/CreatePaymentRequestBuilder.php(390): YooKassa\Common\AbstractRequestBuilder->setOptions(Array)
#5 /var/www/html/vendor/yoomoney/yookassa-sdk-php/lib/Client.php(228): YooKassa\Request\Payments\CreatePaymentRequestBuilder->build(Array)
#6 /var/www/html/wp-content/themes/my-theme/Classes/YookassaServise.php(40): YooKassa\Client->createPayment(Array, '6547331b8049c7....')
#7 /var/www/html/wp-content/themes/my-theme/routes.php(82): App\Classes\YookassaServise->create_payment(NULL)
#8 /var/www/html/wp-includes/rest-api/class-wp-rest-server.php(1187): create_payment_callback(Object(WP_REST_Request))
#9 /var/www/html/wp-includes/rest-api/class-wp-rest-server.php(1034): WP_REST_Server->respond_to_request(Object(WP_REST_Request), '/wp/v2/createPa...', Array, NULL)
#10 /var/www/html/wp-includes/rest-api/class-wp-rest-server.php(426): WP_REST_Server->dispatch(Object(WP_REST_Request))
#11 /var/www/html/wp-includes/rest-api.php(410): WP_REST_Server->serve_request('/wp/v2/createPa...')
#12 /var/www/html/wp-includes/class-wp-hook.php(308): rest_api_loaded(Object(WP))
#13 /var/www/html/wp-includes/class-wp-hook.php(332): WP_Hook->apply_filters(NULL, Array)
#14 /var/www/html/wp-includes/plugin.php(565): WP_Hook->do_action(Array)
#15 /var/www/html/wp-includes/class-wp.php(399): do_action_ref_array('parse_request', Array)
#16 /var/www/html/wp-includes/class-wp.php(780): WP->parse_request('')
#17 /var/www/html/wp-includes/functions.php(1334): WP->main('')
#18 /var/www/html/wp-blog-header.php(16): wp()
#19 /var/www/html/index.php(17): require('/var/www/html/w...')
#20 {main}
  thrown in /var/www/html/vendor/yoomoney/yookassa-sdk-php/lib/Model/MonetaryAmount.php on line 112

2023-11-05T06:31:24+00:00 CRITICAL Cannot declare class App\Controllers\PaymentController, because the name is already in use in /var/www/html/wp-content/themes/my-theme/Controllers/AdminController.php on line 9

2023-11-05T06:31:24+00:00 CRITICAL Cannot declare class App\Controllers\PaymentController, because the name is already in use in /var/www/html/wp-content/themes/my-theme/Controllers/AdminController.php on line 9

2023-11-05T06:31:24+00:00 CRITICAL Cannot declare class App\Controllers\PaymentController, because the name is already in use in /var/www/html/wp-content/themes/my-theme/Controllers/AdminController.php on line 9

2023-11-05T06:31:24+00:00 CRITICAL Cannot declare class App\Controllers\PaymentController, because the name is already in use in /var/www/html/wp-content/themes/my-theme/Controllers/AdminController.php on line 9

2023-11-05T06:33:22+00:00 CRITICAL Uncaught Error: Call to a member function find_input_fields() on null in /var/www/html/wp-content/plugins/custom-field-suite/cfs.php:68
Stack trace:
#0 /var/www/html/wp-content/plugins/cfs-rest-api/cfs-rest-api.php(31): Custom_Field_Suite->find_fields(Array)
#1 /var/www/html/wp-includes/class-wp-hook.php(308): add_custom_fields_to_api_response(NULL, NULL)
#2 /var/www/html/wp-includes/plugin.php(205): WP_Hook->apply_filters(NULL, Array)
#3 /var/www/html/wp-content/themes/my-theme/routes.php(57): apply_filters('pre_get_setting...', NULL, NULL)
#4 /var/www/html/wp-content/themes/my-theme/functions.php(14): require_once('/var/www/html/w...')
#5 /var/www/html/wp-settings.php(591): include('/var/www/html/w...')
#6 /var/www/html/wp-config.php(109): require_once('/var/www/html/w...')
#7 /var/www/html/wp-load.php(50): require_once('/var/www/html/w...')
#8 /var/www/html/xmlrpc.php(31): require_once('/var/www/html/w...')
#9 {main}
  thrown in /var/www/html/wp-content/plugins/custom-field-suite/cfs.php on line 68

2023-11-05T06:38:57+00:00 CRITICAL Uncaught Error: Cannot use object of type WP_Post as array in /var/www/html/wp-content/themes/my-theme/Controllers/AdminController.php:19
Stack trace:
#0 /var/www/html/wp-includes/rest-api/class-wp-rest-server.php(1187): App\Controllers\AdminController->show(Object(WP_REST_Request))
#1 /var/www/html/wp-includes/rest-api/class-wp-rest-server.php(1034): WP_REST_Server->respond_to_request(Object(WP_REST_Request), '/wp/v2/settings', Array, NULL)
#2 /var/www/html/wp-includes/rest-api/class-wp-rest-server.php(426): WP_REST_Server->dispatch(Object(WP_REST_Request))
#3 /var/www/html/wp-includes/rest-api.php(410): WP_REST_Server->serve_request('/wp/v2/settings')
#4 /var/www/html/wp-includes/class-wp-hook.php(308): rest_api_loaded(Object(WP))
#5 /var/www/html/wp-includes/class-wp-hook.php(332): WP_Hook->apply_filters(NULL, Array)
#6 /var/www/html/wp-includes/plugin.php(565): WP_Hook->do_action(Array)
#7 /var/www/html/wp-includes/class-wp.php(399): do_action_ref_array('parse_request', Array)
#8 /var/www/html/wp-includes/class-wp.php(780): WP->parse_request('')
#9 /var/www/html/wp-includes/functions.php(1334): WP->main('')
#10 /var/www/html/wp-blog-header.php(16): wp()
#11 /var/www/html/index.php(17): require('/var/www/html/w...')
#12 {main}
  thrown in /var/www/html/wp-content/themes/my-theme/Controllers/AdminController.php on line 19

2023-11-05T06:39:27+00:00 CRITICAL Uncaught Error: Cannot use object of type WP_Post as array in /var/www/html/wp-content/themes/my-theme/Controllers/AdminController.php:19
Stack trace:
#0 /var/www/html/wp-includes/rest-api/class-wp-rest-server.php(1187): App\Controllers\AdminController->show(Object(WP_REST_Request))
#1 /var/www/html/wp-includes/rest-api/class-wp-rest-server.php(1034): WP_REST_Server->respond_to_request(Object(WP_REST_Request), '/wp/v2/settings', Array, NULL)
#2 /var/www/html/wp-includes/rest-api/class-wp-rest-server.php(426): WP_REST_Server->dispatch(Object(WP_REST_Request))
#3 /var/www/html/wp-includes/rest-api.php(410): WP_REST_Server->serve_request('/wp/v2/settings')
#4 /var/www/html/wp-includes/class-wp-hook.php(308): rest_api_loaded(Object(WP))
#5 /var/www/html/wp-includes/class-wp-hook.php(332): WP_Hook->apply_filters(NULL, Array)
#6 /var/www/html/wp-includes/plugin.php(565): WP_Hook->do_action(Array)
#7 /var/www/html/wp-includes/class-wp.php(399): do_action_ref_array('parse_request', Array)
#8 /var/www/html/wp-includes/class-wp.php(780): WP->parse_request('')
#9 /var/www/html/wp-includes/functions.php(1334): WP->main('')
#10 /var/www/html/wp-blog-header.php(16): wp()
#11 /var/www/html/index.php(17): require('/var/www/html/w...')
#12 {main}
  thrown in /var/www/html/wp-content/themes/my-theme/Controllers/AdminController.php on line 19

2023-11-05T06:45:02+00:00 CRITICAL syntax error, unexpected token "}" in /var/www/html/wp-content/themes/my-theme/routes.php on line 20

2023-11-05T06:45:03+00:00 CRITICAL syntax error, unexpected token "}" in /var/www/html/wp-content/themes/my-theme/routes.php on line 20

2023-11-05T06:45:59+00:00 CRITICAL syntax error, unexpected token "}" in /var/www/html/wp-content/themes/my-theme/routes.php on line 20

2023-11-05T06:47:37+00:00 CRITICAL syntax error, unexpected token "}" in /var/www/html/wp-content/themes/my-theme/routes.php on line 20

2023-11-05T06:49:57+00:00 CRITICAL syntax error, unexpected token "}" in /var/www/html/wp-content/themes/my-theme/routes.php on line 20

2023-11-05T06:51:08+00:00 CRITICAL syntax error, unexpected token "}" in /var/www/html/wp-content/themes/my-theme/routes.php on line 20

2023-11-05T06:51:11+00:00 CRITICAL syntax error, unexpected token "}" in /var/www/html/wp-content/themes/my-theme/routes.php on line 20

2023-11-05T06:51:14+00:00 CRITICAL syntax error, unexpected token "}" in /var/www/html/wp-content/themes/my-theme/routes.php on line 20

2023-11-05T06:54:06+00:00 CRITICAL syntax error, unexpected token "}" in /var/www/html/wp-content/themes/my-theme/routes.php on line 20

2023-11-05T07:07:22+00:00 CRITICAL Uncaught ValueError: setcookie(): "path" option cannot contain ",", ";", " ", "\t", "\r", "\n", "\013", or "\014" in /var/www/html/wp-content/themes/my-theme/Controllers/SessionController.php:23
Stack trace:
#0 /var/www/html/wp-content/themes/my-theme/Controllers/SessionController.php(23): setcookie('auth', '$P$Bv5JlP.wspnN...', Array)
#1 /var/www/html/wp-includes/rest-api/class-wp-rest-server.php(1187): App\Controllers\SessionController->create(Object(WP_REST_Request))
#2 /var/www/html/wp-includes/rest-api/class-wp-rest-server.php(1034): WP_REST_Server->respond_to_request(Object(WP_REST_Request), '/wp/v2/sessions', Array, NULL)
#3 /var/www/html/wp-includes/rest-api/class-wp-rest-server.php(426): WP_REST_Server->dispatch(Object(WP_REST_Request))
#4 /var/www/html/wp-includes/rest-api.php(410): WP_REST_Server->serve_request('/wp/v2/sessions')
#5 /var/www/html/wp-includes/class-wp-hook.php(308): rest_api_loaded(Object(WP))
#6 /var/www/html/wp-includes/class-wp-hook.php(332): WP_Hook->apply_filters(NULL, Array)
#7 /var/www/html/wp-includes/plugin.php(565): WP_Hook->do_action(Array)
#8 /var/www/html/wp-includes/class-wp.php(399): do_action_ref_array('parse_request', Array)
#9 /var/www/html/wp-includes/class-wp.php(780): WP->parse_request('')
#10 /var/www/html/wp-includes/functions.php(1334): WP->main('')
#11 /var/www/html/wp-blog-header.php(16): wp()
#12 /var/www/html/index.php(17): require('/var/www/html/w...')
#13 {main}
  thrown in /var/www/html/wp-content/themes/my-theme/Controllers/SessionController.php on line 23

2023-11-05T07:07:35+00:00 CRITICAL Uncaught ValueError: setcookie(): "path" option cannot contain ",", ";", " ", "\t", "\r", "\n", "\013", or "\014" in /var/www/html/wp-content/themes/my-theme/Controllers/SessionController.php:23
Stack trace:
#0 /var/www/html/wp-content/themes/my-theme/Controllers/SessionController.php(23): setcookie('auth', '$P$B/vDUiWz7FQc...', Array)
#1 /var/www/html/wp-includes/rest-api/class-wp-rest-server.php(1187): App\Controllers\SessionController->create(Object(WP_REST_Request))
#2 /var/www/html/wp-includes/rest-api/class-wp-rest-server.php(1034): WP_REST_Server->respond_to_request(Object(WP_REST_Request), '/wp/v2/sessions', Array, NULL)
#3 /var/www/html/wp-includes/rest-api/class-wp-rest-server.php(426): WP_REST_Server->dispatch(Object(WP_REST_Request))
#4 /var/www/html/wp-includes/rest-api.php(410): WP_REST_Server->serve_request('/wp/v2/sessions')
#5 /var/www/html/wp-includes/class-wp-hook.php(308): rest_api_loaded(Object(WP))
#6 /var/www/html/wp-includes/class-wp-hook.php(332): WP_Hook->apply_filters(NULL, Array)
#7 /var/www/html/wp-includes/plugin.php(565): WP_Hook->do_action(Array)
#8 /var/www/html/wp-includes/class-wp.php(399): do_action_ref_array('parse_request', Array)
#9 /var/www/html/wp-includes/class-wp.php(780): WP->parse_request('')
#10 /var/www/html/wp-includes/functions.php(1334): WP->main('')
#11 /var/www/html/wp-blog-header.php(16): wp()
#12 /var/www/html/index.php(17): require('/var/www/html/w...')
#13 {main}
  thrown in /var/www/html/wp-content/themes/my-theme/Controllers/SessionController.php on line 23

2023-11-05T07:07:59+00:00 CRITICAL Uncaught ValueError: setcookie(): "path" option cannot contain ",", ";", " ", "\t", "\r", "\n", "\013", or "\014" in /var/www/html/wp-content/themes/my-theme/Controllers/SessionController.php:23
Stack trace:
#0 /var/www/html/wp-content/themes/my-theme/Controllers/SessionController.php(23): setcookie('auth', '$P$BuwhbLo7rk43...', Array)
#1 /var/www/html/wp-includes/rest-api/class-wp-rest-server.php(1187): App\Controllers\SessionController->create(Object(WP_REST_Request))
#2 /var/www/html/wp-includes/rest-api/class-wp-rest-server.php(1034): WP_REST_Server->respond_to_request(Object(WP_REST_Request), '/wp/v2/sessions', Array, NULL)
#3 /var/www/html/wp-includes/rest-api/class-wp-rest-server.php(426): WP_REST_Server->dispatch(Object(WP_REST_Request))
#4 /var/www/html/wp-includes/rest-api.php(410): WP_REST_Server->serve_request('/wp/v2/sessions')
#5 /var/www/html/wp-includes/class-wp-hook.php(308): rest_api_loaded(Object(WP))
#6 /var/www/html/wp-includes/class-wp-hook.php(332): WP_Hook->apply_filters(NULL, Array)
#7 /var/www/html/wp-includes/plugin.php(565): WP_Hook->do_action(Array)
#8 /var/www/html/wp-includes/class-wp.php(399): do_action_ref_array('parse_request', Array)
#9 /var/www/html/wp-includes/class-wp.php(780): WP->parse_request('')
#10 /var/www/html/wp-includes/functions.php(1334): WP->main('')
#11 /var/www/html/wp-blog-header.php(16): wp()
#12 /var/www/html/index.php(17): require('/var/www/html/w...')
#13 {main}
  thrown in /var/www/html/wp-content/themes/my-theme/Controllers/SessionController.php on line 23

2023-11-05T07:08:23+00:00 CRITICAL Uncaught ValueError: setcookie(): "path" option cannot contain ",", ";", " ", "\t", "\r", "\n", "\013", or "\014" in /var/www/html/wp-content/themes/my-theme/Controllers/SessionController.php:23
Stack trace:
#0 /var/www/html/wp-content/themes/my-theme/Controllers/SessionController.php(23): setcookie('auth', '$P$BkXcpxhDqqml...', Array)
#1 /var/www/html/wp-includes/rest-api/class-wp-rest-server.php(1187): App\Controllers\SessionController->create(Object(WP_REST_Request))
#2 /var/www/html/wp-includes/rest-api/class-wp-rest-server.php(1034): WP_REST_Server->respond_to_request(Object(WP_REST_Request), '/wp/v2/sessions', Array, NULL)
#3 /var/www/html/wp-includes/rest-api/class-wp-rest-server.php(426): WP_REST_Server->dispatch(Object(WP_REST_Request))
#4 /var/www/html/wp-includes/rest-api.php(410): WP_REST_Server->serve_request('/wp/v2/sessions')
#5 /var/www/html/wp-includes/class-wp-hook.php(308): rest_api_loaded(Object(WP))
#6 /var/www/html/wp-includes/class-wp-hook.php(332): WP_Hook->apply_filters(NULL, Array)
#7 /var/www/html/wp-includes/plugin.php(565): WP_Hook->do_action(Array)
#8 /var/www/html/wp-includes/class-wp.php(399): do_action_ref_array('parse_request', Array)
#9 /var/www/html/wp-includes/class-wp.php(780): WP->parse_request('')
#10 /var/www/html/wp-includes/functions.php(1334): WP->main('')
#11 /var/www/html/wp-blog-header.php(16): wp()
#12 /var/www/html/index.php(17): require('/var/www/html/w...')
#13 {main}
  thrown in /var/www/html/wp-content/themes/my-theme/Controllers/SessionController.php on line 23

2023-11-05T07:08:48+00:00 CRITICAL Uncaught ValueError: setcookie(): "path" option cannot contain ",", ";", " ", "\t", "\r", "\n", "\013", or "\014" in /var/www/html/wp-content/themes/my-theme/Controllers/SessionController.php:23
Stack trace:
#0 /var/www/html/wp-content/themes/my-theme/Controllers/SessionController.php(23): setcookie('auth', '$P$B9UAuu09P6T1...', Array)
#1 /var/www/html/wp-includes/rest-api/class-wp-rest-server.php(1187): App\Controllers\SessionController->create(Object(WP_REST_Request))
#2 /var/www/html/wp-includes/rest-api/class-wp-rest-server.php(1034): WP_REST_Server->respond_to_request(Object(WP_REST_Request), '/wp/v2/sessions', Array, NULL)
#3 /var/www/html/wp-includes/rest-api/class-wp-rest-server.php(426): WP_REST_Server->dispatch(Object(WP_REST_Request))
#4 /var/www/html/wp-includes/rest-api.php(410): WP_REST_Server->serve_request('/wp/v2/sessions')
#5 /var/www/html/wp-includes/class-wp-hook.php(308): rest_api_loaded(Object(WP))
#6 /var/www/html/wp-includes/class-wp-hook.php(332): WP_Hook->apply_filters(NULL, Array)
#7 /var/www/html/wp-includes/plugin.php(565): WP_Hook->do_action(Array)
#8 /var/www/html/wp-includes/class-wp.php(399): do_action_ref_array('parse_request', Array)
#9 /var/www/html/wp-includes/class-wp.php(780): WP->parse_request('')
#10 /var/www/html/wp-includes/functions.php(1334): WP->main('')
#11 /var/www/html/wp-blog-header.php(16): wp()
#12 /var/www/html/index.php(17): require('/var/www/html/w...')
#13 {main}
  thrown in /var/www/html/wp-content/themes/my-theme/Controllers/SessionController.php on line 23

2023-11-05T07:08:54+00:00 CRITICAL Uncaught ValueError: setcookie(): "path" option cannot contain ",", ";", " ", "\t", "\r", "\n", "\013", or "\014" in /var/www/html/wp-content/themes/my-theme/Controllers/SessionController.php:23
Stack trace:
#0 /var/www/html/wp-content/themes/my-theme/Controllers/SessionController.php(23): setcookie('auth', '$P$B5YAe5dKae69...', Array)
#1 /var/www/html/wp-includes/rest-api/class-wp-rest-server.php(1187): App\Controllers\SessionController->create(Object(WP_REST_Request))
#2 /var/www/html/wp-includes/rest-api/class-wp-rest-server.php(1034): WP_REST_Server->respond_to_request(Object(WP_REST_Request), '/wp/v2/sessions', Array, NULL)
#3 /var/www/html/wp-includes/rest-api/class-wp-rest-server.php(426): WP_REST_Server->dispatch(Object(WP_REST_Request))
#4 /var/www/html/wp-includes/rest-api.php(410): WP_REST_Server->serve_request('/wp/v2/sessions')
#5 /var/www/html/wp-includes/class-wp-hook.php(308): rest_api_loaded(Object(WP))
#6 /var/www/html/wp-includes/class-wp-hook.php(332): WP_Hook->apply_filters(NULL, Array)
#7 /var/www/html/wp-includes/plugin.php(565): WP_Hook->do_action(Array)
#8 /var/www/html/wp-includes/class-wp.php(399): do_action_ref_array('parse_request', Array)
#9 /var/www/html/wp-includes/class-wp.php(780): WP->parse_request('')
#10 /var/www/html/wp-includes/functions.php(1334): WP->main('')
#11 /var/www/html/wp-blog-header.php(16): wp()
#12 /var/www/html/index.php(17): require('/var/www/html/w...')
#13 {main}
  thrown in /var/www/html/wp-content/themes/my-theme/Controllers/SessionController.php on line 23

2023-11-05T07:08:59+00:00 CRITICAL Uncaught ValueError: setcookie(): "path" option cannot contain ",", ";", " ", "\t", "\r", "\n", "\013", or "\014" in /var/www/html/wp-content/themes/my-theme/Controllers/SessionController.php:23
Stack trace:
#0 /var/www/html/wp-content/themes/my-theme/Controllers/SessionController.php(23): setcookie('auth', '$P$BNA5KUL413de...', Array)
#1 /var/www/html/wp-includes/rest-api/class-wp-rest-server.php(1187): App\Controllers\SessionController->create(Object(WP_REST_Request))
#2 /var/www/html/wp-includes/rest-api/class-wp-rest-server.php(1034): WP_REST_Server->respond_to_request(Object(WP_REST_Request), '/wp/v2/sessions', Array, NULL)
#3 /var/www/html/wp-includes/rest-api/class-wp-rest-server.php(426): WP_REST_Server->dispatch(Object(WP_REST_Request))
#4 /var/www/html/wp-includes/rest-api.php(410): WP_REST_Server->serve_request('/wp/v2/sessions')
#5 /var/www/html/wp-includes/class-wp-hook.php(308): rest_api_loaded(Object(WP))
#6 /var/www/html/wp-includes/class-wp-hook.php(332): WP_Hook->apply_filters(NULL, Array)
#7 /var/www/html/wp-includes/plugin.php(565): WP_Hook->do_action(Array)
#8 /var/www/html/wp-includes/class-wp.php(399): do_action_ref_array('parse_request', Array)
#9 /var/www/html/wp-includes/class-wp.php(780): WP->parse_request('')
#10 /var/www/html/wp-includes/functions.php(1334): WP->main('')
#11 /var/www/html/wp-blog-header.php(16): wp()
#12 /var/www/html/index.php(17): require('/var/www/html/w...')
#13 {main}
  thrown in /var/www/html/wp-content/themes/my-theme/Controllers/SessionController.php on line 23

2023-11-05T07:44:25+00:00 CRITICAL Uncaught PHPMailer\PHPMailer\Exception: Invalid address:  (to):  in /var/www/html/vendor/phpmailer/phpmailer/src/PHPMailer.php:1094
Stack trace:
#0 /var/www/html/vendor/phpmailer/phpmailer/src/PHPMailer.php(1014): PHPMailer\PHPMailer\PHPMailer->addOrEnqueueAnAddress('to', NULL, '')
#1 /var/www/html/wp-content/themes/my-theme/routes.php(214): PHPMailer\PHPMailer\PHPMailer->addAddress(NULL)
#2 /var/www/html/wp-includes/rest-api/class-wp-rest-server.php(1187): sendMailCallback(Object(WP_REST_Request))
#3 /var/www/html/wp-includes/rest-api/class-wp-rest-server.php(1034): WP_REST_Server->respond_to_request(Object(WP_REST_Request), '/wp/v2/sendMail', Array, NULL)
#4 /var/www/html/wp-includes/rest-api/class-wp-rest-server.php(426): WP_REST_Server->dispatch(Object(WP_REST_Request))
#5 /var/www/html/wp-includes/rest-api.php(410): WP_REST_Server->serve_request('/wp/v2/sendMail')
#6 /var/www/html/wp-includes/class-wp-hook.php(308): rest_api_loaded(Object(WP))
#7 /var/www/html/wp-includes/class-wp-hook.php(332): WP_Hook->apply_filters(NULL, Array)
#8 /var/www/html/wp-includes/plugin.php(565): WP_Hook->do_action(Array)
#9 /var/www/html/wp-includes/class-wp.php(399): do_action_ref_array('parse_request', Array)
#10 /var/www/html/wp-includes/class-wp.php(780): WP->parse_request('')
#11 /var/www/html/wp-includes/functions.php(1334): WP->main('')
#12 /var/www/html/wp-blog-header.php(16): wp()
#13 /var/www/html/index.php(17): require('/var/www/html/w...')
#14 {main}
  thrown in /var/www/html/vendor/phpmailer/phpmailer/src/PHPMailer.php on line 1094

2023-11-05T08:00:11+00:00 CRITICAL Uncaught Error: Class "App\Controllers\Client" not found in /var/www/html/wp-content/themes/my-theme/Controllers/PaymentController.php:74
Stack trace:
#0 /var/www/html/wp-includes/rest-api/class-wp-rest-server.php(1187): App\Controllers\PaymentController->webhookCallback(Object(WP_REST_Request))
#1 /var/www/html/wp-includes/rest-api/class-wp-rest-server.php(1034): WP_REST_Server->respond_to_request(Object(WP_REST_Request), '/wp/v2/payments...', Array, NULL)
#2 /var/www/html/wp-includes/rest-api/class-wp-rest-server.php(426): WP_REST_Server->dispatch(Object(WP_REST_Request))
#3 /var/www/html/wp-includes/rest-api.php(410): WP_REST_Server->serve_request('/wp/v2/payments...')
#4 /var/www/html/wp-includes/class-wp-hook.php(308): rest_api_loaded(Object(WP))
#5 /var/www/html/wp-includes/class-wp-hook.php(332): WP_Hook->apply_filters(NULL, Array)
#6 /var/www/html/wp-includes/plugin.php(565): WP_Hook->do_action(Array)
#7 /var/www/html/wp-includes/class-wp.php(399): do_action_ref_array('parse_request', Array)
#8 /var/www/html/wp-includes/class-wp.php(780): WP->parse_request('')
#9 /var/www/html/wp-includes/functions.php(1334): WP->main('')
#10 /var/www/html/wp-blog-header.php(16): wp()
#11 /var/www/html/index.php(17): require('/var/www/html/w...')
#12 {main}
  thrown in /var/www/html/wp-content/themes/my-theme/Controllers/PaymentController.php on line 74

2023-11-05T08:00:21+00:00 CRITICAL Uncaught Error: Class "App\Controllers\Client" not found in /var/www/html/wp-content/themes/my-theme/Controllers/PaymentController.php:74
Stack trace:
#0 /var/www/html/wp-includes/rest-api/class-wp-rest-server.php(1187): App\Controllers\PaymentController->webhookCallback(Object(WP_REST_Request))
#1 /var/www/html/wp-includes/rest-api/class-wp-rest-server.php(1034): WP_REST_Server->respond_to_request(Object(WP_REST_Request), '/wp/v2/payments...', Array, NULL)
#2 /var/www/html/wp-includes/rest-api/class-wp-rest-server.php(426): WP_REST_Server->dispatch(Object(WP_REST_Request))
#3 /var/www/html/wp-includes/rest-api.php(410): WP_REST_Server->serve_request('/wp/v2/payments...')
#4 /var/www/html/wp-includes/class-wp-hook.php(308): rest_api_loaded(Object(WP))
#5 /var/www/html/wp-includes/class-wp-hook.php(332): WP_Hook->apply_filters(NULL, Array)
#6 /var/www/html/wp-includes/plugin.php(565): WP_Hook->do_action(Array)
#7 /var/www/html/wp-includes/class-wp.php(399): do_action_ref_array('parse_request', Array)
#8 /var/www/html/wp-includes/class-wp.php(780): WP->parse_request('')
#9 /var/www/html/wp-includes/functions.php(1334): WP->main('')
#10 /var/www/html/wp-blog-header.php(16): wp()
#11 /var/www/html/index.php(17): require('/var/www/html/w...')
#12 {main}
  thrown in /var/www/html/wp-content/themes/my-theme/Controllers/PaymentController.php on line 74

2023-11-05T08:01:03+00:00 CRITICAL Uncaught Error: Class "App\Controllers\Client" not found in /var/www/html/wp-content/themes/my-theme/Controllers/PaymentController.php:74
Stack trace:
#0 /var/www/html/wp-includes/rest-api/class-wp-rest-server.php(1187): App\Controllers\PaymentController->webhookCallback(Object(WP_REST_Request))
#1 /var/www/html/wp-includes/rest-api/class-wp-rest-server.php(1034): WP_REST_Server->respond_to_request(Object(WP_REST_Request), '/wp/v2/payments...', Array, NULL)
#2 /var/www/html/wp-includes/rest-api/class-wp-rest-server.php(426): WP_REST_Server->dispatch(Object(WP_REST_Request))
#3 /var/www/html/wp-includes/rest-api.php(410): WP_REST_Server->serve_request('/wp/v2/payments...')
#4 /var/www/html/wp-includes/class-wp-hook.php(308): rest_api_loaded(Object(WP))
#5 /var/www/html/wp-includes/class-wp-hook.php(332): WP_Hook->apply_filters(NULL, Array)
#6 /var/www/html/wp-includes/plugin.php(565): WP_Hook->do_action(Array)
#7 /var/www/html/wp-includes/class-wp.php(399): do_action_ref_array('parse_request', Array)
#8 /var/www/html/wp-includes/class-wp.php(780): WP->parse_request('')
#9 /var/www/html/wp-includes/functions.php(1334): WP->main('')
#10 /var/www/html/wp-blog-header.php(16): wp()
#11 /var/www/html/index.php(17): require('/var/www/html/w...')
#12 {main}
  thrown in /var/www/html/wp-content/themes/my-theme/Controllers/PaymentController.php on line 74

2023-11-05T08:02:25+00:00 CRITICAL Uncaught Error: Class "App\Controllers\Client" not found in /var/www/html/wp-content/themes/my-theme/Controllers/PaymentController.php:74
Stack trace:
#0 /var/www/html/wp-includes/rest-api/class-wp-rest-server.php(1187): App\Controllers\PaymentController->webhookCallback(Object(WP_REST_Request))
#1 /var/www/html/wp-includes/rest-api/class-wp-rest-server.php(1034): WP_REST_Server->respond_to_request(Object(WP_REST_Request), '/wp/v2/payments...', Array, NULL)
#2 /var/www/html/wp-includes/rest-api/class-wp-rest-server.php(426): WP_REST_Server->dispatch(Object(WP_REST_Request))
#3 /var/www/html/wp-includes/rest-api.php(410): WP_REST_Server->serve_request('/wp/v2/payments...')
#4 /var/www/html/wp-includes/class-wp-hook.php(308): rest_api_loaded(Object(WP))
#5 /var/www/html/wp-includes/class-wp-hook.php(332): WP_Hook->apply_filters(NULL, Array)
#6 /var/www/html/wp-includes/plugin.php(565): WP_Hook->do_action(Array)
#7 /var/www/html/wp-includes/class-wp.php(399): do_action_ref_array('parse_request', Array)
#8 /var/www/html/wp-includes/class-wp.php(780): WP->parse_request('')
#9 /var/www/html/wp-includes/functions.php(1334): WP->main('')
#10 /var/www/html/wp-blog-header.php(16): wp()
#11 /var/www/html/index.php(17): require('/var/www/html/w...')
#12 {main}
  thrown in /var/www/html/wp-content/themes/my-theme/Controllers/PaymentController.php on line 74

2023-11-05T08:02:27+00:00 CRITICAL Uncaught Error: Class "App\Controllers\Client" not found in /var/www/html/wp-content/themes/my-theme/Controllers/PaymentController.php:74
Stack trace:
#0 /var/www/html/wp-includes/rest-api/class-wp-rest-server.php(1187): App\Controllers\PaymentController->webhookCallback(Object(WP_REST_Request))
#1 /var/www/html/wp-includes/rest-api/class-wp-rest-server.php(1034): WP_REST_Server->respond_to_request(Object(WP_REST_Request), '/wp/v2/payments...', Array, NULL)
#2 /var/www/html/wp-includes/rest-api/class-wp-rest-server.php(426): WP_REST_Server->dispatch(Object(WP_REST_Request))
#3 /var/www/html/wp-includes/rest-api.php(410): WP_REST_Server->serve_request('/wp/v2/payments...')
#4 /var/www/html/wp-includes/class-wp-hook.php(308): rest_api_loaded(Object(WP))
#5 /var/www/html/wp-includes/class-wp-hook.php(332): WP_Hook->apply_filters(NULL, Array)
#6 /var/www/html/wp-includes/plugin.php(565): WP_Hook->do_action(Array)
#7 /var/www/html/wp-includes/class-wp.php(399): do_action_ref_array('parse_request', Array)
#8 /var/www/html/wp-includes/class-wp.php(780): WP->parse_request('')
#9 /var/www/html/wp-includes/functions.php(1334): WP->main('')
#10 /var/www/html/wp-blog-header.php(16): wp()
#11 /var/www/html/index.php(17): require('/var/www/html/w...')
#12 {main}
  thrown in /var/www/html/wp-content/themes/my-theme/Controllers/PaymentController.php on line 74

2023-11-05T08:02:35+00:00 CRITICAL Uncaught Error: Class "App\Controllers\Client" not found in /var/www/html/wp-content/themes/my-theme/Controllers/PaymentController.php:74
Stack trace:
#0 /var/www/html/wp-includes/rest-api/class-wp-rest-server.php(1187): App\Controllers\PaymentController->webhookCallback(Object(WP_REST_Request))
#1 /var/www/html/wp-includes/rest-api/class-wp-rest-server.php(1034): WP_REST_Server->respond_to_request(Object(WP_REST_Request), '/wp/v2/payments...', Array, NULL)
#2 /var/www/html/wp-includes/rest-api/class-wp-rest-server.php(426): WP_REST_Server->dispatch(Object(WP_REST_Request))
#3 /var/www/html/wp-includes/rest-api.php(410): WP_REST_Server->serve_request('/wp/v2/payments...')
#4 /var/www/html/wp-includes/class-wp-hook.php(308): rest_api_loaded(Object(WP))
#5 /var/www/html/wp-includes/class-wp-hook.php(332): WP_Hook->apply_filters(NULL, Array)
#6 /var/www/html/wp-includes/plugin.php(565): WP_Hook->do_action(Array)
#7 /var/www/html/wp-includes/class-wp.php(399): do_action_ref_array('parse_request', Array)
#8 /var/www/html/wp-includes/class-wp.php(780): WP->parse_request('')
#9 /var/www/html/wp-includes/functions.php(1334): WP->main('')
#10 /var/www/html/wp-blog-header.php(16): wp()
#11 /var/www/html/index.php(17): require('/var/www/html/w...')
#12 {main}
  thrown in /var/www/html/wp-content/themes/my-theme/Controllers/PaymentController.php on line 74

2023-11-05T08:03:17+00:00 CRITICAL Uncaught Error: Class "App\Controllers\Client" not found in /var/www/html/wp-content/themes/my-theme/Controllers/PaymentController.php:75
Stack trace:
#0 /var/www/html/wp-includes/rest-api/class-wp-rest-server.php(1187): App\Controllers\PaymentController->webhookCallback(Object(WP_REST_Request))
#1 /var/www/html/wp-includes/rest-api/class-wp-rest-server.php(1034): WP_REST_Server->respond_to_request(Object(WP_REST_Request), '/wp/v2/payments...', Array, NULL)
#2 /var/www/html/wp-includes/rest-api/class-wp-rest-server.php(426): WP_REST_Server->dispatch(Object(WP_REST_Request))
#3 /var/www/html/wp-includes/rest-api.php(410): WP_REST_Server->serve_request('/wp/v2/payments...')
#4 /var/www/html/wp-includes/class-wp-hook.php(308): rest_api_loaded(Object(WP))
#5 /var/www/html/wp-includes/class-wp-hook.php(332): WP_Hook->apply_filters(NULL, Array)
#6 /var/www/html/wp-includes/plugin.php(565): WP_Hook->do_action(Array)
#7 /var/www/html/wp-includes/class-wp.php(399): do_action_ref_array('parse_request', Array)
#8 /var/www/html/wp-includes/class-wp.php(780): WP->parse_request('')
#9 /var/www/html/wp-includes/functions.php(1334): WP->main('')
#10 /var/www/html/wp-blog-header.php(16): wp()
#11 /var/www/html/index.php(17): require('/var/www/html/w...')
#12 {main}
  thrown in /var/www/html/wp-content/themes/my-theme/Controllers/PaymentController.php on line 75

2023-11-05T08:04:41+00:00 CRITICAL Uncaught Error: Class "App\Controllers\Client" not found in /var/www/html/wp-content/themes/my-theme/Controllers/PaymentController.php:75
Stack trace:
#0 /var/www/html/wp-includes/rest-api/class-wp-rest-server.php(1187): App\Controllers\PaymentController->webhookCallback(Object(WP_REST_Request))
#1 /var/www/html/wp-includes/rest-api/class-wp-rest-server.php(1034): WP_REST_Server->respond_to_request(Object(WP_REST_Request), '/wp/v2/payments...', Array, NULL)
#2 /var/www/html/wp-includes/rest-api/class-wp-rest-server.php(426): WP_REST_Server->dispatch(Object(WP_REST_Request))
#3 /var/www/html/wp-includes/rest-api.php(410): WP_REST_Server->serve_request('/wp/v2/payments...')
#4 /var/www/html/wp-includes/class-wp-hook.php(308): rest_api_loaded(Object(WP))
#5 /var/www/html/wp-includes/class-wp-hook.php(332): WP_Hook->apply_filters(NULL, Array)
#6 /var/www/html/wp-includes/plugin.php(565): WP_Hook->do_action(Array)
#7 /var/www/html/wp-includes/class-wp.php(399): do_action_ref_array('parse_request', Array)
#8 /var/www/html/wp-includes/class-wp.php(780): WP->parse_request('')
#9 /var/www/html/wp-includes/functions.php(1334): WP->main('')
#10 /var/www/html/wp-blog-header.php(16): wp()
#11 /var/www/html/index.php(17): require('/var/www/html/w...')
#12 {main}
  thrown in /var/www/html/wp-content/themes/my-theme/Controllers/PaymentController.php on line 75

2023-11-05T08:05:16+00:00 CRITICAL Uncaught Error: Call to a member function getPaymentInfo() on null in /var/www/html/wp-content/themes/my-theme/Controllers/PaymentController.php:91
Stack trace:
#0 /var/www/html/wp-includes/rest-api/class-wp-rest-server.php(1187): App\Controllers\PaymentController->webhookCallback(Object(WP_REST_Request))
#1 /var/www/html/wp-includes/rest-api/class-wp-rest-server.php(1034): WP_REST_Server->respond_to_request(Object(WP_REST_Request), '/wp/v2/payments...', Array, NULL)
#2 /var/www/html/wp-includes/rest-api/class-wp-rest-server.php(426): WP_REST_Server->dispatch(Object(WP_REST_Request))
#3 /var/www/html/wp-includes/rest-api.php(410): WP_REST_Server->serve_request('/wp/v2/payments...')
#4 /var/www/html/wp-includes/class-wp-hook.php(308): rest_api_loaded(Object(WP))
#5 /var/www/html/wp-includes/class-wp-hook.php(332): WP_Hook->apply_filters(NULL, Array)
#6 /var/www/html/wp-includes/plugin.php(565): WP_Hook->do_action(Array)
#7 /var/www/html/wp-includes/class-wp.php(399): do_action_ref_array('parse_request', Array)
#8 /var/www/html/wp-includes/class-wp.php(780): WP->parse_request('')
#9 /var/www/html/wp-includes/functions.php(1334): WP->main('')
#10 /var/www/html/wp-blog-header.php(16): wp()
#11 /var/www/html/index.php(17): require('/var/www/html/w...')
#12 {main}
  thrown in /var/www/html/wp-content/themes/my-theme/Controllers/PaymentController.php on line 91

2023-11-05T10:34:46+00:00 CRITICAL Uncaught Error: Class "App\Classes\PHPMailer" not found in /var/www/html/wp-content/themes/my-theme/Classes/MailServise.php:18
Stack trace:
#0 /var/www/html/wp-content/themes/my-theme/Classes/MailServise.php(13): App\Classes\MailServise->init()
#1 /var/www/html/wp-content/themes/my-theme/routes.php(159): App\Classes\MailServise->__construct()
#2 /var/www/html/wp-includes/rest-api/class-wp-rest-server.php(1187): sendMailCallback(Object(WP_REST_Request))
#3 /var/www/html/wp-includes/rest-api/class-wp-rest-server.php(1034): WP_REST_Server->respond_to_request(Object(WP_REST_Request), '/wp/v2/sendMail', Array, NULL)
#4 /var/www/html/wp-includes/rest-api/class-wp-rest-server.php(426): WP_REST_Server->dispatch(Object(WP_REST_Request))
#5 /var/www/html/wp-includes/rest-api.php(410): WP_REST_Server->serve_request('/wp/v2/sendMail')
#6 /var/www/html/wp-includes/class-wp-hook.php(308): rest_api_loaded(Object(WP))
#7 /var/www/html/wp-includes/class-wp-hook.php(332): WP_Hook->apply_filters(NULL, Array)
#8 /var/www/html/wp-includes/plugin.php(565): WP_Hook->do_action(Array)
#9 /var/www/html/wp-includes/class-wp.php(399): do_action_ref_array('parse_request', Array)
#10 /var/www/html/wp-includes/class-wp.php(780): WP->parse_request('')
#11 /var/www/html/wp-includes/functions.php(1334): WP->main('')
#12 /var/www/html/wp-blog-header.php(16): wp()
#13 /var/www/html/index.php(17): require('/var/www/html/w...')
#14 {main}
  thrown in /var/www/html/wp-content/themes/my-theme/Classes/MailServise.php on line 18

2023-11-05T10:35:38+00:00 CRITICAL Uncaught Error: Class "App\Classes\PHPMailer" not found in /var/www/html/wp-content/themes/my-theme/Classes/MailServise.php:18
Stack trace:
#0 /var/www/html/wp-content/themes/my-theme/Classes/MailServise.php(13): App\Classes\MailServise->init()
#1 /var/www/html/wp-content/themes/my-theme/routes.php(159): App\Classes\MailServise->__construct()
#2 /var/www/html/wp-includes/rest-api/class-wp-rest-server.php(1187): sendMailCallback(Object(WP_REST_Request))
#3 /var/www/html/wp-includes/rest-api/class-wp-rest-server.php(1034): WP_REST_Server->respond_to_request(Object(WP_REST_Request), '/wp/v2/sendMail', Array, NULL)
#4 /var/www/html/wp-includes/rest-api/class-wp-rest-server.php(426): WP_REST_Server->dispatch(Object(WP_REST_Request))
#5 /var/www/html/wp-includes/rest-api.php(410): WP_REST_Server->serve_request('/wp/v2/sendMail')
#6 /var/www/html/wp-includes/class-wp-hook.php(308): rest_api_loaded(Object(WP))
#7 /var/www/html/wp-includes/class-wp-hook.php(332): WP_Hook->apply_filters(NULL, Array)
#8 /var/www/html/wp-includes/plugin.php(565): WP_Hook->do_action(Array)
#9 /var/www/html/wp-includes/class-wp.php(399): do_action_ref_array('parse_request', Array)
#10 /var/www/html/wp-includes/class-wp.php(780): WP->parse_request('')
#11 /var/www/html/wp-includes/functions.php(1334): WP->main('')
#12 /var/www/html/wp-blog-header.php(16): wp()
#13 /var/www/html/index.php(17): require('/var/www/html/w...')
#14 {main}
  thrown in /var/www/html/wp-content/themes/my-theme/Classes/MailServise.php on line 18

2023-11-05T10:36:16+00:00 CRITICAL Uncaught Error: Class "App\Classes\PHPMailer" not found in /var/www/html/wp-content/themes/my-theme/Classes/MailServise.php:18
Stack trace:
#0 /var/www/html/wp-content/themes/my-theme/Classes/MailServise.php(13): App\Classes\MailServise->init()
#1 /var/www/html/wp-content/themes/my-theme/routes.php(159): App\Classes\MailServise->__construct()
#2 /var/www/html/wp-includes/rest-api/class-wp-rest-server.php(1187): sendMailCallback(Object(WP_REST_Request))
#3 /var/www/html/wp-includes/rest-api/class-wp-rest-server.php(1034): WP_REST_Server->respond_to_request(Object(WP_REST_Request), '/wp/v2/sendMail', Array, NULL)
#4 /var/www/html/wp-includes/rest-api/class-wp-rest-server.php(426): WP_REST_Server->dispatch(Object(WP_REST_Request))
#5 /var/www/html/wp-includes/rest-api.php(410): WP_REST_Server->serve_request('/wp/v2/sendMail')
#6 /var/www/html/wp-includes/class-wp-hook.php(308): rest_api_loaded(Object(WP))
#7 /var/www/html/wp-includes/class-wp-hook.php(332): WP_Hook->apply_filters(NULL, Array)
#8 /var/www/html/wp-includes/plugin.php(565): WP_Hook->do_action(Array)
#9 /var/www/html/wp-includes/class-wp.php(399): do_action_ref_array('parse_request', Array)
#10 /var/www/html/wp-includes/class-wp.php(780): WP->parse_request('')
#11 /var/www/html/wp-includes/functions.php(1334): WP->main('')
#12 /var/www/html/wp-blog-header.php(16): wp()
#13 /var/www/html/index.php(17): require('/var/www/html/w...')
#14 {main}
  thrown in /var/www/html/wp-content/themes/my-theme/Classes/MailServise.php on line 18

2023-11-05T10:36:17+00:00 CRITICAL Uncaught Error: Class "App\Classes\PHPMailer" not found in /var/www/html/wp-content/themes/my-theme/Classes/MailServise.php:18
Stack trace:
#0 /var/www/html/wp-content/themes/my-theme/Classes/MailServise.php(13): App\Classes\MailServise->init()
#1 /var/www/html/wp-content/themes/my-theme/routes.php(159): App\Classes\MailServise->__construct()
#2 /var/www/html/wp-includes/rest-api/class-wp-rest-server.php(1187): sendMailCallback(Object(WP_REST_Request))
#3 /var/www/html/wp-includes/rest-api/class-wp-rest-server.php(1034): WP_REST_Server->respond_to_request(Object(WP_REST_Request), '/wp/v2/sendMail', Array, NULL)
#4 /var/www/html/wp-includes/rest-api/class-wp-rest-server.php(426): WP_REST_Server->dispatch(Object(WP_REST_Request))
#5 /var/www/html/wp-includes/rest-api.php(410): WP_REST_Server->serve_request('/wp/v2/sendMail')
#6 /var/www/html/wp-includes/class-wp-hook.php(308): rest_api_loaded(Object(WP))
#7 /var/www/html/wp-includes/class-wp-hook.php(332): WP_Hook->apply_filters(NULL, Array)
#8 /var/www/html/wp-includes/plugin.php(565): WP_Hook->do_action(Array)
#9 /var/www/html/wp-includes/class-wp.php(399): do_action_ref_array('parse_request', Array)
#10 /var/www/html/wp-includes/class-wp.php(780): WP->parse_request('')
#11 /var/www/html/wp-includes/functions.php(1334): WP->main('')
#12 /var/www/html/wp-blog-header.php(16): wp()
#13 /var/www/html/index.php(17): require('/var/www/html/w...')
#14 {main}
  thrown in /var/www/html/wp-content/themes/my-theme/Classes/MailServise.php on line 18

2023-11-05T11:04:55+00:00 CRITICAL Uncaught Error: Call to undefined function App\Controllers\session() in /var/www/html/wp-content/themes/my-theme/Controllers/UserController.php:157
Stack trace:
#0 /var/www/html/wp-includes/rest-api/class-wp-rest-server.php(1187): App\Controllers\UserController->getCurrentUser(Object(WP_REST_Request))
#1 /var/www/html/wp-includes/rest-api/class-wp-rest-server.php(1034): WP_REST_Server->respond_to_request(Object(WP_REST_Request), '/wp/v2/users/cu...', Array, NULL)
#2 /var/www/html/wp-includes/rest-api/class-wp-rest-server.php(426): WP_REST_Server->dispatch(Object(WP_REST_Request))
#3 /var/www/html/wp-includes/rest-api.php(410): WP_REST_Server->serve_request('/wp/v2/users/cu...')
#4 /var/www/html/wp-includes/class-wp-hook.php(308): rest_api_loaded(Object(WP))
#5 /var/www/html/wp-includes/class-wp-hook.php(332): WP_Hook->apply_filters(NULL, Array)
#6 /var/www/html/wp-includes/plugin.php(565): WP_Hook->do_action(Array)
#7 /var/www/html/wp-includes/class-wp.php(399): do_action_ref_array('parse_request', Array)
#8 /var/www/html/wp-includes/class-wp.php(780): WP->parse_request('')
#9 /var/www/html/wp-includes/functions.php(1334): WP->main('')
#10 /var/www/html/wp-blog-header.php(16): wp()
#11 /var/www/html/index.php(17): require('/var/www/html/w...')
#12 {main}
  thrown in /var/www/html/wp-content/themes/my-theme/Controllers/UserController.php on line 157

